2018-11-11 19:32:49.892104: I tensorflow/core/platform/cpu_feature_guard.cc:140] Your CPU supports instructions that this TensorFlow binary was not compiled to use: AVX2 FMA
2018-11-11 19:32:51.947907: I tensorflow/core/common_runtime/gpu/gpu_device.cc:1356] Found device 0 with properties: 
name: Tesla P100-PCIE-16GB major: 6 minor: 0 memoryClockRate(GHz): 1.3285
pciBusID: 0000:81:00.0
totalMemory: 15.90GiB freeMemory: 15.61GiB
2018-11-11 19:32:51.947964: I tensorflow/core/common_runtime/gpu/gpu_device.cc:1435] Adding visible gpu devices: 0
2018-11-11 19:32:52.299731: I tensorflow/core/common_runtime/gpu/gpu_device.cc:923] Device interconnect StreamExecutor with strength 1 edge matrix:
2018-11-11 19:32:52.299794: I tensorflow/core/common_runtime/gpu/gpu_device.cc:929]      0 
2018-11-11 19:32:52.299805: I tensorflow/core/common_runtime/gpu/gpu_device.cc:942] 0:   N 
2018-11-11 19:32:52.300101: I tensorflow/core/common_runtime/gpu/gpu_device.cc:1053] Created TensorFlow device (/job:localhost/replica:0/task:0/device:GPU:0 with 15135 MB memory) -> physical GPU (device: 0, name: Tesla P100-PCIE-16GB, pci bus id: 0000:81:00.0, compute capability: 6.0)
2018-11-11 19:37:33.070345: I tensorflow/core/common_runtime/gpu/gpu_device.cc:1435] Adding visible gpu devices: 0
2018-11-11 19:37:33.070423: I tensorflow/core/common_runtime/gpu/gpu_device.cc:923] Device interconnect StreamExecutor with strength 1 edge matrix:
2018-11-11 19:37:33.070435: I tensorflow/core/common_runtime/gpu/gpu_device.cc:929]      0 
2018-11-11 19:37:33.070442: I tensorflow/core/common_runtime/gpu/gpu_device.cc:942] 0:   N 
2018-11-11 19:37:33.070630: I tensorflow/core/common_runtime/gpu/gpu_device.cc:1053] Created TensorFlow device (/job:localhost/replica:0/task:0/device:GPU:0 with 15135 MB memory) -> physical GPU (device: 0, name: Tesla P100-PCIE-16GB, pci bus id: 0000:81:00.0, compute capability: 6.0)
2018-11-11 19:43:27.923246: I tensorflow/core/common_runtime/gpu/gpu_device.cc:1435] Adding visible gpu devices: 0
2018-11-11 19:43:27.923328: I tensorflow/core/common_runtime/gpu/gpu_device.cc:923] Device interconnect StreamExecutor with strength 1 edge matrix:
2018-11-11 19:43:27.923341: I tensorflow/core/common_runtime/gpu/gpu_device.cc:929]      0 
2018-11-11 19:43:27.923349: I tensorflow/core/common_runtime/gpu/gpu_device.cc:942] 0:   N 
2018-11-11 19:43:27.923541: I tensorflow/core/common_runtime/gpu/gpu_device.cc:1053] Created TensorFlow device (/job:localhost/replica:0/task:0/device:GPU:0 with 15135 MB memory) -> physical GPU (device: 0, name: Tesla P100-PCIE-16GB, pci bus id: 0000:81:00.0, compute capability: 6.0)
2018-11-11 19:49:23.703610: I tensorflow/core/common_runtime/gpu/gpu_device.cc:1435] Adding visible gpu devices: 0
2018-11-11 19:49:23.703688: I tensorflow/core/common_runtime/gpu/gpu_device.cc:923] Device interconnect StreamExecutor with strength 1 edge matrix:
2018-11-11 19:49:23.703700: I tensorflow/core/common_runtime/gpu/gpu_device.cc:929]      0 
2018-11-11 19:49:23.703707: I tensorflow/core/common_runtime/gpu/gpu_device.cc:942] 0:   N 
2018-11-11 19:49:23.703894: I tensorflow/core/common_runtime/gpu/gpu_device.cc:1053] Created TensorFlow device (/job:localhost/replica:0/task:0/device:GPU:0 with 15135 MB memory) -> physical GPU (device: 0, name: Tesla P100-PCIE-16GB, pci bus id: 0000:81:00.0, compute capability: 6.0)
2018-11-11 19:54:46.363796: I tensorflow/core/common_runtime/gpu/gpu_device.cc:1435] Adding visible gpu devices: 0
2018-11-11 19:54:46.363868: I tensorflow/core/common_runtime/gpu/gpu_device.cc:923] Device interconnect StreamExecutor with strength 1 edge matrix:
2018-11-11 19:54:46.363878: I tensorflow/core/common_runtime/gpu/gpu_device.cc:929]      0 
2018-11-11 19:54:46.363884: I tensorflow/core/common_runtime/gpu/gpu_device.cc:942] 0:   N 
2018-11-11 19:54:46.364033: I tensorflow/core/common_runtime/gpu/gpu_device.cc:1053] Created TensorFlow device (/job:localhost/replica:0/task:0/device:GPU:0 with 15135 MB memory) -> physical GPU (device: 0, name: Tesla P100-PCIE-16GB, pci bus id: 0000:81:00.0, compute capability: 6.0)
/usr/lib/python3.5/importlib/_bootstrap.py:222: RuntimeWarning: numpy.dtype size changed, may indicate binary incompatibility. Expected 96, got 88
  return f(*args, **kwds)
/usr/lib/python3.5/importlib/_bootstrap.py:222: RuntimeWarning: numpy.dtype size changed, may indicate binary incompatibility. Expected 96, got 88
  return f(*args, **kwds)
/usr/lib/python3.5/importlib/_bootstrap.py:222: RuntimeWarning: numpy.dtype size changed, may indicate binary incompatibility. Expected 96, got 88
  return f(*args, **kwds)
/usr/lib/python3.5/importlib/_bootstrap.py:222: RuntimeWarning: numpy.dtype size changed, may indicate binary incompatibility. Expected 96, got 88
  return f(*args, **kwds)
/usr/lib/python3.5/importlib/_bootstrap.py:222: RuntimeWarning: numpy.dtype size changed, may indicate binary incompatibility. Expected 96, got 88
  return f(*args, **kwds)
/usr/lib/python3.5/importlib/_bootstrap.py:222: RuntimeWarning: numpy.dtype size changed, may indicate binary incompatibility. Expected 96, got 88
  return f(*args, **kwds)
/usr/lib/python3.5/importlib/_bootstrap.py:222: RuntimeWarning: numpy.dtype size changed, may indicate binary incompatibility. Expected 96, got 88
  return f(*args, **kwds)
Total words: 38658
epoch: 0, entropy: 0.00534541 accuracy: 0.61285716
epoch: 10, entropy: 1.58251e-05 accuracy: 0.65
epoch: 20, entropy: 5.74785e-06 accuracy: 0.66
epoch: 30, entropy: 2.9318e-06 accuracy: 0.66
epoch: 40, entropy: 1.74026e-06 accuracy: 0.6614286
epoch: 50, entropy: 1.12508e-06 accuracy: 0.6642857
epoch: 60, entropy: 7.65568e-07 accuracy: 0.6642857
epoch: 70, entropy: 5.40822e-07 accuracy: 0.6628571
epoch: 80, entropy: 3.91174e-07 accuracy: 0.6614286
epoch: 90, entropy: 2.89102e-07 accuracy: 0.66714287
epoch: 0, entropy: 0.482715 accuracy: 0.7157143
epoch: 10, entropy: 0.246211 accuracy: 0.7842857
epoch: 20, entropy: 0.244428 accuracy: 0.78571427
epoch: 30, entropy: 0.246465 accuracy: 0.7842857
epoch: 40, entropy: 0.256615 accuracy: 0.78571427
epoch: 50, entropy: 0.242802 accuracy: 0.7871429
epoch: 60, entropy: 0.246978 accuracy: 0.79
epoch: 70, entropy: 0.240656 accuracy: 0.7885714
epoch: 80, entropy: 0.244666 accuracy: 0.79285717
epoch: 90, entropy: 0.248395 accuracy: 0.7942857
epoch: 0, entropy: 0.770387 accuracy: 0.7242857
epoch: 10, entropy: 0.752787 accuracy: 0.75857145
epoch: 20, entropy: 0.735541 accuracy: 0.7614286
epoch: 30, entropy: 0.755241 accuracy: 0.76
epoch: 40, entropy: 0.727351 accuracy: 0.7614286
epoch: 50, entropy: 0.745229 accuracy: 0.7614286
epoch: 60, entropy: 0.753321 accuracy: 0.76428574
epoch: 70, entropy: 0.741693 accuracy: 0.7657143
epoch: 80, entropy: 0.751608 accuracy: 0.76714283
epoch: 90, entropy: 0.72677 accuracy: 0.77
epoch: 0, entropy: 1.36591 accuracy: 0.7757143
epoch: 10, entropy: 1.36319 accuracy: 0.8157143
epoch: 20, entropy: 1.34615 accuracy: 0.81142855
epoch: 30, entropy: 1.32315 accuracy: 0.81285715
epoch: 40, entropy: 1.33921 accuracy: 0.81714284
epoch: 50, entropy: 1.3323 accuracy: 0.81857145
epoch: 60, entropy: 1.32512 accuracy: 0.82
epoch: 70, entropy: 1.32845 accuracy: 0.8214286
epoch: 80, entropy: 1.32405 accuracy: 0.82285714
epoch: 90, entropy: 1.33888 accuracy: 0.82285714
epoch: 0, entropy: 2.04234 accuracy: 0.8042857
epoch: 10, entropy: 2.00781 accuracy: 0.85142857
epoch: 20, entropy: 1.98529 accuracy: 0.8542857
epoch: 30, entropy: 1.97066 accuracy: 0.85142857
epoch: 40, entropy: 1.99268 accuracy: 0.8528572
epoch: 50, entropy: 1.99797 accuracy: 0.8542857
epoch: 60, entropy: 1.99667 accuracy: 0.8542857
epoch: 70, entropy: 2.01813 accuracy: 0.8542857
epoch: 80, entropy: 1.97288 accuracy: 0.8542857
epoch: 90, entropy: 2.00598 accuracy: 0.8528572
{0.0: [0.0053454144, 0.00013413452, 7.992636e-05, 5.8638805e-05, 4.5351684e-05, 3.6150625e-05, 2.965685e-05, 2.4815876e-05, 2.11e-05, 1.8172983e-05, 1.5825148e-05, 1.390694e-05, 1.2320592e-05, 1.0990453e-05, 9.86965e-06, 8.91817e-06, 8.098892e-06, 7.3909787e-06, 6.7722285e-06, 6.2286354e-06, 5.747845e-06, 5.319199e-06, 4.935703e-06, 4.590761e-06, 4.2799925e-06, 4.0007176e-06, 3.746702e-06, 3.5146252e-06, 3.3037452e-06, 3.110443e-06, 2.9318037e-06, 2.7684237e-06, 2.6178775e-06, 2.477823e-06, 2.3483676e-06, 2.2287452e-06, 2.1167418e-06, 2.0128055e-06, 1.9162119e-06, 1.824918e-06, 1.7402647e-06, 1.6613584e-06, 1.5861128e-06, 1.5161672e-06, 1.4503084e-06, 1.3879827e-06, 1.3288711e-06, 1.2740167e-06, 1.2216099e-06, 1.1725876e-06, 1.1250764e-06, 1.0794809e-06, 1.0374615e-06, 9.973577e-07, 9.594891e-07, 9.233019e-07, 8.8890283e-07, 8.560789e-07, 8.246597e-07, 7.943049e-07, 7.6556785e-07, 7.385763e-07, 7.1256386e-07, 6.8757316e-07, 6.6339135e-07, 6.410189e-07, 6.1885936e-07, 5.982536e-07, 5.786697e-07, 5.596392e-07, 5.408216e-07, 5.233237e-07, 5.059748e-07, 4.896265e-07, 4.739805e-07, 4.591009e-07, 4.4454063e-07, 4.3038474e-07, 4.169101e-07, 4.037759e-07, 3.9117398e-07, 3.794448e-07, 3.6803493e-07, 3.5690178e-07, 3.458112e-07, 3.3561471e-07, 3.2516274e-07, 3.15988e-07, 3.0643008e-07, 2.9763848e-07, 2.8910233e-07, 2.8054487e-07, 2.722429e-07, 2.6415378e-07, 2.56831e-07, 2.4980625e-07, 2.4295176e-07, 2.3616116e-07, 2.2934924e-07, 2.2238831e-07], 0.2: [0.4827155, 0.25352928, 0.2584826, 0.24900761, 0.24948268, 0.26034772, 0.25120834, 0.2559091, 0.22843903, 0.25181818, 0.24621111, 0.26041478, 0.23113845, 0.25689995, 0.24954252, 0.23745228, 0.24500977, 0.24358651, 0.24649397, 0.26209465, 0.24442804, 0.23873892, 0.23817001, 0.252662, 0.2614441, 0.24539778, 0.24850723, 0.24177521, 0.26164907, 0.24500419, 0.24646501, 0.25253218, 0.24402778, 0.24638161, 0.25317436, 0.24656536, 0.24959253, 0.24864624, 0.24658722, 0.24677224, 0.2566148, 0.2400621, 0.26599595, 0.251722, 0.24163544, 0.24116267, 0.24664104, 0.23465537, 0.25916985, 0.2385836, 0.2428016, 0.25536093, 0.26311955, 0.2440382, 0.25988752, 0.24791102, 0.2615822, 0.254761, 0.2596263, 0.22842713, 0.24697833, 0.23582493, 0.25913623, 0.26108658, 0.24906915, 0.25152293, 0.24438888, 0.24569362, 0.24286613, 0.23771916, 0.24065597, 0.2494714, 0.25932077, 0.25686735, 0.24587199, 0.25375897, 0.24036036, 0.23495218, 0.24200505, 0.2512839, 0.24466592, 0.23803802, 0.25310656, 0.25854796, 0.24588808, 0.23105606, 0.2511611, 0.24894376, 0.252035, 0.23990706, 0.24839523, 0.24169527, 0.25035596, 0.25673494, 0.23346904, 0.2418008, 0.25749016, 0.25991777, 0.24751979, 0.25170168], 0.6: [1.3659132, 1.3344916, 1.3226303, 1.3454959, 1.326106, 1.3175343, 1.3227401, 1.3240315, 1.3167084, 1.3473911, 1.3631942, 1.3454322, 1.3352698, 1.3086638, 1.3269717, 1.3484703, 1.3425368, 1.3374444, 1.3315305, 1.3167006, 1.3461496, 1.3455511, 1.3698989, 1.3335652, 1.33776, 1.3553284, 1.3407872, 1.3107866, 1.3434176, 1.3386997, 1.3231453, 1.3322879, 1.3343731, 1.3469768, 1.321783, 1.2971551, 1.324414, 1.3436376, 1.328935, 1.3413764, 1.3392128, 1.3323933, 1.3307722, 1.3364258, 1.3248234, 1.3223947, 1.3097956, 1.3392096, 1.3143297, 1.3475081, 1.3322966, 1.3185936, 1.3468555, 1.3308946, 1.3282495, 1.3419201, 1.3219613, 1.3142551, 1.3407962, 1.328409, 1.32512, 1.3209405, 1.3398544, 1.326807, 1.3371738, 1.3233458, 1.3353547, 1.3380353, 1.3512529, 1.3445227, 1.3284527, 1.3490494, 1.336182, 1.3348902, 1.330039, 1.3485336, 1.3319347, 1.3260721, 1.3567168, 1.3705527, 1.32405, 1.3338388, 1.3539842, 1.3390777, 1.3495437, 1.3311112, 1.3686824, 1.3104534, 1.3548943, 1.3230575, 1.3388826, 1.3549037, 1.3129547, 1.3305458, 1.3493109, 1.3261368, 1.3419132, 1.3439158, 1.3404939, 1.3201289], 0.8: [2.0423393, 2.0129838, 1.9866608, 1.9955399, 1.9878442, 2.0100386, 1.9838761, 1.9885161, 1.9969562, 1.9944974, 2.007809, 2.0071878, 1.9968101, 1.9925348, 1.9628296, 1.9962538, 1.9883397, 1.9966483, 1.9875497, 1.9816351, 1.985289, 1.9623284, 2.0020518, 1.9882556, 1.9930974, 1.9780402, 1.9991481, 2.009951, 1.9960873, 2.0062993, 1.9706613, 1.9963669, 1.9946882, 1.9987081, 1.9938577, 1.9868413, 1.9997687, 2.001988, 1.9996119, 1.9943609, 1.9926777, 1.986165, 2.0047722, 1.980998, 1.9960297, 1.9619702, 2.0180037, 2.002069, 2.0148823, 2.030965, 1.9979663, 2.0046527, 1.9798939, 1.9819558, 1.9721856, 1.9860064, 2.0044389, 1.9802456, 1.9864705, 2.0107458, 1.9966657, 1.9717429, 1.9679509, 1.9905745, 1.9966205, 1.9850256, 1.9752268, 2.0053818, 1.9780203, 1.9902759, 2.0181344, 1.9928868, 1.9761108, 1.9890646, 2.0031552, 1.9917837, 1.9976312, 1.9903605, 2.008118, 1.9898492, 1.9728794, 1.9753462, 2.0122886, 1.9734293, 1.9865733, 1.9686328, 1.985286, 2.0112724, 1.9795109, 1.985019, 2.005977, 1.9943426, 1.9923894, 1.9933648, 1.991402, 1.994353, 1.9806433, 1.9960142, 1.9977534, 2.0013223], 0.4: [0.7703868, 0.72145766, 0.7226643, 0.728692, 0.73123056, 0.7317967, 0.7444846, 0.72092617, 0.7481741, 0.7414125, 0.7527874, 0.7452824, 0.7454474, 0.7529206, 0.73900515, 0.71508926, 0.7579349, 0.7298819, 0.7347588, 0.72775745, 0.7355413, 0.7375379, 0.7575523, 0.72289157, 0.72248554, 0.72863, 0.74216527, 0.74456, 0.7391011, 0.74114186, 0.75524116, 0.7375582, 0.72277355, 0.7320622, 0.7626838, 0.7706122, 0.7384478, 0.7370238, 0.7286993, 0.7514667, 0.72735125, 0.73038167, 0.7146566, 0.73690724, 0.72976035, 0.7378223, 0.73855156, 0.7511617, 0.73361295, 0.73017526, 0.74522895, 0.73460853, 0.7417566, 0.7216468, 0.723883, 0.74591553, 0.72562855, 0.7296953, 0.7335139, 0.7465057, 0.7533212, 0.7534633, 0.7459419, 0.73621094, 0.7390203, 0.7476181, 0.7456781, 0.7600516, 0.7130912, 0.71573657, 0.7416934, 0.7439737, 0.7372611, 0.714982, 0.7474387, 0.7470626, 0.7452945, 0.7506288, 0.7542173, 0.7517042, 0.75160784, 0.7216703, 0.74629986, 0.73023915, 0.73674977, 0.7249987, 0.7550687, 0.73865783, 0.73849016, 0.7330594, 0.72677004, 0.755934, 0.7222612, 0.7281242, 0.72017026, 0.7632152, 0.7449128, 0.73960894, 0.7431773, 0.7526599]}
{0.0: [0.61285716, 0.64428574, 0.6457143, 0.64857143, 0.6514286, 0.6528571, 0.6528571, 0.6528571, 0.6514286, 0.65, 0.65, 0.64857143, 0.6528571, 0.6528571, 0.6528571, 0.6542857, 0.6542857, 0.6571429, 0.6571429, 0.6571429, 0.66, 0.6585714, 0.6585714, 0.6585714, 0.6585714, 0.6585714, 0.6585714, 0.66, 0.66, 0.66, 0.66, 0.66, 0.66, 0.6585714, 0.6585714, 0.66, 0.66, 0.6614286, 0.6614286, 0.6614286, 0.6614286, 0.6614286, 0.6614286, 0.6614286, 0.6614286, 0.6614286, 0.6614286, 0.6614286, 0.6628571, 0.6628571, 0.6642857, 0.6642857, 0.6642857, 0.6642857, 0.6642857, 0.6642857, 0.6642857, 0.6642857, 0.6642857, 0.6642857, 0.6642857, 0.6642857, 0.6642857, 0.6628571, 0.6628571, 0.6628571, 0.6628571, 0.6628571, 0.6628571, 0.6628571, 0.6628571, 0.6614286, 0.6614286, 0.6614286, 0.6614286, 0.6614286, 0.6614286, 0.6614286, 0.6614286, 0.6614286, 0.6614286, 0.6614286, 0.6628571, 0.6642857, 0.6642857, 0.6642857, 0.6642857, 0.6642857, 0.66571426, 0.66714287, 0.66714287, 0.66714287, 0.6685714, 0.6685714, 0.6685714, 0.6685714, 0.6685714, 0.6685714, 0.6685714, 0.6685714], 0.2: [0.7157143, 0.7614286, 0.76714283, 0.7714286, 0.7771429, 0.7828571, 0.7814286, 0.7842857, 0.78571427, 0.78571427, 0.7842857, 0.78571427, 0.7842857, 0.7871429, 0.7842857, 0.7871429, 0.7842857, 0.7842857, 0.7885714, 0.7871429, 0.78571427, 0.7871429, 0.78571427, 0.7842857, 0.78571427, 0.7871429, 0.78571427, 0.7842857, 0.7842857, 0.7842857, 0.7842857, 0.78571427, 0.78571427, 0.78571427, 0.7871429, 0.7828571, 0.78571427, 0.78571427, 0.78571427, 0.78571427, 0.78571427, 0.78571427, 0.7871429, 0.7871429, 0.7871429, 0.78571427, 0.78571427, 0.7871429, 0.78571427, 0.7871429, 0.7871429, 0.7871429, 0.7871429, 0.78571427, 0.7871429, 0.7871429, 0.7871429, 0.7885714, 0.79, 0.79, 0.79, 0.79, 0.79, 0.79142857, 0.79, 0.79142857, 0.79, 0.79, 0.79, 0.79, 0.7885714, 0.79, 0.79142857, 0.79285717, 0.79142857, 0.79142857, 0.79142857, 0.79, 0.79, 0.79, 0.79285717, 0.79285717, 0.79, 0.7942857, 0.79, 0.7942857, 0.79142857, 0.7942857, 0.79285717, 0.7942857, 0.7942857, 0.7942857, 0.7942857, 0.79285717, 0.7942857, 0.7942857, 0.7942857, 0.7942857, 0.7942857, 0.7942857], 0.6: [0.7757143, 0.80857146, 0.81285715, 0.81142855, 0.8142857, 0.8157143, 0.81714284, 0.8157143, 0.8157143, 0.8157143, 0.8157143, 0.8157143, 0.8142857, 0.8142857, 0.81285715, 0.81142855, 0.81142855, 0.81142855, 0.81142855, 0.81142855, 0.81142855, 0.81, 0.81, 0.81, 0.81, 0.81142855, 0.81, 0.81285715, 0.81285715, 0.81285715, 0.81285715, 0.8142857, 0.81285715, 0.8142857, 0.8142857, 0.8142857, 0.8142857, 0.8157143, 0.8157143, 0.8157143, 0.81714284, 0.81714284, 0.81714284, 0.81714284, 0.81714284, 0.81857145, 0.81857145, 0.81857145, 0.81857145, 0.81857145, 0.81857145, 0.81857145, 0.81857145, 0.81857145, 0.81857145, 0.81857145, 0.81857145, 0.81857145, 0.81857145, 0.81857145, 0.82, 0.82, 0.82, 0.81857145, 0.82, 0.82, 0.82, 0.82, 0.82, 0.82, 0.8214286, 0.82, 0.8214286, 0.82, 0.82285714, 0.82285714, 0.82285714, 0.82285714, 0.82285714, 0.82285714, 0.82285714, 0.82285714, 0.82285714, 0.82285714, 0.82285714, 0.82285714, 0.82285714, 0.82285714, 0.8242857, 0.8242857, 0.82285714, 0.8242857, 0.8242857, 0.8257143, 0.8257143, 0.8257143, 0.8257143, 0.8257143, 0.8257143, 0.8257143], 0.8: [0.8042857, 0.85142857, 0.85142857, 0.8528572, 0.85142857, 0.8528572, 0.85142857, 0.8528572, 0.8542857, 0.8542857, 0.85142857, 0.85142857, 0.85142857, 0.8542857, 0.85571426, 0.8542857, 0.8542857, 0.85571426, 0.85571426, 0.85571426, 0.8542857, 0.8542857, 0.8542857, 0.8542857, 0.8542857, 0.8542857, 0.8542857, 0.8528572, 0.8528572, 0.85142857, 0.85142857, 0.85142857, 0.85142857, 0.85142857, 0.8528572, 0.85142857, 0.8528572, 0.8528572, 0.8528572, 0.8528572, 0.8528572, 0.8528572, 0.8528572, 0.8528572, 0.8528572, 0.8528572, 0.8528572, 0.8542857, 0.8542857, 0.8542857, 0.8542857, 0.8542857, 0.8528572, 0.8528572, 0.8542857, 0.8542857, 0.8542857, 0.8528572, 0.8528572, 0.8542857, 0.8542857, 0.8542857, 0.8542857, 0.8542857, 0.8542857, 0.8542857, 0.8542857, 0.8542857, 0.8542857, 0.8542857, 0.8542857, 0.8542857, 0.8542857, 0.8542857, 0.8542857, 0.8542857, 0.8542857, 0.8542857, 0.8542857, 0.8542857, 0.8542857, 0.8542857, 0.8542857, 0.8528572, 0.8542857, 0.8528572, 0.8528572, 0.8528572, 0.8528572, 0.8528572, 0.8528572, 0.8528572, 0.8528572, 0.8528572, 0.8528572, 0.8528572, 0.8528572, 0.8528572, 0.8528572, 0.8528572], 0.4: [0.7242857, 0.75714284, 0.75857145, 0.76, 0.75714284, 0.75714284, 0.75857145, 0.7557143, 0.75857145, 0.75714284, 0.75857145, 0.75857145, 0.75857145, 0.75857145, 0.75714284, 0.76, 0.75857145, 0.75857145, 0.76, 0.7614286, 0.7614286, 0.7614286, 0.76, 0.76, 0.76, 0.76, 0.76, 0.76, 0.76, 0.76, 0.76, 0.76, 0.76, 0.76, 0.76, 0.76, 0.76, 0.7614286, 0.7614286, 0.7614286, 0.7614286, 0.7614286, 0.7614286, 0.76285714, 0.76285714, 0.76285714, 0.76285714, 0.76285714, 0.7614286, 0.7614286, 0.7614286, 0.7614286, 0.7614286, 0.7614286, 0.76285714, 0.76285714, 0.76285714, 0.76428574, 0.76428574, 0.76428574, 0.76428574, 0.76428574, 0.76428574, 0.76428574, 0.76428574, 0.7657143, 0.7657143, 0.7657143, 0.7657143, 0.7657143, 0.7657143, 0.7657143, 0.76714283, 0.76714283, 0.76857144, 0.76857144, 0.76714283, 0.76714283, 0.76714283, 0.76714283, 0.76714283, 0.76714283, 0.76714283, 0.76714283, 0.76714283, 0.76714283, 0.76714283, 0.76714283, 0.76714283, 0.77, 0.77, 0.77, 0.77, 0.77, 0.77, 0.77, 0.77, 0.77, 0.77, 0.77]}
