2018-11-11 16:55:11.464310: I tensorflow/core/platform/cpu_feature_guard.cc:140] Your CPU supports instructions that this TensorFlow binary was not compiled to use: AVX2 FMA
2018-11-11 16:55:13.205193: I tensorflow/core/common_runtime/gpu/gpu_device.cc:1356] Found device 0 with properties: 
name: Tesla P100-PCIE-16GB major: 6 minor: 0 memoryClockRate(GHz): 1.3285
pciBusID: 0000:81:00.0
totalMemory: 15.90GiB freeMemory: 15.61GiB
2018-11-11 16:55:13.205241: I tensorflow/core/common_runtime/gpu/gpu_device.cc:1435] Adding visible gpu devices: 0
2018-11-11 16:55:13.550410: I tensorflow/core/common_runtime/gpu/gpu_device.cc:923] Device interconnect StreamExecutor with strength 1 edge matrix:
2018-11-11 16:55:13.550463: I tensorflow/core/common_runtime/gpu/gpu_device.cc:929]      0 
2018-11-11 16:55:13.550472: I tensorflow/core/common_runtime/gpu/gpu_device.cc:942] 0:   N 
2018-11-11 16:55:13.550907: I tensorflow/core/common_runtime/gpu/gpu_device.cc:1053] Created TensorFlow device (/job:localhost/replica:0/task:0/device:GPU:0 with 15135 MB memory) -> physical GPU (device: 0, name: Tesla P100-PCIE-16GB, pci bus id: 0000:81:00.0, compute capability: 6.0)
2018-11-11 17:00:03.771124: I tensorflow/core/common_runtime/gpu/gpu_device.cc:1435] Adding visible gpu devices: 0
2018-11-11 17:00:03.771198: I tensorflow/core/common_runtime/gpu/gpu_device.cc:923] Device interconnect StreamExecutor with strength 1 edge matrix:
2018-11-11 17:00:03.771207: I tensorflow/core/common_runtime/gpu/gpu_device.cc:929]      0 
2018-11-11 17:00:03.771212: I tensorflow/core/common_runtime/gpu/gpu_device.cc:942] 0:   N 
2018-11-11 17:00:03.771394: I tensorflow/core/common_runtime/gpu/gpu_device.cc:1053] Created TensorFlow device (/job:localhost/replica:0/task:0/device:GPU:0 with 15135 MB memory) -> physical GPU (device: 0, name: Tesla P100-PCIE-16GB, pci bus id: 0000:81:00.0, compute capability: 6.0)
2018-11-11 17:04:45.479591: I tensorflow/core/common_runtime/gpu/gpu_device.cc:1435] Adding visible gpu devices: 0
2018-11-11 17:04:45.479648: I tensorflow/core/common_runtime/gpu/gpu_device.cc:923] Device interconnect StreamExecutor with strength 1 edge matrix:
2018-11-11 17:04:45.479656: I tensorflow/core/common_runtime/gpu/gpu_device.cc:929]      0 
2018-11-11 17:04:45.479661: I tensorflow/core/common_runtime/gpu/gpu_device.cc:942] 0:   N 
2018-11-11 17:04:45.479817: I tensorflow/core/common_runtime/gpu/gpu_device.cc:1053] Created TensorFlow device (/job:localhost/replica:0/task:0/device:GPU:0 with 15135 MB memory) -> physical GPU (device: 0, name: Tesla P100-PCIE-16GB, pci bus id: 0000:81:00.0, compute capability: 6.0)
2018-11-11 17:09:11.427987: I tensorflow/core/common_runtime/gpu/gpu_device.cc:1435] Adding visible gpu devices: 0
2018-11-11 17:09:11.428052: I tensorflow/core/common_runtime/gpu/gpu_device.cc:923] Device interconnect StreamExecutor with strength 1 edge matrix:
2018-11-11 17:09:11.428061: I tensorflow/core/common_runtime/gpu/gpu_device.cc:929]      0 
2018-11-11 17:09:11.428067: I tensorflow/core/common_runtime/gpu/gpu_device.cc:942] 0:   N 
2018-11-11 17:09:11.428253: I tensorflow/core/common_runtime/gpu/gpu_device.cc:1053] Created TensorFlow device (/job:localhost/replica:0/task:0/device:GPU:0 with 15135 MB memory) -> physical GPU (device: 0, name: Tesla P100-PCIE-16GB, pci bus id: 0000:81:00.0, compute capability: 6.0)
2018-11-11 17:13:36.223144: I tensorflow/core/common_runtime/gpu/gpu_device.cc:1435] Adding visible gpu devices: 0
2018-11-11 17:13:36.223210: I tensorflow/core/common_runtime/gpu/gpu_device.cc:923] Device interconnect StreamExecutor with strength 1 edge matrix:
2018-11-11 17:13:36.223218: I tensorflow/core/common_runtime/gpu/gpu_device.cc:929]      0 
2018-11-11 17:13:36.223223: I tensorflow/core/common_runtime/gpu/gpu_device.cc:942] 0:   N 
2018-11-11 17:13:36.223386: I tensorflow/core/common_runtime/gpu/gpu_device.cc:1053] Created TensorFlow device (/job:localhost/replica:0/task:0/device:GPU:0 with 15135 MB memory) -> physical GPU (device: 0, name: Tesla P100-PCIE-16GB, pci bus id: 0000:81:00.0, compute capability: 6.0)
/usr/lib/python3.5/importlib/_bootstrap.py:222: RuntimeWarning: numpy.dtype size changed, may indicate binary incompatibility. Expected 96, got 88
  return f(*args, **kwds)
/usr/lib/python3.5/importlib/_bootstrap.py:222: RuntimeWarning: numpy.dtype size changed, may indicate binary incompatibility. Expected 96, got 88
  return f(*args, **kwds)
/usr/lib/python3.5/importlib/_bootstrap.py:222: RuntimeWarning: numpy.dtype size changed, may indicate binary incompatibility. Expected 96, got 88
  return f(*args, **kwds)
/usr/lib/python3.5/importlib/_bootstrap.py:222: RuntimeWarning: numpy.dtype size changed, may indicate binary incompatibility. Expected 96, got 88
  return f(*args, **kwds)
/usr/lib/python3.5/importlib/_bootstrap.py:222: RuntimeWarning: numpy.dtype size changed, may indicate binary incompatibility. Expected 96, got 88
  return f(*args, **kwds)
/usr/lib/python3.5/importlib/_bootstrap.py:222: RuntimeWarning: numpy.dtype size changed, may indicate binary incompatibility. Expected 96, got 88
  return f(*args, **kwds)
/usr/lib/python3.5/importlib/_bootstrap.py:222: RuntimeWarning: numpy.dtype size changed, may indicate binary incompatibility. Expected 96, got 88
  return f(*args, **kwds)
Total words: 38658
epoch: 0, entropy: 2.66733 accuracy: 0.07571428
epoch: 10, entropy: 0.0157961 accuracy: 0.89857143
epoch: 20, entropy: 0.00194703 accuracy: 0.9071429
epoch: 30, entropy: 0.000893125 accuracy: 0.9071429
epoch: 40, entropy: 0.000462976 accuracy: 0.9028571
epoch: 50, entropy: 0.000311703 accuracy: 0.9014286
epoch: 60, entropy: 0.000216104 accuracy: 0.9042857
epoch: 70, entropy: 0.000153474 accuracy: 0.9014286
epoch: 80, entropy: 0.00011109 accuracy: 0.9014286
epoch: 90, entropy: 8.03617e-05 accuracy: 0.9028571
epoch: 0, entropy: 2.66283 accuracy: 0.07285714
epoch: 10, entropy: 0.336708 accuracy: 0.92714286
epoch: 20, entropy: 0.28787 accuracy: 0.9242857
epoch: 30, entropy: 0.361531 accuracy: 0.93714285
epoch: 40, entropy: 0.301785 accuracy: 0.93285716
epoch: 50, entropy: 0.186786 accuracy: 0.9285714
epoch: 60, entropy: 0.317398 accuracy: 0.9242857
epoch: 70, entropy: 0.210816 accuracy: 0.9257143
epoch: 80, entropy: 0.222298 accuracy: 0.9285714
epoch: 90, entropy: 0.176201 accuracy: 0.93142855
epoch: 0, entropy: 2.6905 accuracy: 0.071428575
epoch: 10, entropy: 1.15093 accuracy: 0.89857143
epoch: 20, entropy: 1.05155 accuracy: 0.92285717
epoch: 30, entropy: 0.712126 accuracy: 0.92
epoch: 40, entropy: 0.82197 accuracy: 0.92
epoch: 50, entropy: 0.65269 accuracy: 0.93
epoch: 60, entropy: 0.691733 accuracy: 0.9357143
epoch: 70, entropy: 0.807504 accuracy: 0.9242857
epoch: 80, entropy: 0.719257 accuracy: 0.9257143
epoch: 90, entropy: 0.825369 accuracy: 0.9185714
epoch: 0, entropy: 2.69479 accuracy: 0.071428575
epoch: 10, entropy: 2.29361 accuracy: 0.29
epoch: 20, entropy: 1.85858 accuracy: 0.62142855
epoch: 30, entropy: 1.87979 accuracy: 0.72
epoch: 40, entropy: 1.87244 accuracy: 0.7114286
epoch: 50, entropy: 1.72403 accuracy: 0.7157143
epoch: 60, entropy: 1.90663 accuracy: 0.75
epoch: 70, entropy: 1.85256 accuracy: 0.6042857
epoch: 80, entropy: 1.46738 accuracy: 0.68142855
epoch: 90, entropy: 1.5486 accuracy: 0.73285717
epoch: 0, entropy: 2.70372 accuracy: 0.07285714
epoch: 10, entropy: 2.63767 accuracy: 0.13857143
epoch: 20, entropy: 2.54333 accuracy: 0.2242857
epoch: 30, entropy: 2.62553 accuracy: 0.38142857
epoch: 40, entropy: 2.54086 accuracy: 0.4
epoch: 50, entropy: 2.5698 accuracy: 0.4342857
epoch: 60, entropy: 2.5345 accuracy: 0.4857143
epoch: 70, entropy: 2.44609 accuracy: 0.4857143
epoch: 80, entropy: 2.50062 accuracy: 0.45714286
epoch: 90, entropy: 2.49041 accuracy: 0.49714285
{0.0: [2.6673274, 2.0510755, 1.0570209, 0.5912862, 0.23108825, 0.069964305, 0.02844578, 0.016178306, 0.0640084, 0.041700795, 0.015796117, 0.014352459, 0.0064841146, 0.006322289, 0.007209732, 0.013433846, 0.019503674, 0.017309286, 0.0032408333, 0.0024062041, 0.001947035, 0.0017709618, 0.001565598, 0.0015555257, 0.001353304, 0.0011793303, 0.0010321438, 0.0010763034, 0.00094513077, 0.00083695585, 0.0008931255, 0.00071321835, 0.00073337235, 0.00073029543, 0.0006846345, 0.0006188169, 0.00068755966, 0.0005569348, 0.00055834395, 0.00051157153, 0.0004629758, 0.00046451634, 0.00044128843, 0.00042313413, 0.00038091862, 0.00038618746, 0.00036277733, 0.00034217114, 0.00033730277, 0.0003240027, 0.00031170336, 0.0002989574, 0.0002994833, 0.00031031, 0.00026392663, 0.00027829513, 0.00025200628, 0.00024295638, 0.00021399406, 0.00021601608, 0.00021610365, 0.00021014095, 0.00018457205, 0.00020713721, 0.0001878928, 0.00019829483, 0.00017976624, 0.0001541108, 0.00015085061, 0.00016601609, 0.00015347445, 0.00015067465, 0.00014309073, 0.0001409796, 0.00014470282, 0.00014446542, 0.00012471671, 0.00012415528, 0.000113904076, 0.000120295925, 0.000111090136, 0.000114448136, 0.00011572703, 0.00010147299, 0.00010282714, 9.331191e-05, 9.586818e-05, 8.34899e-05, 8.271247e-05, 9.4368515e-05, 8.036166e-05, 7.802469e-05, 8.5083586e-05, 7.7212884e-05, 7.5045355e-05, 8.1051374e-05, 7.0558744e-05, 7.386466e-05, 7.815982e-05, 6.458457e-05], 0.2: [2.6628323, 2.4900227, 1.0457237, 0.8142643, 0.5153356, 0.45284307, 0.35887015, 0.4096897, 0.36787397, 0.29811877, 0.33670807, 0.37320936, 0.30745816, 0.3690738, 0.38265467, 0.40952826, 0.2670464, 0.24477145, 0.29132533, 0.29333705, 0.28787002, 0.3441103, 0.3311252, 0.1823459, 0.28757063, 0.28993922, 0.36634982, 0.28714332, 0.2194415, 0.15627325, 0.3615315, 0.21616778, 0.29279572, 0.4178934, 0.22487512, 0.33649284, 0.25568986, 0.30499235, 0.26511794, 0.3059287, 0.30178532, 0.3527742, 0.3879404, 0.21684915, 0.37035406, 0.25465846, 0.3267067, 0.3028478, 0.22329417, 0.30699626, 0.18678561, 0.24022737, 0.19269565, 0.19632626, 0.3343038, 0.25198963, 0.2516554, 0.1886251, 0.18282548, 0.21332148, 0.3173982, 0.33386695, 0.30188337, 0.31083608, 0.3856025, 0.45382434, 0.23437281, 0.1637144, 0.32696843, 0.34985816, 0.21081561, 0.24582987, 0.33617854, 0.23308952, 0.22123495, 0.2728285, 0.25664118, 0.28958565, 0.22222273, 0.19417892, 0.22229809, 0.2406064, 0.39831796, 0.31694144, 0.24532478, 0.29317796, 0.19308865, 0.24414575, 0.23013261, 0.24599113, 0.1762012, 0.28980893, 0.18495019, 0.23104972, 0.29762572, 0.32017004, 0.22793952, 0.30060673, 0.20129332, 0.32354784], 0.6: [2.694786, 2.6932077, 2.6796856, 2.6972444, 2.5836105, 2.542656, 2.2896566, 2.3966942, 2.47127, 2.2713342, 2.2936087, 2.0400782, 2.0355744, 2.1250892, 2.1657195, 2.0592265, 2.0767817, 1.9643185, 1.989523, 1.9835489, 1.8585801, 2.0179276, 1.9711964, 1.9417913, 1.8822778, 1.8046718, 1.9925632, 1.8999376, 1.9100112, 1.807409, 1.8797877, 1.8152559, 1.8940889, 1.624733, 1.7746135, 1.8905514, 1.6002206, 1.8265316, 1.8347046, 1.8263893, 1.8724366, 2.1423898, 1.7651863, 1.649239, 1.5216205, 1.6595944, 1.6000757, 1.812509, 1.8913033, 1.7432697, 1.7240272, 1.6114812, 1.6449502, 1.7993438, 1.5740888, 1.6494231, 1.7167897, 1.8112564, 1.6401663, 1.6463389, 1.9066298, 1.6278715, 1.7189692, 1.7044977, 1.6161647, 1.5556355, 1.7877247, 1.570632, 1.6554598, 1.6141374, 1.852556, 1.5330162, 1.8465706, 1.4803731, 1.7540913, 1.6523218, 1.646257, 1.5115114, 1.7378697, 1.7226182, 1.4673762, 1.645565, 1.6651037, 1.5542188, 1.6575012, 1.5617669, 1.4959073, 1.5000949, 1.8090734, 1.5462587, 1.5485992, 1.6390975, 1.5842927, 1.5388582, 1.5098877, 1.6034952, 1.6016695, 1.312412, 1.6375494, 1.8449961], 0.8: [2.7037213, 2.6865692, 2.7046165, 2.6922941, 2.7048168, 2.6959083, 2.6823108, 2.686423, 2.689808, 2.686199, 2.6376731, 2.6687465, 2.6283917, 2.6373625, 2.6355975, 2.6065674, 2.6510954, 2.6102364, 2.5936942, 2.6680107, 2.543333, 2.5530996, 2.6359882, 2.5140038, 2.5967689, 2.5833287, 2.6047077, 2.4737494, 2.5086026, 2.522145, 2.6255345, 2.5156856, 2.5063822, 2.5099406, 2.5450184, 2.5451, 2.424913, 2.5105927, 2.5026913, 2.492557, 2.5408592, 2.4722757, 2.4945397, 2.50403, 2.4514575, 2.4582343, 2.5629363, 2.4106708, 2.5459452, 2.498927, 2.5697956, 2.494412, 2.5027714, 2.5447335, 2.3947253, 2.506422, 2.4578485, 2.4936032, 2.495358, 2.5122042, 2.5344968, 2.4733887, 2.4007432, 2.4594383, 2.542046, 2.4652975, 2.4831562, 2.4510396, 2.414825, 2.5062828, 2.4460886, 2.41187, 2.4101737, 2.489193, 2.413886, 2.4543102, 2.3890243, 2.524569, 2.564741, 2.3404005, 2.5006166, 2.4463973, 2.3165855, 2.4592562, 2.5090313, 2.4934604, 2.4015565, 2.429949, 2.424873, 2.3510222, 2.4904077, 2.488943, 2.4073393, 2.5369964, 2.4237912, 2.4855547, 2.41055, 2.4061937, 2.4485538, 2.4591892], 0.4: [2.6905007, 2.6768475, 2.163886, 1.8021605, 1.5065436, 1.4162493, 1.2727679, 1.1545469, 1.2628956, 1.0816871, 1.150934, 0.86498344, 0.943451, 1.1361108, 0.891172, 0.9637329, 0.85792613, 0.8237289, 0.9396379, 0.7289254, 1.0515484, 1.014013, 0.8151578, 0.7618907, 0.8179902, 0.7557672, 0.9817389, 0.8993005, 0.8578908, 0.87841916, 0.7121265, 0.9642239, 0.82797533, 0.79333234, 0.7978445, 0.86781657, 0.80988544, 0.7353555, 0.9696919, 0.7322314, 0.82197034, 0.9098236, 0.87484175, 0.8693644, 0.84347486, 0.8475225, 0.7706079, 1.0778816, 0.97663414, 0.7740809, 0.65268975, 0.6988034, 0.71667385, 0.8467625, 0.8391435, 0.98768574, 0.7828696, 0.83410114, 0.8900933, 0.8937862, 0.69173276, 0.78789806, 0.61907864, 0.8835054, 0.72511023, 0.78580195, 0.87064296, 0.7712959, 0.8586237, 0.90177, 0.8075042, 0.9108882, 0.91301244, 0.8248627, 0.81350505, 0.72065926, 0.77921224, 0.82856244, 0.89532006, 0.94097614, 0.7192567, 0.9394741, 0.8706644, 0.68623, 0.6935552, 0.71705806, 0.8444948, 0.72897553, 0.7187425, 0.849911, 0.8253685, 0.7999954, 0.80313677, 0.7027147, 0.820872, 0.88426405, 0.8518487, 0.94607216, 0.82486963, 0.86802876]}
{0.0: [0.07571428, 0.2557143, 0.5557143, 0.7714286, 0.8457143, 0.8642857, 0.8814286, 0.88857144, 0.8957143, 0.89428574, 0.89857143, 0.8971428, 0.8914286, 0.9, 0.89285713, 0.89285713, 0.9057143, 0.8971428, 0.9028571, 0.9, 0.9071429, 0.9085714, 0.9085714, 0.9057143, 0.9057143, 0.9042857, 0.9042857, 0.9028571, 0.9057143, 0.9057143, 0.9071429, 0.9057143, 0.9085714, 0.9071429, 0.9071429, 0.9057143, 0.9057143, 0.9057143, 0.9057143, 0.9028571, 0.9028571, 0.9028571, 0.9028571, 0.9028571, 0.9028571, 0.9028571, 0.9028571, 0.9028571, 0.9028571, 0.9014286, 0.9014286, 0.9014286, 0.9014286, 0.9014286, 0.9028571, 0.9042857, 0.9042857, 0.9042857, 0.9057143, 0.9042857, 0.9042857, 0.9042857, 0.9042857, 0.9042857, 0.9028571, 0.9028571, 0.9028571, 0.9028571, 0.9028571, 0.9014286, 0.9014286, 0.9, 0.9, 0.9, 0.9014286, 0.9014286, 0.9014286, 0.9014286, 0.9014286, 0.9014286, 0.9014286, 0.9014286, 0.9014286, 0.9014286, 0.9014286, 0.9014286, 0.9014286, 0.9028571, 0.9028571, 0.9028571, 0.9028571, 0.9028571, 0.9028571, 0.9028571, 0.9028571, 0.9028571, 0.9028571, 0.9028571, 0.9014286, 0.9014286], 0.2: [0.07285714, 0.29285714, 0.77428573, 0.88, 0.92142856, 0.9142857, 0.9128571, 0.92285717, 0.93714285, 0.93714285, 0.92714286, 0.91571426, 0.91571426, 0.9242857, 0.92142856, 0.9242857, 0.9342857, 0.9257143, 0.93142855, 0.9242857, 0.9242857, 0.9128571, 0.91714287, 0.9242857, 0.92, 0.9257143, 0.93142855, 0.9185714, 0.9285714, 0.9357143, 0.93714285, 0.93714285, 0.93285716, 0.94142854, 0.9257143, 0.9342857, 0.93714285, 0.93142855, 0.9, 0.92142856, 0.93285716, 0.9357143, 0.9257143, 0.92714286, 0.9185714, 0.91571426, 0.92285717, 0.92142856, 0.92, 0.92142856, 0.9285714, 0.92285717, 0.9285714, 0.93142855, 0.93, 0.93142855, 0.92285717, 0.9285714, 0.91714287, 0.9242857, 0.9242857, 0.92714286, 0.93, 0.9042857, 0.9042857, 0.92142856, 0.92285717, 0.9285714, 0.9257143, 0.9285714, 0.9257143, 0.93142855, 0.92, 0.92, 0.92142856, 0.9242857, 0.9285714, 0.92714286, 0.92714286, 0.93142855, 0.9285714, 0.93714285, 0.9285714, 0.93142855, 0.9357143, 0.9357143, 0.92142856, 0.93142855, 0.93714285, 0.9342857, 0.93142855, 0.93, 0.9285714, 0.9357143, 0.93714285, 0.93857145, 0.92714286, 0.9242857, 0.92, 0.93142855], 0.6: [0.071428575, 0.071428575, 0.071428575, 0.10142857, 0.17428571, 0.19714285, 0.24285714, 0.32, 0.34, 0.3857143, 0.29, 0.42571428, 0.51857144, 0.51714283, 0.50142854, 0.55285716, 0.5385714, 0.5342857, 0.55285716, 0.5714286, 0.62142855, 0.67, 0.6457143, 0.6857143, 0.6185714, 0.67142856, 0.6785714, 0.6528571, 0.6842857, 0.7128571, 0.72, 0.7057143, 0.69857144, 0.68285716, 0.6628571, 0.7185714, 0.71, 0.73571426, 0.7442857, 0.7442857, 0.7114286, 0.5314286, 0.73714286, 0.76, 0.7114286, 0.72, 0.7242857, 0.7157143, 0.75, 0.7214286, 0.7157143, 0.7657143, 0.74, 0.75285715, 0.67, 0.75, 0.7214286, 0.76, 0.7214286, 0.7557143, 0.75, 0.76428574, 0.73142856, 0.7271429, 0.7242857, 0.69714284, 0.75714284, 0.74142855, 0.6957143, 0.7128571, 0.6042857, 0.70428574, 0.7342857, 0.73142856, 0.7442857, 0.7442857, 0.77428573, 0.75142854, 0.7557143, 0.7171429, 0.68142855, 0.76, 0.73, 0.75714284, 0.76, 0.7771429, 0.7757143, 0.75857145, 0.73571426, 0.73571426, 0.73285717, 0.75, 0.7442857, 0.67285717, 0.73142856, 0.7242857, 0.7014286, 0.67285717, 0.7457143, 0.7542857], 0.8: [0.07285714, 0.065714285, 0.071428575, 0.07285714, 0.07285714, 0.07285714, 0.071428575, 0.071428575, 0.07285714, 0.11, 0.13857143, 0.13857143, 0.17285714, 0.14857143, 0.18, 0.23142858, 0.18571429, 0.18142857, 0.19714285, 0.21142857, 0.2242857, 0.23428571, 0.26857144, 0.29142857, 0.29714286, 0.31142858, 0.28142858, 0.36142856, 0.37142858, 0.34714285, 0.38142857, 0.39, 0.3942857, 0.3942857, 0.41, 0.39571428, 0.45714286, 0.4157143, 0.40857142, 0.4157143, 0.4, 0.44285715, 0.4242857, 0.4157143, 0.39714286, 0.4557143, 0.4485714, 0.46142858, 0.43571427, 0.45857143, 0.4342857, 0.4342857, 0.43142858, 0.47857141, 0.43571427, 0.43857142, 0.47, 0.47285715, 0.46142858, 0.43, 0.4857143, 0.45285714, 0.4542857, 0.50714284, 0.4642857, 0.45285714, 0.50857145, 0.4857143, 0.48142856, 0.50142854, 0.4857143, 0.50142854, 0.49714285, 0.5271429, 0.48714286, 0.44142857, 0.46857142, 0.45857143, 0.50857145, 0.5342857, 0.45714286, 0.48142856, 0.4857143, 0.50285715, 0.49285713, 0.49142858, 0.45285714, 0.51428574, 0.49857143, 0.48285714, 0.49714285, 0.49142858, 0.51857144, 0.4942857, 0.5114286, 0.5257143, 0.55285716, 0.5057143, 0.5042857, 0.5214286], 0.4: [0.071428575, 0.07285714, 0.50142854, 0.6514286, 0.80857146, 0.85571426, 0.8742857, 0.86714286, 0.87714285, 0.89857143, 0.89857143, 0.8957143, 0.9071429, 0.9085714, 0.9085714, 0.91714287, 0.92285717, 0.92142856, 0.92142856, 0.92142856, 0.92285717, 0.92714286, 0.9285714, 0.91571426, 0.92714286, 0.9242857, 0.93142855, 0.92142856, 0.9285714, 0.9242857, 0.92, 0.9085714, 0.92, 0.92, 0.92285717, 0.9185714, 0.89857143, 0.91571426, 0.92285717, 0.9128571, 0.92, 0.9242857, 0.9285714, 0.92, 0.9242857, 0.9257143, 0.91714287, 0.9185714, 0.9085714, 0.93142855, 0.93, 0.9257143, 0.9242857, 0.9242857, 0.92714286, 0.93, 0.93, 0.9128571, 0.92142856, 0.92285717, 0.9357143, 0.9185714, 0.9357143, 0.9342857, 0.93714285, 0.9357143, 0.9257143, 0.93, 0.91571426, 0.91714287, 0.9242857, 0.8528572, 0.9071429, 0.9257143, 0.8842857, 0.9257143, 0.9128571, 0.93, 0.93, 0.93285716, 0.9257143, 0.93, 0.9342857, 0.9285714, 0.92714286, 0.9114286, 0.91571426, 0.92142856, 0.91714287, 0.92142856, 0.9185714, 0.9257143, 0.92714286, 0.9257143, 0.92285717, 0.91714287, 0.92142856, 0.92142856, 0.93, 0.9285714]}
