2018-11-11 17:29:51.022936: I tensorflow/core/platform/cpu_feature_guard.cc:140] Your CPU supports instructions that this TensorFlow binary was not compiled to use: AVX2 FMA
2018-11-11 17:29:53.144101: I tensorflow/core/common_runtime/gpu/gpu_device.cc:1356] Found device 0 with properties: 
name: Tesla P100-PCIE-16GB major: 6 minor: 0 memoryClockRate(GHz): 1.3285
pciBusID: 0000:81:00.0
totalMemory: 15.90GiB freeMemory: 15.61GiB
2018-11-11 17:29:53.144169: I tensorflow/core/common_runtime/gpu/gpu_device.cc:1435] Adding visible gpu devices: 0
2018-11-11 17:29:53.518663: I tensorflow/core/common_runtime/gpu/gpu_device.cc:923] Device interconnect StreamExecutor with strength 1 edge matrix:
2018-11-11 17:29:53.518722: I tensorflow/core/common_runtime/gpu/gpu_device.cc:929]      0 
2018-11-11 17:29:53.518733: I tensorflow/core/common_runtime/gpu/gpu_device.cc:942] 0:   N 
2018-11-11 17:29:53.519074: I tensorflow/core/common_runtime/gpu/gpu_device.cc:1053] Created TensorFlow device (/job:localhost/replica:0/task:0/device:GPU:0 with 15135 MB memory) -> physical GPU (device: 0, name: Tesla P100-PCIE-16GB, pci bus id: 0000:81:00.0, compute capability: 6.0)
2018-11-11 17:38:47.883956: I tensorflow/core/common_runtime/gpu/gpu_device.cc:1435] Adding visible gpu devices: 0
2018-11-11 17:38:47.884039: I tensorflow/core/common_runtime/gpu/gpu_device.cc:923] Device interconnect StreamExecutor with strength 1 edge matrix:
2018-11-11 17:38:47.884049: I tensorflow/core/common_runtime/gpu/gpu_device.cc:929]      0 
2018-11-11 17:38:47.884055: I tensorflow/core/common_runtime/gpu/gpu_device.cc:942] 0:   N 
2018-11-11 17:38:47.884239: I tensorflow/core/common_runtime/gpu/gpu_device.cc:1053] Created TensorFlow device (/job:localhost/replica:0/task:0/device:GPU:0 with 15135 MB memory) -> physical GPU (device: 0, name: Tesla P100-PCIE-16GB, pci bus id: 0000:81:00.0, compute capability: 6.0)
2018-11-11 17:47:38.010316: I tensorflow/core/common_runtime/gpu/gpu_device.cc:1435] Adding visible gpu devices: 0
2018-11-11 17:47:38.010399: I tensorflow/core/common_runtime/gpu/gpu_device.cc:923] Device interconnect StreamExecutor with strength 1 edge matrix:
2018-11-11 17:47:38.010410: I tensorflow/core/common_runtime/gpu/gpu_device.cc:929]      0 
2018-11-11 17:47:38.010430: I tensorflow/core/common_runtime/gpu/gpu_device.cc:942] 0:   N 
2018-11-11 17:47:38.010597: I tensorflow/core/common_runtime/gpu/gpu_device.cc:1053] Created TensorFlow device (/job:localhost/replica:0/task:0/device:GPU:0 with 15135 MB memory) -> physical GPU (device: 0, name: Tesla P100-PCIE-16GB, pci bus id: 0000:81:00.0, compute capability: 6.0)
2018-11-11 17:56:25.947033: I tensorflow/core/common_runtime/gpu/gpu_device.cc:1435] Adding visible gpu devices: 0
2018-11-11 17:56:25.947120: I tensorflow/core/common_runtime/gpu/gpu_device.cc:923] Device interconnect StreamExecutor with strength 1 edge matrix:
2018-11-11 17:56:25.947130: I tensorflow/core/common_runtime/gpu/gpu_device.cc:929]      0 
2018-11-11 17:56:25.947136: I tensorflow/core/common_runtime/gpu/gpu_device.cc:942] 0:   N 
2018-11-11 17:56:25.947291: I tensorflow/core/common_runtime/gpu/gpu_device.cc:1053] Created TensorFlow device (/job:localhost/replica:0/task:0/device:GPU:0 with 15135 MB memory) -> physical GPU (device: 0, name: Tesla P100-PCIE-16GB, pci bus id: 0000:81:00.0, compute capability: 6.0)
2018-11-11 18:05:09.835507: I tensorflow/core/common_runtime/gpu/gpu_device.cc:1435] Adding visible gpu devices: 0
2018-11-11 18:05:09.835568: I tensorflow/core/common_runtime/gpu/gpu_device.cc:923] Device interconnect StreamExecutor with strength 1 edge matrix:
2018-11-11 18:05:09.835577: I tensorflow/core/common_runtime/gpu/gpu_device.cc:929]      0 
2018-11-11 18:05:09.835582: I tensorflow/core/common_runtime/gpu/gpu_device.cc:942] 0:   N 
2018-11-11 18:05:09.835741: I tensorflow/core/common_runtime/gpu/gpu_device.cc:1053] Created TensorFlow device (/job:localhost/replica:0/task:0/device:GPU:0 with 15135 MB memory) -> physical GPU (device: 0, name: Tesla P100-PCIE-16GB, pci bus id: 0000:81:00.0, compute capability: 6.0)
/usr/lib/python3.5/importlib/_bootstrap.py:222: RuntimeWarning: numpy.dtype size changed, may indicate binary incompatibility. Expected 96, got 88
  return f(*args, **kwds)
/usr/lib/python3.5/importlib/_bootstrap.py:222: RuntimeWarning: numpy.dtype size changed, may indicate binary incompatibility. Expected 96, got 88
  return f(*args, **kwds)
/usr/lib/python3.5/importlib/_bootstrap.py:222: RuntimeWarning: numpy.dtype size changed, may indicate binary incompatibility. Expected 96, got 88
  return f(*args, **kwds)
/usr/lib/python3.5/importlib/_bootstrap.py:222: RuntimeWarning: numpy.dtype size changed, may indicate binary incompatibility. Expected 96, got 88
  return f(*args, **kwds)
/usr/lib/python3.5/importlib/_bootstrap.py:222: RuntimeWarning: numpy.dtype size changed, may indicate binary incompatibility. Expected 96, got 88
  return f(*args, **kwds)
/usr/lib/python3.5/importlib/_bootstrap.py:222: RuntimeWarning: numpy.dtype size changed, may indicate binary incompatibility. Expected 96, got 88
  return f(*args, **kwds)
/usr/lib/python3.5/importlib/_bootstrap.py:222: RuntimeWarning: numpy.dtype size changed, may indicate binary incompatibility. Expected 96, got 88
  return f(*args, **kwds)
Total words: 38658
epoch: 0, entropy: 2.65752 accuracy: 0.071428575
epoch: 10, entropy: 0.00479708 accuracy: 0.8971428
epoch: 20, entropy: 0.00131325 accuracy: 0.9028571
epoch: 30, entropy: 0.000587407 accuracy: 0.89857143
epoch: 40, entropy: 0.031265 accuracy: 0.9
epoch: 50, entropy: 0.000541295 accuracy: 0.9
epoch: 60, entropy: 0.000221714 accuracy: 0.8957143
epoch: 70, entropy: 0.000160678 accuracy: 0.8914286
epoch: 80, entropy: 8.73303e-05 accuracy: 0.8914286
epoch: 90, entropy: 6.32351e-05 accuracy: 0.8914286
epoch: 100, entropy: 6.04636e-05 accuracy: 0.89428574
epoch: 110, entropy: 3.83006e-05 accuracy: 0.8957143
epoch: 120, entropy: 3.08502e-05 accuracy: 0.8957143
epoch: 130, entropy: 2.24874e-05 accuracy: 0.8957143
epoch: 140, entropy: 1.66063e-05 accuracy: 0.8971428
epoch: 150, entropy: 1.65184e-05 accuracy: 0.8971428
epoch: 160, entropy: 1.21704e-05 accuracy: 0.8957143
epoch: 170, entropy: 9.34576e-06 accuracy: 0.89285713
epoch: 180, entropy: 7.41049e-06 accuracy: 0.89285713
epoch: 190, entropy: 6.54437e-06 accuracy: 0.89285713
epoch: 0, entropy: 2.66392 accuracy: 0.084285714
epoch: 10, entropy: 0.359378 accuracy: 0.87857145
epoch: 20, entropy: 0.249528 accuracy: 0.9
epoch: 30, entropy: 0.327575 accuracy: 0.9114286
epoch: 40, entropy: 0.269591 accuracy: 0.91714287
epoch: 50, entropy: 0.323129 accuracy: 0.9042857
epoch: 60, entropy: 0.313449 accuracy: 0.9142857
epoch: 70, entropy: 0.268715 accuracy: 0.92142856
epoch: 80, entropy: 0.176412 accuracy: 0.9114286
epoch: 90, entropy: 0.164455 accuracy: 0.8971428
epoch: 100, entropy: 0.229652 accuracy: 0.9085714
epoch: 110, entropy: 0.269757 accuracy: 0.92285717
epoch: 120, entropy: 0.251194 accuracy: 0.92285717
epoch: 130, entropy: 0.190931 accuracy: 0.92142856
epoch: 140, entropy: 0.304952 accuracy: 0.9085714
epoch: 150, entropy: 0.331525 accuracy: 0.91714287
epoch: 160, entropy: 0.297799 accuracy: 0.91714287
epoch: 170, entropy: 0.288583 accuracy: 0.89428574
epoch: 180, entropy: 0.273065 accuracy: 0.8971428
epoch: 190, entropy: 0.193412 accuracy: 0.9014286
epoch: 0, entropy: 2.66 accuracy: 0.071428575
epoch: 10, entropy: 1.08494 accuracy: 0.92285717
epoch: 20, entropy: 0.83712 accuracy: 0.9242857
epoch: 30, entropy: 0.901505 accuracy: 0.93285716
epoch: 40, entropy: 0.928305 accuracy: 0.9142857
epoch: 50, entropy: 0.615768 accuracy: 0.93285716
epoch: 60, entropy: 0.833672 accuracy: 0.94714284
epoch: 70, entropy: 0.709566 accuracy: 0.9514286
epoch: 80, entropy: 0.813656 accuracy: 0.94857144
epoch: 90, entropy: 0.770994 accuracy: 0.94142854
epoch: 100, entropy: 0.8639 accuracy: 0.94285715
epoch: 110, entropy: 0.825125 accuracy: 0.87714285
epoch: 120, entropy: 0.949017 accuracy: 0.91714287
epoch: 130, entropy: 0.796292 accuracy: 0.93285716
epoch: 140, entropy: 0.780906 accuracy: 0.92714286
epoch: 150, entropy: 0.880395 accuracy: 0.9342857
epoch: 160, entropy: 0.670884 accuracy: 0.92714286
epoch: 170, entropy: 0.730061 accuracy: 0.93142855
epoch: 180, entropy: 0.762043 accuracy: 0.9142857
epoch: 190, entropy: 0.603957 accuracy: 0.9342857
epoch: 0, entropy: 2.69793 accuracy: 0.071428575
epoch: 10, entropy: 2.03874 accuracy: 0.79
epoch: 20, entropy: 1.66478 accuracy: 0.92285717
epoch: 30, entropy: 1.50797 accuracy: 0.8914286
epoch: 40, entropy: 1.6204 accuracy: 0.91714287
epoch: 50, entropy: 1.54418 accuracy: 0.9128571
epoch: 60, entropy: 1.51366 accuracy: 0.9028571
epoch: 70, entropy: 1.56835 accuracy: 0.9128571
epoch: 80, entropy: 1.60264 accuracy: 0.9242857
epoch: 90, entropy: 1.47586 accuracy: 0.9185714
epoch: 100, entropy: 1.46335 accuracy: 0.9085714
epoch: 110, entropy: 1.3806 accuracy: 0.9142857
epoch: 120, entropy: 1.60145 accuracy: 0.91
epoch: 130, entropy: 1.47768 accuracy: 0.9042857
epoch: 140, entropy: 1.84739 accuracy: 0.8585714
epoch: 150, entropy: 1.53348 accuracy: 0.9028571
epoch: 160, entropy: 1.5906 accuracy: 0.89857143
epoch: 170, entropy: 1.44702 accuracy: 0.9014286
epoch: 180, entropy: 1.52936 accuracy: 0.9028571
epoch: 190, entropy: 1.54251 accuracy: 0.9042857
epoch: 0, entropy: 2.72321 accuracy: 0.071428575
epoch: 10, entropy: 2.70179 accuracy: 0.07571428
epoch: 20, entropy: 2.67423 accuracy: 0.071428575
epoch: 30, entropy: 2.69373 accuracy: 0.08285714
epoch: 40, entropy: 2.64407 accuracy: 0.14714286
epoch: 50, entropy: 2.59934 accuracy: 0.31857142
epoch: 60, entropy: 2.53401 accuracy: 0.2942857
epoch: 70, entropy: 2.53727 accuracy: 0.41142857
epoch: 80, entropy: 2.87921 accuracy: 0.12
epoch: 90, entropy: 2.7042 accuracy: 0.09142857
epoch: 100, entropy: 2.76068 accuracy: 0.095714286
epoch: 110, entropy: 2.78852 accuracy: 0.087142855
epoch: 120, entropy: 2.73129 accuracy: 0.09
epoch: 130, entropy: 2.75228 accuracy: 0.09857143
epoch: 140, entropy: 2.75363 accuracy: 0.10142857
epoch: 150, entropy: 2.76456 accuracy: 0.10428572
epoch: 160, entropy: 2.74826 accuracy: 0.095714286
epoch: 170, entropy: 2.72548 accuracy: 0.07571428
epoch: 180, entropy: 2.69371 accuracy: 0.10428572
epoch: 190, entropy: 2.79256 accuracy: 0.10428572
{0.0: [2.6575222, 2.0260189, 0.70262575, 0.35774893, 0.12061423, 0.03056187, 0.03044639, 0.0146164205, 0.01407293, 0.03555288, 0.004797082, 0.0037069675, 0.0034950129, 0.0026609653, 0.0025466762, 0.0018744624, 0.00172425, 0.0017080898, 0.0014747292, 0.0012024012, 0.0013132514, 0.0010840069, 0.000997124, 0.0008998522, 0.0008942009, 0.0008731672, 0.0007531254, 0.0007016795, 0.00067220966, 0.0006547495, 0.0005874073, 0.0005986142, 0.00055598863, 0.000519201, 0.00046681607, 0.00046183015, 0.0004745255, 0.00039598084, 0.00040626194, 0.00042570994, 0.031265013, 0.0978282, 0.019370802, 0.0054179705, 0.011090741, 0.0022996236, 0.0022296994, 0.00088312145, 0.0006279443, 0.0004896376, 0.0005412954, 0.00042717048, 0.0003446964, 0.00030607678, 0.0003397371, 0.00023835868, 0.00023818084, 0.00025692434, 0.00022622799, 0.00023136224, 0.00022171353, 0.0002111608, 0.0001697184, 0.00016262189, 0.00018469969, 0.00018502321, 0.00021760998, 0.00013624027, 0.00016135858, 0.00013108287, 0.00016067784, 0.00012252023, 0.00012588968, 0.0001141486, 0.00011457526, 9.212309e-05, 0.00010791288, 9.0124384e-05, 0.00010859767, 0.000112050446, 8.733026e-05, 7.561122e-05, 8.773894e-05, 7.914235e-05, 7.318218e-05, 7.3905234e-05, 7.10749e-05, 6.329444e-05, 7.948818e-05, 7.242201e-05, 6.323514e-05, 8.128145e-05, 6.8641944e-05, 7.5264434e-05, 5.4851418e-05, 5.589387e-05, 5.7331825e-05, 5.0476025e-05, 5.3372663e-05, 4.8355178e-05, 6.04636e-05, 4.7027403e-05, 5.157852e-05, 4.1965068e-05, 4.6875357e-05, 4.410369e-05, 4.703052e-05, 4.2975425e-05, 4.0058432e-05, 3.811619e-05, 3.8300583e-05, 3.6277906e-05, 3.548712e-05, 3.311153e-05, 3.300444e-05, 2.9581977e-05, 3.0344678e-05, 3.1684707e-05, 3.2166896e-05, 3.1351225e-05, 3.0850213e-05, 3.298657e-05, 2.6539425e-05, 3.4011646e-05, 2.5668702e-05, 2.6865257e-05, 2.3824745e-05, 2.996538e-05, 2.469528e-05, 2.5961084e-05, 2.2487391e-05, 2.4882002e-05, 2.8354414e-05, 2.2477143e-05, 2.208216e-05, 2.0389176e-05, 2.034146e-05, 1.7694918e-05, 1.9583562e-05, 1.8121445e-05, 1.6606251e-05, 2.0285635e-05, 1.7445313e-05, 2.6105947e-05, 1.5158063e-05, 1.7448987e-05, 1.6610767e-05, 1.4588963e-05, 1.5082625e-05, 1.4972671e-05, 1.651844e-05, 1.5533342e-05, 1.5384241e-05, 1.3865376e-05, 1.3805791e-05, 1.4312397e-05, 1.1541788e-05, 1.4766569e-05, 1.0945755e-05, 1.2585774e-05, 1.21704115e-05, 1.1133885e-05, 1.1719645e-05, 1.0805095e-05, 9.759271e-06, 1.10528445e-05, 1.0248205e-05, 1.0475447e-05, 1.0354225e-05, 1.0497658e-05, 9.345757e-06, 9.99293e-06, 9.065426e-06, 8.976963e-06, 9.219104e-06, 7.946935e-06, 8.389294e-06, 7.2680114e-06, 8.631411e-06, 7.5110815e-06, 7.410487e-06, 7.4002537e-06, 6.9094517e-06, 6.693388e-06, 6.4493843e-06, 6.731564e-06, 6.7958044e-06, 7.0333076e-06, 6.4205074e-06, 9.681494e-06, 6.5443683e-06, 6.609558e-06, 5.720145e-06, 6.352476e-06, 5.5311034e-06, 5.695016e-06, 5.6931394e-06, 5.4947764e-06, 5.194899e-06, 5.5953547e-06], 0.2: [2.6639175, 2.3869085, 1.8530574, 1.3067526, 1.1698971, 0.88018876, 0.57521856, 0.49688357, 0.45674503, 0.44897404, 0.35937768, 0.3151847, 0.33310896, 0.21517141, 0.42345437, 0.3235151, 0.30591497, 0.3763217, 0.43723592, 0.296908, 0.24952838, 0.2428133, 0.35278076, 0.22581129, 0.28114876, 0.27917486, 0.3824298, 0.26330805, 0.34257668, 0.2776972, 0.3275754, 0.3043958, 0.2868692, 0.28314525, 0.24645105, 0.2622394, 0.23298894, 0.2791534, 0.2224176, 0.3333004, 0.26959145, 0.30537212, 0.27554658, 0.35907927, 0.29552603, 0.30258936, 0.29306805, 0.36981857, 0.27722484, 0.27256972, 0.32312885, 0.28641546, 0.40074474, 0.36077935, 0.31718236, 0.30328467, 0.36113203, 0.28333208, 0.271213, 0.3752714, 0.3134488, 0.31931207, 0.32514632, 0.3656139, 0.21368867, 0.24876586, 0.27927238, 0.24757981, 0.30625013, 0.13412768, 0.26871473, 0.30876037, 0.34986678, 0.3238343, 0.265048, 0.30840006, 0.30275205, 0.2873195, 0.15118945, 0.32345492, 0.17641246, 0.33247247, 0.29287186, 0.31409636, 0.28500277, 0.36931652, 0.33048654, 0.18227454, 0.31161726, 0.2895413, 0.16445526, 0.26636967, 0.25335655, 0.24093157, 0.25696138, 0.24397813, 0.21859616, 0.3078138, 0.25219, 0.22011141, 0.2296524, 0.27317417, 0.25925526, 0.2463789, 0.27004123, 0.2669409, 0.3222766, 0.23900568, 0.25253272, 0.20211034, 0.26975715, 0.3864671, 0.3652827, 0.29424194, 0.15686192, 0.23940848, 0.29357877, 0.25526303, 0.313367, 0.21610741, 0.25119415, 0.33128655, 0.2728204, 0.2648688, 0.2189184, 0.28037423, 0.23179841, 0.1493476, 0.2791489, 0.2339622, 0.19093093, 0.21273482, 0.31871903, 0.2853969, 0.22871341, 0.36135906, 0.32230407, 0.25795192, 0.31811875, 0.29485324, 0.30495217, 0.30536586, 0.2877767, 0.24579586, 0.3633107, 0.26633084, 0.22858652, 0.35117722, 0.2620819, 0.19830571, 0.33152503, 0.29040176, 0.27154106, 0.27895567, 0.24751753, 0.2503198, 0.21498188, 0.24735266, 0.23616478, 0.19321847, 0.29779935, 0.20777363, 0.20377925, 0.37603676, 0.24430975, 0.27415264, 0.21266997, 0.22222832, 0.27296323, 0.243471, 0.28858292, 0.28134578, 0.27631503, 0.31848648, 0.28291544, 0.20658438, 0.37979057, 0.2433628, 0.19179723, 0.18747348, 0.27306527, 0.22962688, 0.39567345, 0.23571825, 0.23269784, 0.233067, 0.30056608, 0.24033916, 0.21196929, 0.2663778, 0.19341217, 0.3154245, 0.23100196, 0.27982485, 0.2847984, 0.37272978, 0.22763023, 0.2514487, 0.31783855, 0.2732067], 0.6: [2.6979299, 2.7026296, 2.6982412, 2.6769195, 2.6835442, 2.689167, 2.68375, 2.383978, 2.2290635, 2.1729398, 2.0387383, 1.9722964, 1.8728939, 1.8891432, 1.6921791, 1.6569457, 1.7270157, 1.5670537, 1.8284969, 1.2841501, 1.6647848, 1.6106524, 1.7792908, 1.5690212, 1.45252, 1.7463212, 1.5632291, 1.5736777, 1.6255033, 1.6276627, 1.5079734, 1.4409044, 1.6655724, 1.7753656, 1.619056, 1.4243393, 1.548177, 1.7297738, 1.5761468, 1.5791823, 1.6204032, 1.6731741, 1.5208392, 1.6284254, 1.5581543, 1.6371751, 1.5997326, 1.5681182, 1.4996476, 1.6800158, 1.5441782, 1.5181828, 1.5112671, 1.4708495, 1.5870643, 1.4326191, 1.4019172, 1.5426911, 1.4541898, 1.4506824, 1.5136569, 1.5050151, 1.6810101, 1.5696537, 1.5181112, 1.5308015, 1.3078849, 1.4038858, 1.6875627, 1.5170295, 1.5683533, 1.5687699, 1.4441385, 1.66276, 1.587539, 1.5801814, 1.6088865, 1.4959078, 1.5311897, 1.7597511, 1.602639, 1.5010608, 1.686364, 1.4875648, 1.34554, 1.5945561, 1.4375752, 1.6186124, 1.4881713, 1.5140603, 1.4758557, 1.4120982, 1.545054, 1.5212576, 1.4630439, 1.6511209, 1.4443681, 1.6322122, 1.5255406, 1.5204062, 1.4633496, 1.4025631, 1.5902145, 1.7187692, 1.2928426, 1.3596019, 1.575489, 1.5893896, 1.6336548, 1.5290561, 1.3805981, 1.5028598, 1.6549706, 1.5135539, 1.5244077, 1.6182749, 1.2668161, 1.4666822, 1.637929, 1.6711189, 1.6014488, 1.3708904, 1.8409798, 1.4403887, 1.5886046, 1.4817524, 1.5298195, 1.4188673, 1.6178381, 1.5900192, 1.477678, 1.6418151, 1.4499663, 1.5924581, 1.6083345, 1.5416846, 1.4049602, 1.4502752, 1.582972, 1.7387369, 1.8473865, 1.5457134, 1.515611, 1.4823749, 1.7432415, 1.6352421, 1.5248013, 1.4980171, 1.4631727, 1.5094125, 1.5334768, 1.4210448, 1.5174795, 1.4687355, 1.7263521, 1.6008497, 1.5084934, 1.5768414, 1.5624754, 1.511168, 1.5905952, 1.7462914, 1.4184302, 1.538064, 1.551997, 1.5293921, 1.4216158, 1.479245, 1.3941844, 1.5299425, 1.4470229, 1.31369, 1.6175523, 1.5606058, 1.6638627, 1.5007417, 1.4919503, 1.4883326, 1.3824942, 1.5183072, 1.5293555, 1.4587842, 1.5482526, 1.4305086, 1.6253518, 1.6235256, 1.5529538, 1.3333154, 1.4009105, 1.5050952, 1.5425143, 1.5102085, 1.684987, 1.6023489, 1.7433267, 1.4791195, 1.5207129, 1.6307613, 1.5450816, 1.6246986], 0.8: [2.723206, 2.6852474, 2.6960278, 2.7102365, 2.699349, 2.701973, 2.6979842, 2.6939454, 2.6942198, 2.7074769, 2.701787, 2.7037072, 2.716722, 2.685392, 2.6974726, 2.7008646, 2.6923552, 2.709756, 2.6996422, 2.6938074, 2.6742325, 2.6982722, 2.6897445, 2.688694, 2.696485, 2.6922271, 2.7097456, 2.700971, 2.7024326, 2.7048757, 2.6937277, 2.6941, 2.7005932, 2.7026305, 2.6744757, 2.6566193, 2.7633595, 2.6756234, 2.675404, 2.6983824, 2.6440682, 2.6214087, 2.6248221, 2.5780478, 2.6113715, 2.679012, 2.6198962, 2.5978394, 2.6141937, 2.6511884, 2.599345, 2.610592, 2.5529063, 2.5374136, 2.6508212, 2.5852895, 2.5848088, 2.5884461, 2.4993138, 2.607585, 2.5340104, 2.5510433, 2.5524828, 2.5763912, 2.511894, 2.607955, 2.5913954, 2.5004191, 2.5558026, 2.554264, 2.5372736, 2.5876136, 2.582034, 2.4440541, 2.5082657, 2.584138, 2.597221, 3.5308838, 2.7961798, 2.8681512, 2.8792078, 2.7777889, 2.8151722, 2.7950497, 2.7737312, 2.744134, 2.718914, 2.826218, 2.6997843, 2.8078763, 2.704196, 2.7034428, 2.7587194, 2.8307002, 2.799893, 2.7377453, 2.6794894, 2.7672033, 2.8645287, 2.7444572, 2.7606761, 2.754983, 2.7146063, 2.7219849, 2.6561682, 2.659735, 2.7486682, 2.7625873, 2.693193, 2.773034, 2.788518, 2.6722894, 2.716621, 2.7299852, 2.7274253, 2.7578416, 2.7531228, 2.7838695, 2.8017788, 2.7775373, 2.7312946, 2.7414975, 2.775036, 2.8061051, 2.7146215, 2.7286618, 2.738613, 2.7048268, 2.7287974, 2.781143, 2.752277, 2.813913, 2.7481966, 2.6879268, 2.7623255, 2.7586114, 2.6851454, 2.8057961, 2.7287629, 2.788117, 2.7536335, 2.736897, 2.7229033, 2.7293668, 2.6969483, 2.7385817, 2.7703738, 2.8450499, 2.7626233, 2.6950064, 2.7645576, 2.707655, 2.7607484, 2.7134066, 2.8333595, 2.7845545, 2.7611628, 2.722994, 2.7294488, 2.7104301, 2.7482595, 2.7389529, 2.7582085, 2.728335, 2.8116994, 2.6842077, 2.7505417, 2.741865, 2.7270727, 2.7489772, 2.7254753, 2.7204022, 2.7048583, 2.7707248, 2.7503247, 2.716711, 2.734961, 2.7089515, 2.7323315, 2.698881, 2.693709, 2.7908316, 2.7878864, 2.7519548, 2.7703476, 2.7869701, 2.7856698, 2.6783614, 2.7175539, 2.7230775, 2.7925582, 2.7235208, 2.7295153, 2.754994, 2.734571, 2.7664666, 2.7275257, 2.6848664, 2.7206757, 2.723425], 0.4: [2.6599956, 2.6794608, 2.6541786, 1.8746481, 1.6661384, 1.3132334, 1.296524, 1.2471611, 1.0066078, 1.0467621, 1.0849354, 1.0124578, 0.9227613, 1.0890504, 0.9088024, 0.9574266, 0.93902856, 0.7699115, 0.7432368, 0.82312274, 0.83711994, 0.8740114, 0.9514016, 0.8271992, 0.9883803, 0.9629246, 0.9365903, 0.9767696, 0.8668009, 0.7073479, 0.9015048, 0.8149696, 0.8399365, 0.8887756, 0.7914837, 0.9305531, 0.79422796, 0.7504667, 0.76537585, 0.8796775, 0.92830455, 0.84362197, 0.7881249, 0.87738895, 0.88964415, 0.9022733, 0.6827484, 0.817998, 0.91783273, 0.9417788, 0.6157679, 0.78314835, 0.85419714, 1.074834, 0.61344284, 0.76315945, 0.59551585, 0.81884336, 0.88575476, 0.84422207, 0.8336719, 0.8339794, 0.76053643, 0.7792599, 0.6805561, 0.75679916, 0.86533767, 0.791835, 0.901927, 0.8248937, 0.70956606, 0.8151833, 0.69321406, 0.9388236, 0.8675564, 0.86597645, 0.68957025, 0.94862914, 0.83480275, 0.69294775, 0.8136563, 0.7846076, 0.9019693, 0.9055894, 0.7754572, 0.7621194, 0.7681212, 0.8656896, 0.70197046, 0.7109458, 0.7709936, 0.72717655, 0.84244895, 0.84018826, 0.7957592, 0.7210694, 0.85029984, 0.5865415, 0.72830015, 0.7269728, 0.86389977, 0.7377424, 0.88269055, 0.6939563, 0.8274833, 0.85077524, 0.8702803, 0.86585295, 0.9222169, 0.90647984, 0.82512516, 0.77189076, 0.8748673, 0.67450684, 0.821595, 0.735222, 0.6687293, 0.7677571, 0.9172804, 0.65091413, 0.9490169, 0.7034781, 0.7166776, 0.82585096, 0.69444335, 0.7226054, 0.74627715, 0.8099897, 0.8659136, 0.9311, 0.7962922, 0.68110186, 0.75920457, 0.8366437, 0.6626432, 0.7838162, 0.81864524, 0.7831483, 0.7914703, 0.9887914, 0.7809062, 0.8363541, 0.7594652, 0.72433984, 0.79358375, 0.67117333, 0.7667232, 0.8347027, 0.8663876, 0.6361947, 0.8803954, 0.89923805, 1.0034126, 0.85776806, 0.97437334, 0.8375692, 0.83199203, 0.80070704, 0.7485995, 0.8356631, 0.670884, 0.67214537, 0.8547037, 0.8413801, 0.9696696, 0.7227855, 0.84941554, 0.6451107, 0.7560817, 0.675919, 0.73006076, 0.7336349, 0.67888963, 0.73164415, 0.749484, 0.67732686, 0.7234307, 0.9029275, 0.81307566, 0.85443974, 0.76204264, 0.8961744, 0.6782019, 0.7370386, 0.80158556, 0.73586816, 0.86276233, 0.8856071, 0.8341142, 0.78856754, 0.60395694, 0.9610617, 0.9682281, 0.82865465, 0.80759174, 0.6284607, 0.7409993, 0.94633794, 0.8745798, 0.7634014]}
{0.0: [0.071428575, 0.36285713, 0.79714286, 0.87857145, 0.88, 0.8857143, 0.8971428, 0.8857143, 0.89285713, 0.88857144, 0.8971428, 0.8957143, 0.9014286, 0.9, 0.8971428, 0.8971428, 0.9, 0.9028571, 0.9014286, 0.9014286, 0.9028571, 0.9042857, 0.9042857, 0.9028571, 0.9028571, 0.9028571, 0.9042857, 0.9028571, 0.9014286, 0.89857143, 0.89857143, 0.8971428, 0.8957143, 0.8957143, 0.89428574, 0.89428574, 0.89285713, 0.89285713, 0.89428574, 0.8957143, 0.9, 0.8528572, 0.8914286, 0.88, 0.89285713, 0.87857145, 0.9028571, 0.9028571, 0.9014286, 0.9, 0.9, 0.89857143, 0.9014286, 0.9014286, 0.9, 0.89857143, 0.89857143, 0.8971428, 0.8971428, 0.8971428, 0.8957143, 0.8957143, 0.8957143, 0.89428574, 0.89428574, 0.89428574, 0.89428574, 0.89428574, 0.89285713, 0.89285713, 0.8914286, 0.8914286, 0.8914286, 0.89, 0.89, 0.89, 0.88857144, 0.89, 0.89, 0.89, 0.8914286, 0.8914286, 0.8914286, 0.8914286, 0.8914286, 0.8914286, 0.8914286, 0.8914286, 0.8914286, 0.8914286, 0.8914286, 0.8914286, 0.8914286, 0.8914286, 0.89, 0.89, 0.89, 0.89, 0.89285713, 0.89285713, 0.89428574, 0.89428574, 0.89428574, 0.89428574, 0.89428574, 0.89428574, 0.89428574, 0.8957143, 0.8957143, 0.8957143, 0.8957143, 0.8957143, 0.8957143, 0.8957143, 0.8957143, 0.8957143, 0.8957143, 0.8957143, 0.8957143, 0.8957143, 0.8957143, 0.8957143, 0.8957143, 0.8957143, 0.89428574, 0.8957143, 0.8957143, 0.8957143, 0.8957143, 0.8957143, 0.8957143, 0.8957143, 0.8971428, 0.8971428, 0.8971428, 0.8971428, 0.8971428, 0.8971428, 0.8971428, 0.8971428, 0.8971428, 0.8971428, 0.8971428, 0.8971428, 0.8971428, 0.8971428, 0.8971428, 0.8971428, 0.8971428, 0.8971428, 0.8971428, 0.8971428, 0.8971428, 0.8971428, 0.8971428, 0.8971428, 0.8971428, 0.8971428, 0.8957143, 0.8957143, 0.8957143, 0.8957143, 0.8957143, 0.8957143, 0.89428574, 0.89428574, 0.89285713, 0.89285713, 0.89285713, 0.89285713, 0.89285713, 0.89285713, 0.89285713, 0.89285713, 0.89285713, 0.89285713, 0.89285713, 0.89285713, 0.89285713, 0.89285713, 0.89285713, 0.89285713, 0.89285713, 0.89285713, 0.89285713, 0.89285713, 0.89285713, 0.89285713, 0.89285713, 0.89285713, 0.89285713, 0.89285713, 0.89285713, 0.89285713, 0.89285713, 0.89285713, 0.89285713, 0.89285713, 0.89285713, 0.89285713], 0.2: [0.084285714, 0.16571428, 0.40714285, 0.68142855, 0.7842857, 0.8314286, 0.86142856, 0.88285714, 0.87, 0.88285714, 0.87857145, 0.86, 0.8742857, 0.88285714, 0.89857143, 0.89857143, 0.8642857, 0.89285713, 0.88714284, 0.9014286, 0.9, 0.9085714, 0.9128571, 0.9014286, 0.91, 0.91571426, 0.92, 0.91571426, 0.91, 0.91714287, 0.9114286, 0.8957143, 0.9042857, 0.91, 0.91714287, 0.9057143, 0.9114286, 0.9128571, 0.92285717, 0.9242857, 0.91714287, 0.9014286, 0.9185714, 0.9357143, 0.9257143, 0.92285717, 0.91571426, 0.92, 0.9114286, 0.9114286, 0.9042857, 0.89428574, 0.89428574, 0.9042857, 0.9185714, 0.9085714, 0.9085714, 0.9085714, 0.9057143, 0.91, 0.9142857, 0.9128571, 0.9071429, 0.9071429, 0.9114286, 0.92, 0.92, 0.9185714, 0.9128571, 0.9242857, 0.92142856, 0.9185714, 0.88857144, 0.9185714, 0.91714287, 0.92285717, 0.9085714, 0.9085714, 0.9142857, 0.9114286, 0.9114286, 0.9114286, 0.9142857, 0.91714287, 0.91714287, 0.9185714, 0.9, 0.9128571, 0.9057143, 0.9071429, 0.8971428, 0.9114286, 0.9014286, 0.91, 0.9, 0.9085714, 0.91, 0.9085714, 0.91, 0.9085714, 0.9085714, 0.9042857, 0.9071429, 0.9057143, 0.9057143, 0.9057143, 0.9028571, 0.9085714, 0.9071429, 0.91714287, 0.92285717, 0.9128571, 0.9142857, 0.92142856, 0.92285717, 0.9257143, 0.92, 0.92285717, 0.9185714, 0.92142856, 0.92285717, 0.9242857, 0.9185714, 0.92, 0.9185714, 0.9142857, 0.9114286, 0.9185714, 0.92285717, 0.92285717, 0.92142856, 0.9114286, 0.9114286, 0.9114286, 0.9028571, 0.9071429, 0.8971428, 0.8971428, 0.89428574, 0.8957143, 0.9085714, 0.9, 0.9057143, 0.9071429, 0.9057143, 0.9085714, 0.89857143, 0.8971428, 0.9114286, 0.91, 0.91714287, 0.9128571, 0.9128571, 0.91571426, 0.9128571, 0.9057143, 0.9114286, 0.91, 0.91, 0.9128571, 0.91714287, 0.9142857, 0.9185714, 0.9142857, 0.9028571, 0.9042857, 0.9057143, 0.9, 0.9014286, 0.8957143, 0.89428574, 0.9028571, 0.8971428, 0.8971428, 0.9071429, 0.89857143, 0.8971428, 0.89285713, 0.8971428, 0.9014286, 0.8971428, 0.9, 0.91, 0.9071429, 0.9, 0.9057143, 0.9128571, 0.9085714, 0.9057143, 0.9028571, 0.9014286, 0.89857143, 0.9, 0.9057143, 0.9057143, 0.9, 0.9057143, 0.9042857, 0.8971428, 0.9085714], 0.6: [0.071428575, 0.071428575, 0.071428575, 0.071428575, 0.07285714, 0.08142857, 0.18571429, 0.43142858, 0.6528571, 0.7871429, 0.79, 0.86, 0.87714285, 0.87857145, 0.9014286, 0.89857143, 0.9014286, 0.9014286, 0.9071429, 0.9085714, 0.92285717, 0.91714287, 0.92, 0.92, 0.92, 0.92285717, 0.9242857, 0.92285717, 0.92, 0.9142857, 0.8914286, 0.9042857, 0.9085714, 0.92, 0.9114286, 0.9114286, 0.9028571, 0.9071429, 0.91, 0.9185714, 0.91714287, 0.9128571, 0.92, 0.91571426, 0.9185714, 0.9185714, 0.91, 0.91571426, 0.9242857, 0.9142857, 0.9128571, 0.91571426, 0.9142857, 0.91, 0.9142857, 0.9128571, 0.9114286, 0.9042857, 0.9014286, 0.9114286, 0.9028571, 0.92142856, 0.89285713, 0.91, 0.9128571, 0.9142857, 0.9042857, 0.9142857, 0.92, 0.9128571, 0.9128571, 0.91714287, 0.91, 0.9128571, 0.9057143, 0.91, 0.9142857, 0.9257143, 0.9085714, 0.92142856, 0.9242857, 0.91571426, 0.9071429, 0.91571426, 0.91714287, 0.9142857, 0.9142857, 0.9085714, 0.9057143, 0.92, 0.9185714, 0.92, 0.91, 0.92142856, 0.9114286, 0.9128571, 0.92142856, 0.92, 0.92, 0.9285714, 0.9085714, 0.92, 0.92285717, 0.9185714, 0.92285717, 0.9014286, 0.91571426, 0.9142857, 0.91571426, 0.9142857, 0.9142857, 0.9128571, 0.9, 0.92, 0.8971428, 0.9071429, 0.9185714, 0.9185714, 0.9142857, 0.91714287, 0.91, 0.91714287, 0.89428574, 0.91714287, 0.9114286, 0.9071429, 0.91714287, 0.9071429, 0.91, 0.9128571, 0.9042857, 0.9114286, 0.9114286, 0.8814286, 0.91, 0.9057143, 0.9128571, 0.91, 0.9028571, 0.9028571, 0.8585714, 0.88714284, 0.88285714, 0.89285713, 0.88714284, 0.89285713, 0.88714284, 0.89285713, 0.8971428, 0.9014286, 0.9028571, 0.89285713, 0.8971428, 0.89428574, 0.88857144, 0.8957143, 0.89285713, 0.89285713, 0.89, 0.88857144, 0.89857143, 0.9028571, 0.9, 0.9071429, 0.9, 0.9, 0.9, 0.9014286, 0.8957143, 0.89857143, 0.9014286, 0.8957143, 0.8957143, 0.9042857, 0.9014286, 0.89857143, 0.88714284, 0.9, 0.8857143, 0.9071429, 0.9028571, 0.8957143, 0.8957143, 0.8957143, 0.8914286, 0.9057143, 0.88857144, 0.89428574, 0.91, 0.9114286, 0.9042857, 0.89428574, 0.9028571, 0.87857145, 0.89285713, 0.88857144, 0.9057143, 0.9, 0.9085714, 0.9071429], 0.8: [0.071428575, 0.071428575, 0.071428575, 0.071428575, 0.071428575, 0.071428575, 0.071428575, 0.071428575, 0.07, 0.071428575, 0.07571428, 0.08142857, 0.068571426, 0.071428575, 0.07, 0.068571426, 0.071428575, 0.071428575, 0.068571426, 0.061428573, 0.071428575, 0.071428575, 0.07, 0.071428575, 0.071428575, 0.071428575, 0.071428575, 0.071428575, 0.07285714, 0.07285714, 0.08285714, 0.07714286, 0.07857143, 0.10142857, 0.11285714, 0.111428574, 0.14857143, 0.122857146, 0.13285714, 0.15714286, 0.14714286, 0.18857142, 0.23142858, 0.20142858, 0.18428572, 0.22857143, 0.2242857, 0.2642857, 0.25142857, 0.26142856, 0.31857142, 0.31142858, 0.24857143, 0.27571428, 0.30714285, 0.30714285, 0.2857143, 0.31714284, 0.34285715, 0.30571428, 0.2942857, 0.32857144, 0.28857142, 0.33571428, 0.34428573, 0.30714285, 0.3342857, 0.32857144, 0.29714286, 0.37714285, 0.41142857, 0.31, 0.39571428, 0.37142858, 0.41, 0.35285714, 0.3942857, 0.07857143, 0.10142857, 0.07285714, 0.12, 0.108571425, 0.084285714, 0.10142857, 0.10142857, 0.087142855, 0.111428574, 0.111428574, 0.09714286, 0.09428571, 0.09142857, 0.08285714, 0.09857143, 0.10285714, 0.10428572, 0.13285714, 0.09714286, 0.09, 0.1, 0.114285715, 0.095714286, 0.11857143, 0.09142857, 0.095714286, 0.10714286, 0.08857143, 0.09428571, 0.09428571, 0.122857146, 0.12571429, 0.087142855, 0.11285714, 0.07714286, 0.1, 0.10142857, 0.1, 0.092857145, 0.09714286, 0.108571425, 0.095714286, 0.09, 0.09, 0.08285714, 0.074285716, 0.09, 0.08142857, 0.08285714, 0.08571429, 0.08857143, 0.08285714, 0.09857143, 0.095714286, 0.084285714, 0.08857143, 0.09714286, 0.10285714, 0.08, 0.114285715, 0.095714286, 0.114285715, 0.10142857, 0.10142857, 0.092857145, 0.08285714, 0.09142857, 0.108571425, 0.11, 0.08571429, 0.10428572, 0.10428572, 0.10428572, 0.09, 0.08571429, 0.11857143, 0.07857143, 0.1, 0.087142855, 0.10285714, 0.06714286, 0.08571429, 0.095714286, 0.09142857, 0.09857143, 0.09428571, 0.07857143, 0.08142857, 0.09857143, 0.09714286, 0.087142855, 0.10428572, 0.07571428, 0.12, 0.11285714, 0.09857143, 0.08571429, 0.10285714, 0.11285714, 0.11571429, 0.117142856, 0.09857143, 0.10428572, 0.117142856, 0.11, 0.092857145, 0.10428572, 0.11571429, 0.108571425, 0.08, 0.09857143, 0.11857143, 0.10428572, 0.12428571, 0.08857143, 0.105714284, 0.095714286, 0.09, 0.12, 0.09428571, 0.12142857, 0.11], 0.4: [0.071428575, 0.07285714, 0.108571425, 0.5342857, 0.68285716, 0.8257143, 0.87857145, 0.9014286, 0.8957143, 0.9128571, 0.92285717, 0.9285714, 0.93, 0.92142856, 0.93142855, 0.9285714, 0.93285716, 0.93142855, 0.9285714, 0.93857145, 0.9242857, 0.91714287, 0.93142855, 0.93285716, 0.93142855, 0.93714285, 0.94142854, 0.9285714, 0.94, 0.93, 0.93285716, 0.93714285, 0.9285714, 0.9357143, 0.94285715, 0.94, 0.9442857, 0.94285715, 0.94285715, 0.9357143, 0.9142857, 0.9257143, 0.9357143, 0.94857144, 0.9442857, 0.93857145, 0.94285715, 0.9514286, 0.9285714, 0.93142855, 0.93285716, 0.9242857, 0.93142855, 0.9442857, 0.94857144, 0.94, 0.9442857, 0.9442857, 0.93857145, 0.94, 0.94714284, 0.9442857, 0.94714284, 0.95, 0.9442857, 0.94714284, 0.94285715, 0.94285715, 0.95, 0.94714284, 0.9514286, 0.94714284, 0.94857144, 0.95, 0.9557143, 0.9442857, 0.9514286, 0.9442857, 0.9442857, 0.9442857, 0.94857144, 0.9442857, 0.9442857, 0.93714285, 0.93285716, 0.9357143, 0.9514286, 0.95, 0.94857144, 0.92714286, 0.94142854, 0.9185714, 0.9442857, 0.94857144, 0.94142854, 0.94, 0.94714284, 0.9442857, 0.93857145, 0.94, 0.94285715, 0.94285715, 0.9357143, 0.94285715, 0.9457143, 0.93714285, 0.9442857, 0.94142854, 0.93285716, 0.94285715, 0.87714285, 0.92, 0.91, 0.9128571, 0.9257143, 0.91, 0.9142857, 0.9242857, 0.92285717, 0.92714286, 0.91714287, 0.9342857, 0.9257143, 0.92714286, 0.92714286, 0.93857145, 0.93714285, 0.9185714, 0.9242857, 0.9285714, 0.93285716, 0.92714286, 0.93142855, 0.9285714, 0.93142855, 0.9357143, 0.92, 0.92285717, 0.92285717, 0.9242857, 0.92714286, 0.93, 0.92285717, 0.9257143, 0.9285714, 0.93714285, 0.93, 0.93142855, 0.9357143, 0.93714285, 0.9342857, 0.93, 0.9342857, 0.93285716, 0.93285716, 0.9357143, 0.93, 0.93142855, 0.9257143, 0.9242857, 0.92714286, 0.94, 0.93142855, 0.91571426, 0.92714286, 0.92285717, 0.92, 0.9285714, 0.9285714, 0.93285716, 0.93142855, 0.93142855, 0.9342857, 0.93285716, 0.9357143, 0.9342857, 0.9357143, 0.92142856, 0.9185714, 0.9142857, 0.9142857, 0.92, 0.92714286, 0.9257143, 0.92714286, 0.92714286, 0.9242857, 0.93142855, 0.9357143, 0.9342857, 0.9342857, 0.92714286, 0.9057143, 0.9257143, 0.92285717, 0.9285714, 0.92285717, 0.92714286, 0.8957143, 0.91714287]}
