2018-11-10 17:08:32.387962: I tensorflow/core/platform/cpu_feature_guard.cc:140] Your CPU supports instructions that this TensorFlow binary was not compiled to use: AVX2 FMA
2018-11-10 17:08:34.184089: I tensorflow/core/common_runtime/gpu/gpu_device.cc:1356] Found device 0 with properties: 
name: Tesla P100-PCIE-16GB major: 6 minor: 0 memoryClockRate(GHz): 1.3285
pciBusID: 0000:84:00.0
totalMemory: 15.90GiB freeMemory: 15.61GiB
2018-11-10 17:08:34.184147: I tensorflow/core/common_runtime/gpu/gpu_device.cc:1435] Adding visible gpu devices: 0
2018-11-10 17:08:34.558771: I tensorflow/core/common_runtime/gpu/gpu_device.cc:923] Device interconnect StreamExecutor with strength 1 edge matrix:
2018-11-10 17:08:34.558839: I tensorflow/core/common_runtime/gpu/gpu_device.cc:929]      0 
2018-11-10 17:08:34.558853: I tensorflow/core/common_runtime/gpu/gpu_device.cc:942] 0:   N 
2018-11-10 17:08:34.559409: I tensorflow/core/common_runtime/gpu/gpu_device.cc:1053] Created TensorFlow device (/job:localhost/replica:0/task:0/device:GPU:0 with 15135 MB memory) -> physical GPU (device: 0, name: Tesla P100-PCIE-16GB, pci bus id: 0000:84:00.0, compute capability: 6.0)
2018-11-10 17:13:44.513050: I tensorflow/core/common_runtime/gpu/gpu_device.cc:1435] Adding visible gpu devices: 0
2018-11-10 17:13:44.514031: I tensorflow/core/common_runtime/gpu/gpu_device.cc:923] Device interconnect StreamExecutor with strength 1 edge matrix:
2018-11-10 17:13:44.514049: I tensorflow/core/common_runtime/gpu/gpu_device.cc:929]      0 
2018-11-10 17:13:44.514057: I tensorflow/core/common_runtime/gpu/gpu_device.cc:942] 0:   N 
2018-11-10 17:13:44.514281: I tensorflow/core/common_runtime/gpu/gpu_device.cc:1053] Created TensorFlow device (/job:localhost/replica:0/task:0/device:GPU:0 with 15135 MB memory) -> physical GPU (device: 0, name: Tesla P100-PCIE-16GB, pci bus id: 0000:84:00.0, compute capability: 6.0)
2018-11-10 17:19:16.992182: I tensorflow/core/common_runtime/gpu/gpu_device.cc:1435] Adding visible gpu devices: 0
2018-11-10 17:19:16.993176: I tensorflow/core/common_runtime/gpu/gpu_device.cc:923] Device interconnect StreamExecutor with strength 1 edge matrix:
2018-11-10 17:19:16.993212: I tensorflow/core/common_runtime/gpu/gpu_device.cc:929]      0 
2018-11-10 17:19:16.993228: I tensorflow/core/common_runtime/gpu/gpu_device.cc:942] 0:   N 
2018-11-10 17:19:16.993549: I tensorflow/core/common_runtime/gpu/gpu_device.cc:1053] Created TensorFlow device (/job:localhost/replica:0/task:0/device:GPU:0 with 15135 MB memory) -> physical GPU (device: 0, name: Tesla P100-PCIE-16GB, pci bus id: 0000:84:00.0, compute capability: 6.0)
2018-11-10 17:24:44.614960: I tensorflow/core/common_runtime/gpu/gpu_device.cc:1435] Adding visible gpu devices: 0
2018-11-10 17:24:44.615859: I tensorflow/core/common_runtime/gpu/gpu_device.cc:923] Device interconnect StreamExecutor with strength 1 edge matrix:
2018-11-10 17:24:44.615877: I tensorflow/core/common_runtime/gpu/gpu_device.cc:929]      0 
2018-11-10 17:24:44.615885: I tensorflow/core/common_runtime/gpu/gpu_device.cc:942] 0:   N 
2018-11-10 17:24:44.616126: I tensorflow/core/common_runtime/gpu/gpu_device.cc:1053] Created TensorFlow device (/job:localhost/replica:0/task:0/device:GPU:0 with 15135 MB memory) -> physical GPU (device: 0, name: Tesla P100-PCIE-16GB, pci bus id: 0000:84:00.0, compute capability: 6.0)
2018-11-10 17:30:22.249470: I tensorflow/core/common_runtime/gpu/gpu_device.cc:1435] Adding visible gpu devices: 0
2018-11-10 17:30:22.250586: I tensorflow/core/common_runtime/gpu/gpu_device.cc:923] Device interconnect StreamExecutor with strength 1 edge matrix:
2018-11-10 17:30:22.250638: I tensorflow/core/common_runtime/gpu/gpu_device.cc:929]      0 
2018-11-10 17:30:22.250660: I tensorflow/core/common_runtime/gpu/gpu_device.cc:942] 0:   N 
2018-11-10 17:30:22.250995: I tensorflow/core/common_runtime/gpu/gpu_device.cc:1053] Created TensorFlow device (/job:localhost/replica:0/task:0/device:GPU:0 with 15135 MB memory) -> physical GPU (device: 0, name: Tesla P100-PCIE-16GB, pci bus id: 0000:84:00.0, compute capability: 6.0)
2018-11-10 17:35:42.286973: I tensorflow/core/common_runtime/gpu/gpu_device.cc:1435] Adding visible gpu devices: 0
2018-11-10 17:35:42.287865: I tensorflow/core/common_runtime/gpu/gpu_device.cc:923] Device interconnect StreamExecutor with strength 1 edge matrix:
2018-11-10 17:35:42.287908: I tensorflow/core/common_runtime/gpu/gpu_device.cc:929]      0 
2018-11-10 17:35:42.287927: I tensorflow/core/common_runtime/gpu/gpu_device.cc:942] 0:   N 
2018-11-10 17:35:42.288334: I tensorflow/core/common_runtime/gpu/gpu_device.cc:1053] Created TensorFlow device (/job:localhost/replica:0/task:0/device:GPU:0 with 15135 MB memory) -> physical GPU (device: 0, name: Tesla P100-PCIE-16GB, pci bus id: 0000:84:00.0, compute capability: 6.0)
/usr/lib/python3.5/importlib/_bootstrap.py:222: RuntimeWarning: numpy.dtype size changed, may indicate binary incompatibility. Expected 96, got 88
  return f(*args, **kwds)
/usr/lib/python3.5/importlib/_bootstrap.py:222: RuntimeWarning: numpy.dtype size changed, may indicate binary incompatibility. Expected 96, got 88
  return f(*args, **kwds)
/usr/lib/python3.5/importlib/_bootstrap.py:222: RuntimeWarning: numpy.dtype size changed, may indicate binary incompatibility. Expected 96, got 88
  return f(*args, **kwds)
/usr/lib/python3.5/importlib/_bootstrap.py:222: RuntimeWarning: numpy.dtype size changed, may indicate binary incompatibility. Expected 96, got 88
  return f(*args, **kwds)
/usr/lib/python3.5/importlib/_bootstrap.py:222: RuntimeWarning: numpy.dtype size changed, may indicate binary incompatibility. Expected 96, got 88
  return f(*args, **kwds)
/usr/lib/python3.5/importlib/_bootstrap.py:222: RuntimeWarning: numpy.dtype size changed, may indicate binary incompatibility. Expected 96, got 88
  return f(*args, **kwds)
/usr/lib/python3.5/importlib/_bootstrap.py:222: RuntimeWarning: numpy.dtype size changed, may indicate binary incompatibility. Expected 96, got 88
  return f(*args, **kwds)
Total words: 38658
epoch: 0, entropy: 0.176487 accuracy: 0.6314286
epoch: 10, entropy: 3.06328e-05 accuracy: 0.66
epoch: 20, entropy: 6.47733e-06 accuracy: 0.66571426
epoch: 30, entropy: 2.87753e-06 accuracy: 0.66571426
epoch: 40, entropy: 1.60057e-06 accuracy: 0.67
epoch: 50, entropy: 9.9765e-07 accuracy: 0.67285717
epoch: 60, entropy: 6.64717e-07 accuracy: 0.6742857
epoch: 70, entropy: 4.67035e-07 accuracy: 0.6757143
epoch: 80, entropy: 3.39933e-07 accuracy: 0.67714286
epoch: 90, entropy: 2.51359e-07 accuracy: 0.6757143
epoch: 0, entropy: 0.489264 accuracy: 0.67142856
epoch: 10, entropy: 0.251187 accuracy: 0.76714283
epoch: 20, entropy: 0.24875 accuracy: 0.7714286
epoch: 30, entropy: 0.240905 accuracy: 0.77428573
epoch: 40, entropy: 0.253348 accuracy: 0.7785714
epoch: 50, entropy: 0.239405 accuracy: 0.7757143
epoch: 60, entropy: 0.260456 accuracy: 0.7785714
epoch: 70, entropy: 0.243056 accuracy: 0.7757143
epoch: 80, entropy: 0.253568 accuracy: 0.7771429
epoch: 90, entropy: 0.247095 accuracy: 0.7785714
epoch: 0, entropy: 1.26219 accuracy: 0.7014286
epoch: 10, entropy: 0.752864 accuracy: 0.70714283
epoch: 20, entropy: 0.740707 accuracy: 0.7442857
epoch: 30, entropy: 0.738921 accuracy: 0.75285715
epoch: 40, entropy: 0.712447 accuracy: 0.75714284
epoch: 50, entropy: 0.760623 accuracy: 0.76
epoch: 60, entropy: 0.747243 accuracy: 0.7614286
epoch: 70, entropy: 0.712288 accuracy: 0.7614286
epoch: 80, entropy: 0.736055 accuracy: 0.76285714
epoch: 90, entropy: 0.744437 accuracy: 0.76285714
epoch: 0, entropy: 1.59104 accuracy: 0.74714285
epoch: 10, entropy: 1.33652 accuracy: 0.79285717
epoch: 20, entropy: 1.34309 accuracy: 0.79714286
epoch: 30, entropy: 1.3444 accuracy: 0.79714286
epoch: 40, entropy: 1.34039 accuracy: 0.79714286
epoch: 50, entropy: 1.34796 accuracy: 0.79714286
epoch: 60, entropy: 1.35656 accuracy: 0.8
epoch: 70, entropy: 1.3099 accuracy: 0.8057143
epoch: 80, entropy: 1.31968 accuracy: 0.8057143
epoch: 90, entropy: 1.3637 accuracy: 0.80714285
epoch: 0, entropy: 2.06917 accuracy: 0.80857146
epoch: 10, entropy: 1.97795 accuracy: 0.85
epoch: 20, entropy: 2.01553 accuracy: 0.85142857
epoch: 30, entropy: 1.98755 accuracy: 0.86714286
epoch: 40, entropy: 2.00824 accuracy: 0.85714287
epoch: 50, entropy: 2.01071 accuracy: 0.8585714
epoch: 60, entropy: 1.98144 accuracy: 0.8642857
epoch: 70, entropy: 1.97864 accuracy: 0.85714287
epoch: 80, entropy: 1.98375 accuracy: 0.85
epoch: 90, entropy: 1.96275 accuracy: 0.86
epoch: 0, entropy: nan accuracy: 0.0
epoch: 10, entropy: nan accuracy: 0.0
epoch: 20, entropy: nan accuracy: 0.0
epoch: 30, entropy: nan accuracy: 0.0
epoch: 40, entropy: nan accuracy: 0.0
epoch: 50, entropy: nan accuracy: 0.0
epoch: 60, entropy: nan accuracy: 0.0
epoch: 70, entropy: nan accuracy: 0.0
epoch: 80, entropy: nan accuracy: 0.0
epoch: 90, entropy: nan accuracy: 0.0
{0.0: [0.17648672, 0.00083178777, 0.00045402907, 0.00037399237, 0.00032777272, 0.00027884965, 0.00020085007, 0.00010931257, 6.214278e-05, 4.1560776e-05, 3.063284e-05, 2.3971517e-05, 1.947597e-05, 1.6233294e-05, 1.3796188e-05, 1.18738735e-05, 1.0320536e-05, 9.0873e-06, 8.078295e-06, 7.203569e-06, 6.4773258e-06, 5.8668825e-06, 5.344061e-06, 4.8901607e-06, 4.4925746e-06, 4.142563e-06, 3.8318417e-06, 3.5540938e-06, 3.3045308e-06, 3.0807375e-06, 2.877533e-06, 2.6938817e-06, 2.5258728e-06, 2.373469e-06, 2.2345448e-06, 2.1056974e-06, 1.9873764e-06, 1.8793069e-06, 1.778696e-06, 1.6858764e-06, 1.6005662e-06, 1.5211053e-06, 1.4460692e-06, 1.3772672e-06, 1.3125069e-06, 1.2516401e-06, 1.1943052e-06, 1.141418e-06, 1.090637e-06, 1.0423026e-06, 9.9765e-07, 9.559338e-07, 9.158136e-07, 8.783532e-07, 8.425742e-07, 8.090296e-07, 7.7710246e-07, 7.465585e-07, 7.1837707e-07, 6.9081267e-07, 6.647168e-07, 6.40196e-07, 6.1663286e-07, 5.953472e-07, 5.745296e-07, 5.5469116e-07, 5.353209e-07, 5.171426e-07, 4.9941127e-07, 4.8278673e-07, 4.6703482e-07, 4.5179382e-07, 4.377236e-07, 4.2320625e-07, 4.0988093e-07, 3.9747093e-07, 3.8497578e-07, 3.7335334e-07, 3.6141157e-07, 3.5034256e-07, 3.399334e-07, 3.290984e-07, 3.1896596e-07, 3.1006806e-07, 3.0046775e-07, 2.9167632e-07, 2.8292743e-07, 2.7415726e-07, 2.660257e-07, 2.5834112e-07, 2.5135898e-07, 2.4388729e-07, 2.3690517e-07, 2.3041265e-07, 2.2392011e-07, 2.1776816e-07, 2.115098e-07, 2.0557073e-07, 1.9978064e-07, 1.9399056e-07], 0.2: [0.489264, 0.24675778, 0.2606449, 0.255394, 0.25574604, 0.25658637, 0.25037336, 0.2439614, 0.2523457, 0.24519745, 0.2511873, 0.2480774, 0.24014442, 0.24850215, 0.25544018, 0.24240182, 0.25156924, 0.24785891, 0.2477352, 0.2538905, 0.24875009, 0.23290206, 0.24357125, 0.250475, 0.24573469, 0.25199658, 0.2475562, 0.26186943, 0.25199997, 0.25227505, 0.24090524, 0.25157282, 0.2497883, 0.25220284, 0.24727596, 0.25264508, 0.23741668, 0.24252735, 0.260527, 0.24847473, 0.25334772, 0.26451007, 0.24346627, 0.24449228, 0.24945098, 0.24504477, 0.25417444, 0.24832805, 0.24588998, 0.24286495, 0.2394055, 0.25026727, 0.2483803, 0.24986131, 0.24074878, 0.25815287, 0.2384159, 0.24680947, 0.24867441, 0.25930375, 0.26045567, 0.24616101, 0.25072995, 0.25477037, 0.24002853, 0.2491394, 0.25340083, 0.2378316, 0.2485043, 0.24960002, 0.2430558, 0.24085504, 0.25917056, 0.25119838, 0.25716478, 0.2523934, 0.26129773, 0.25338697, 0.25787783, 0.24462454, 0.25356808, 0.25204074, 0.23559651, 0.24624163, 0.2585432, 0.25140974, 0.2447961, 0.2497307, 0.25986484, 0.26054966, 0.24709542, 0.25287804, 0.24993958, 0.24737322, 0.26373783, 0.24929522, 0.26133448, 0.2470164, 0.25468954, 0.24702688], 0.8: [2.0691695, 2.0055149, 2.0240135, 1.987915, 1.9929366, 2.0038044, 1.9988953, 1.9790537, 2.0133576, 2.0032108, 1.9779485, 2.013351, 1.9773357, 2.009654, 1.9817505, 2.0085204, 2.0013547, 1.9929172, 1.9894036, 1.9987137, 2.0155292, 1.9765614, 2.027796, 2.0105724, 2.0002809, 1.992434, 1.9838822, 2.0005243, 2.012968, 1.9901142, 1.9875469, 1.9903579, 2.0001724, 2.0214088, 1.9801874, 1.9865468, 2.006927, 1.9951316, 1.9812306, 2.0093648, 2.0082395, 1.96741, 1.9830683, 1.993735, 1.990026, 2.0124466, 1.9861867, 2.011738, 1.9979743, 1.9608897, 2.0107067, 1.9864241, 1.9987454, 1.9846842, 1.9960562, 1.9978046, 1.9928216, 1.9660136, 1.9756206, 2.0078983, 1.9814416, 1.9876144, 1.984967, 1.9835268, 1.9871403, 2.0027208, 1.9989318, 1.9821031, 1.9944437, 2.008541, 1.9786395, 2.0212755, 1.9947637, 1.9953809, 1.9912343, 1.997747, 2.0128558, 1.9851116, 1.9870621, 2.0052576, 1.9837462, 2.000703, 1.981335, 1.9974756, 2.0032732, 2.020019, 1.9805042, 1.9805068, 1.9847296, 2.0008323, 1.9627486, 2.0034406, 1.9810135, 1.9729863, 1.9790057, 1.9850962, 1.9812849, 2.017703, 1.9835875, 1.9952145], 1.0: [nan, nan, nan, nan, nan, nan, nan, nan, nan, nan, nan, nan, nan, nan, nan, nan, nan, nan, nan, nan, nan, nan, nan, nan, nan, nan, nan, nan, nan, nan, nan, nan, nan, nan, nan, nan, nan, nan, nan, nan, nan, nan, nan, nan, nan, nan, nan, nan, nan, nan, nan, nan, nan, nan, nan, nan, nan, nan, nan, nan, nan, nan, nan, nan, nan, nan, nan, nan, nan, nan, nan, nan, nan, nan, nan, nan, nan, nan, nan, nan, nan, nan, nan, nan, nan, nan, nan, nan, nan, nan, nan, nan, nan, nan, nan, nan, nan, nan, nan, nan], 0.4: [1.2621921, 0.84196657, 0.7502822, 0.74455094, 0.74553543, 0.7260632, 0.72669846, 0.7407383, 0.74417466, 0.7304944, 0.75286436, 0.7416058, 0.71799874, 0.72544396, 0.739346, 0.7366478, 0.72246635, 0.73262477, 0.746193, 0.722834, 0.7407066, 0.7499496, 0.7255022, 0.7146053, 0.73895925, 0.74327654, 0.7432298, 0.7360143, 0.7444155, 0.71808124, 0.7389209, 0.73215264, 0.72136766, 0.7308805, 0.7369004, 0.74479425, 0.727803, 0.7486702, 0.7304962, 0.738548, 0.712447, 0.71046376, 0.733117, 0.73317033, 0.75545865, 0.7245519, 0.7314199, 0.72355556, 0.74648666, 0.74796706, 0.76062274, 0.72101766, 0.7371636, 0.745966, 0.740201, 0.73592687, 0.7451353, 0.73883665, 0.7530146, 0.74455637, 0.7472431, 0.72329605, 0.7541804, 0.7437026, 0.7572867, 0.73785096, 0.76126647, 0.7265065, 0.7445933, 0.71312016, 0.71228796, 0.75385046, 0.7417043, 0.7374884, 0.73804075, 0.7359977, 0.7385016, 0.7187136, 0.73933226, 0.7452008, 0.73605454, 0.7400954, 0.7275039, 0.734659, 0.74984443, 0.7577759, 0.75596386, 0.7259461, 0.72786707, 0.730062, 0.7444366, 0.7290418, 0.7487757, 0.74691755, 0.7418823, 0.7531106, 0.74819875, 0.72310734, 0.7140398, 0.717997], 0.6: [1.5910385, 1.3302577, 1.3197529, 1.3310252, 1.3441466, 1.3429706, 1.332148, 1.343878, 1.3267307, 1.3173018, 1.3365237, 1.3255844, 1.3239306, 1.3580735, 1.3425342, 1.348542, 1.3389581, 1.3352617, 1.3148284, 1.3529166, 1.3430874, 1.3395642, 1.3421786, 1.3317858, 1.3277966, 1.3597062, 1.3337325, 1.3214821, 1.3374254, 1.3233267, 1.3443979, 1.3202127, 1.3031836, 1.321784, 1.3263859, 1.3119051, 1.3234626, 1.295048, 1.3396218, 1.3108705, 1.3403909, 1.3234112, 1.3086689, 1.3429298, 1.3049389, 1.356983, 1.3320739, 1.3315686, 1.3535763, 1.3527908, 1.3479632, 1.3663846, 1.3270007, 1.3334782, 1.3196312, 1.3292421, 1.3238462, 1.3259789, 1.3085825, 1.3080913, 1.356565, 1.3200762, 1.3284374, 1.3360238, 1.322748, 1.3267387, 1.3334208, 1.3317661, 1.3168144, 1.3537543, 1.3099047, 1.3278406, 1.3307363, 1.3258209, 1.3373905, 1.3539779, 1.3398101, 1.3337303, 1.3202195, 1.3268392, 1.3196847, 1.3467337, 1.3214587, 1.31656, 1.3637713, 1.3288932, 1.3115139, 1.291649, 1.3465357, 1.3268234, 1.363695, 1.316514, 1.3315109, 1.3393501, 1.3034668, 1.3216004, 1.3349808, 1.3513051, 1.3465698, 1.324913]}
{0.0: [0.6314286, 0.6571429, 0.6542857, 0.6571429, 0.6557143, 0.6571429, 0.6585714, 0.6614286, 0.6614286, 0.6614286, 0.66, 0.6585714, 0.6585714, 0.66, 0.66, 0.6628571, 0.66571426, 0.6642857, 0.6642857, 0.6642857, 0.66571426, 0.6628571, 0.6642857, 0.6642857, 0.66571426, 0.66571426, 0.66571426, 0.66571426, 0.66571426, 0.66571426, 0.66571426, 0.66714287, 0.66714287, 0.66714287, 0.66714287, 0.6685714, 0.6685714, 0.67, 0.67142856, 0.67, 0.67, 0.67, 0.67, 0.67, 0.67142856, 0.67142856, 0.67285717, 0.67285717, 0.67285717, 0.67285717, 0.67285717, 0.67285717, 0.67285717, 0.67285717, 0.67285717, 0.67285717, 0.67285717, 0.67285717, 0.6742857, 0.6742857, 0.6742857, 0.6742857, 0.6742857, 0.6742857, 0.6742857, 0.6742857, 0.6742857, 0.6742857, 0.6742857, 0.6742857, 0.6757143, 0.67714286, 0.67714286, 0.67714286, 0.6757143, 0.6757143, 0.6757143, 0.67714286, 0.67714286, 0.67714286, 0.67714286, 0.67714286, 0.67714286, 0.67714286, 0.67714286, 0.67714286, 0.67714286, 0.67714286, 0.6757143, 0.6757143, 0.6757143, 0.6757143, 0.6757143, 0.6757143, 0.6757143, 0.6757143, 0.6757143, 0.6757143, 0.6757143, 0.6757143], 0.2: [0.67142856, 0.7557143, 0.7557143, 0.76428574, 0.76428574, 0.76285714, 0.7657143, 0.77, 0.76857144, 0.77, 0.76714283, 0.7714286, 0.7714286, 0.77, 0.7728571, 0.7728571, 0.7728571, 0.7728571, 0.7714286, 0.7714286, 0.7714286, 0.7714286, 0.7714286, 0.7728571, 0.7728571, 0.7728571, 0.77428573, 0.77428573, 0.7728571, 0.7757143, 0.77428573, 0.77428573, 0.7771429, 0.7771429, 0.7771429, 0.78, 0.7771429, 0.7771429, 0.7771429, 0.7785714, 0.7785714, 0.7785714, 0.7771429, 0.7771429, 0.7785714, 0.7771429, 0.7785714, 0.7785714, 0.7785714, 0.7785714, 0.7757143, 0.7771429, 0.7771429, 0.7757143, 0.7771429, 0.7771429, 0.7771429, 0.7771429, 0.7771429, 0.7771429, 0.7785714, 0.7771429, 0.7785714, 0.7785714, 0.7757143, 0.7757143, 0.7757143, 0.7757143, 0.7757143, 0.7757143, 0.7757143, 0.7757143, 0.7757143, 0.7757143, 0.7757143, 0.7757143, 0.7757143, 0.7771429, 0.7757143, 0.7757143, 0.7771429, 0.7785714, 0.7771429, 0.7771429, 0.7771429, 0.7771429, 0.7771429, 0.7771429, 0.7771429, 0.7771429, 0.7785714, 0.7785714, 0.7785714, 0.7771429, 0.7771429, 0.7771429, 0.7785714, 0.7785714, 0.7785714, 0.7785714], 0.8: [0.80857146, 0.8457143, 0.8471429, 0.8414286, 0.8442857, 0.85, 0.8542857, 0.85, 0.8528572, 0.8528572, 0.85, 0.8528572, 0.8471429, 0.8485714, 0.8528572, 0.8485714, 0.8471429, 0.8471429, 0.85, 0.85, 0.85142857, 0.85142857, 0.85142857, 0.85, 0.8485714, 0.8485714, 0.8485714, 0.85142857, 0.8485714, 0.85714287, 0.86714286, 0.8542857, 0.8542857, 0.86, 0.85571426, 0.85571426, 0.8585714, 0.8585714, 0.8528572, 0.8542857, 0.85714287, 0.85571426, 0.85714287, 0.85571426, 0.85571426, 0.85571426, 0.8585714, 0.85714287, 0.85571426, 0.8585714, 0.8585714, 0.86142856, 0.86285716, 0.86, 0.86, 0.86285716, 0.86142856, 0.86, 0.86142856, 0.86, 0.8642857, 0.86, 0.86, 0.85714287, 0.85714287, 0.85571426, 0.8542857, 0.85714287, 0.8542857, 0.85714287, 0.85714287, 0.85714287, 0.85714287, 0.85571426, 0.8542857, 0.85714287, 0.85714287, 0.8542857, 0.85571426, 0.8485714, 0.85, 0.8528572, 0.85714287, 0.85714287, 0.85714287, 0.8585714, 0.8585714, 0.8585714, 0.8585714, 0.8585714, 0.86, 0.86, 0.86, 0.86142856, 0.86285716, 0.86142856, 0.86285716, 0.86285716, 0.86285716, 0.86142856], 1.0: [0.0, 0.0, 0.0, 0.0, 0.0, 0.0, 0.0, 0.0, 0.0, 0.0, 0.0, 0.0, 0.0, 0.0, 0.0, 0.0, 0.0, 0.0, 0.0, 0.0, 0.0, 0.0, 0.0, 0.0, 0.0, 0.0, 0.0, 0.0, 0.0, 0.0, 0.0, 0.0, 0.0, 0.0, 0.0, 0.0, 0.0, 0.0, 0.0, 0.0, 0.0, 0.0, 0.0, 0.0, 0.0, 0.0, 0.0, 0.0, 0.0, 0.0, 0.0, 0.0, 0.0, 0.0, 0.0, 0.0, 0.0, 0.0, 0.0, 0.0, 0.0, 0.0, 0.0, 0.0, 0.0, 0.0, 0.0, 0.0, 0.0, 0.0, 0.0, 0.0, 0.0, 0.0, 0.0, 0.0, 0.0, 0.0, 0.0, 0.0, 0.0, 0.0, 0.0, 0.0, 0.0, 0.0, 0.0, 0.0, 0.0, 0.0, 0.0, 0.0, 0.0, 0.0, 0.0, 0.0, 0.0, 0.0, 0.0, 0.0], 0.4: [0.7014286, 0.68857145, 0.6742857, 0.6942857, 0.6942857, 0.6957143, 0.69714284, 0.7, 0.7014286, 0.71, 0.70714283, 0.7185714, 0.73285717, 0.7342857, 0.73714286, 0.73571426, 0.7385714, 0.73714286, 0.74142855, 0.74285716, 0.7442857, 0.74285716, 0.74285716, 0.7457143, 0.74857146, 0.75, 0.75, 0.75142854, 0.75, 0.7542857, 0.75285715, 0.7542857, 0.7542857, 0.7542857, 0.7542857, 0.7542857, 0.7557143, 0.75714284, 0.75714284, 0.75714284, 0.75714284, 0.75857145, 0.75857145, 0.75857145, 0.75857145, 0.75857145, 0.75857145, 0.75857145, 0.76, 0.76, 0.76, 0.76, 0.7614286, 0.7614286, 0.7614286, 0.7614286, 0.7614286, 0.7614286, 0.7614286, 0.7614286, 0.7614286, 0.7614286, 0.7614286, 0.76, 0.76, 0.76, 0.76, 0.76, 0.7614286, 0.7614286, 0.7614286, 0.7614286, 0.7614286, 0.7614286, 0.7614286, 0.76285714, 0.76285714, 0.76285714, 0.76285714, 0.76285714, 0.76285714, 0.76285714, 0.76285714, 0.76285714, 0.76285714, 0.76285714, 0.76285714, 0.76285714, 0.76285714, 0.76285714, 0.76285714, 0.76285714, 0.76285714, 0.76285714, 0.76285714, 0.76285714, 0.76285714, 0.76285714, 0.76285714, 0.76428574], 0.6: [0.74714285, 0.79285717, 0.7942857, 0.79571426, 0.79142857, 0.79, 0.79, 0.79142857, 0.79, 0.79142857, 0.79285717, 0.79142857, 0.7942857, 0.7942857, 0.79571426, 0.79714286, 0.79714286, 0.79571426, 0.79714286, 0.79571426, 0.79714286, 0.79714286, 0.79714286, 0.79714286, 0.79714286, 0.79714286, 0.79714286, 0.79714286, 0.79714286, 0.79714286, 0.79714286, 0.79714286, 0.79714286, 0.79714286, 0.79714286, 0.79714286, 0.79714286, 0.79714286, 0.79714286, 0.79714286, 0.79714286, 0.79714286, 0.79714286, 0.79714286, 0.7985714, 0.7985714, 0.79714286, 0.79714286, 0.79714286, 0.79714286, 0.79714286, 0.79714286, 0.79714286, 0.7985714, 0.79714286, 0.8, 0.79714286, 0.8, 0.8, 0.8, 0.8, 0.8, 0.8, 0.80142856, 0.80142856, 0.80142856, 0.80285716, 0.80285716, 0.8042857, 0.8042857, 0.8057143, 0.8057143, 0.8057143, 0.8057143, 0.8057143, 0.8057143, 0.8057143, 0.8057143, 0.80714285, 0.8057143, 0.8057143, 0.8057143, 0.80714285, 0.80857146, 0.80857146, 0.80857146, 0.80857146, 0.80857146, 0.80857146, 0.80714285, 0.80714285, 0.80714285, 0.80714285, 0.80714285, 0.80714285, 0.80714285, 0.80857146, 0.80714285, 0.80714285, 0.80714285]}
2018-11-10 18:57:04.737868: I tensorflow/core/platform/cpu_feature_guard.cc:140] Your CPU supports instructions that this TensorFlow binary was not compiled to use: AVX2 FMA
2018-11-10 18:57:05.611449: I tensorflow/core/common_runtime/gpu/gpu_device.cc:1356] Found device 0 with properties: 
name: Tesla P100-PCIE-16GB major: 6 minor: 0 memoryClockRate(GHz): 1.3285
pciBusID: 0000:81:00.0
totalMemory: 15.90GiB freeMemory: 15.61GiB
2018-11-10 18:57:05.611502: I tensorflow/core/common_runtime/gpu/gpu_device.cc:1435] Adding visible gpu devices: 0
2018-11-10 18:57:05.990355: I tensorflow/core/common_runtime/gpu/gpu_device.cc:923] Device interconnect StreamExecutor with strength 1 edge matrix:
2018-11-10 18:57:05.990441: I tensorflow/core/common_runtime/gpu/gpu_device.cc:929]      0 
2018-11-10 18:57:05.990454: I tensorflow/core/common_runtime/gpu/gpu_device.cc:942] 0:   N 
2018-11-10 18:57:05.990902: I tensorflow/core/common_runtime/gpu/gpu_device.cc:1053] Created TensorFlow device (/job:localhost/replica:0/task:0/device:GPU:0 with 15135 MB memory) -> physical GPU (device: 0, name: Tesla P100-PCIE-16GB, pci bus id: 0000:81:00.0, compute capability: 6.0)
2018-11-10 19:02:43.568602: I tensorflow/core/common_runtime/gpu/gpu_device.cc:1435] Adding visible gpu devices: 0
2018-11-10 19:02:43.569730: I tensorflow/core/common_runtime/gpu/gpu_device.cc:923] Device interconnect StreamExecutor with strength 1 edge matrix:
2018-11-10 19:02:43.569753: I tensorflow/core/common_runtime/gpu/gpu_device.cc:929]      0 
2018-11-10 19:02:43.569769: I tensorflow/core/common_runtime/gpu/gpu_device.cc:942] 0:   N 
2018-11-10 19:02:43.569975: I tensorflow/core/common_runtime/gpu/gpu_device.cc:1053] Created TensorFlow device (/job:localhost/replica:0/task:0/device:GPU:0 with 15135 MB memory) -> physical GPU (device: 0, name: Tesla P100-PCIE-16GB, pci bus id: 0000:81:00.0, compute capability: 6.0)
2018-11-10 19:08:34.691649: I tensorflow/core/common_runtime/gpu/gpu_device.cc:1435] Adding visible gpu devices: 0
2018-11-10 19:08:34.692462: I tensorflow/core/common_runtime/gpu/gpu_device.cc:923] Device interconnect StreamExecutor with strength 1 edge matrix:
2018-11-10 19:08:34.692481: I tensorflow/core/common_runtime/gpu/gpu_device.cc:929]      0 
2018-11-10 19:08:34.692487: I tensorflow/core/common_runtime/gpu/gpu_device.cc:942] 0:   N 
2018-11-10 19:08:34.692717: I tensorflow/core/common_runtime/gpu/gpu_device.cc:1053] Created TensorFlow device (/job:localhost/replica:0/task:0/device:GPU:0 with 15135 MB memory) -> physical GPU (device: 0, name: Tesla P100-PCIE-16GB, pci bus id: 0000:81:00.0, compute capability: 6.0)
/usr/lib/python3.5/importlib/_bootstrap.py:222: RuntimeWarning: numpy.dtype size changed, may indicate binary incompatibility. Expected 96, got 88
  return f(*args, **kwds)
/usr/lib/python3.5/importlib/_bootstrap.py:222: RuntimeWarning: numpy.dtype size changed, may indicate binary incompatibility. Expected 96, got 88
  return f(*args, **kwds)
/usr/lib/python3.5/importlib/_bootstrap.py:222: RuntimeWarning: numpy.dtype size changed, may indicate binary incompatibility. Expected 96, got 88
  return f(*args, **kwds)
/usr/lib/python3.5/importlib/_bootstrap.py:222: RuntimeWarning: numpy.dtype size changed, may indicate binary incompatibility. Expected 96, got 88
  return f(*args, **kwds)
/usr/lib/python3.5/importlib/_bootstrap.py:222: RuntimeWarning: numpy.dtype size changed, may indicate binary incompatibility. Expected 96, got 88
  return f(*args, **kwds)
/usr/lib/python3.5/importlib/_bootstrap.py:222: RuntimeWarning: numpy.dtype size changed, may indicate binary incompatibility. Expected 96, got 88
  return f(*args, **kwds)
/usr/lib/python3.5/importlib/_bootstrap.py:222: RuntimeWarning: numpy.dtype size changed, may indicate binary incompatibility. Expected 96, got 88
  return f(*args, **kwds)
Total words: 38658
vanilla_model
epoch: 0, entropy: 2.39843 accuracy: 0.117142856
epoch: 10, entropy: 2.63229 accuracy: 0.071428575
epoch: 20, entropy: 2.48094 accuracy: 0.08
epoch: 30, entropy: 2.44947 accuracy: 0.08142857
epoch: 40, entropy: 2.45274 accuracy: 0.08
epoch: 50, entropy: 2.45092 accuracy: 0.08285714
epoch: 60, entropy: 2.6177 accuracy: 0.09714286
epoch: 70, entropy: 2.61608 accuracy: 0.09714286
epoch: 80, entropy: 2.601 accuracy: 0.07857143
epoch: 90, entropy: 2.60117 accuracy: 0.08142857
lstm_model
epoch: 0, entropy: 2.23146 accuracy: 0.16428572
epoch: 10, entropy: 1.5043 accuracy: 0.30285713
epoch: 20, entropy: 0.097901 accuracy: 0.49714285
epoch: 30, entropy: 0.11734 accuracy: 0.47857141
epoch: 40, entropy: 0.0170177 accuracy: 0.5157143
epoch: 50, entropy: 0.003813 accuracy: 0.5157143
epoch: 60, entropy: 0.0252034 accuracy: 0.49857143
epoch: 70, entropy: 0.00296347 accuracy: 0.48857144
epoch: 80, entropy: 0.0329983 accuracy: 0.49857143
epoch: 90, entropy: 0.00484117 accuracy: 0.5057143
twolayer_model
epoch: 0, entropy: 1.22013 accuracy: 0.41714287
epoch: 10, entropy: 0.104572 accuracy: 0.5328571
epoch: 20, entropy: 0.00150765 accuracy: 0.5957143
epoch: 30, entropy: 0.000709933 accuracy: 0.5928571
epoch: 40, entropy: 0.000417824 accuracy: 0.5942857
epoch: 50, entropy: 0.00027219 accuracy: 0.5985714
epoch: 60, entropy: 0.00018796 accuracy: 0.60571426
epoch: 70, entropy: 0.00013477 accuracy: 0.60714287
epoch: 80, entropy: 9.91886e-05 accuracy: 0.60571426
epoch: 90, entropy: 7.43908e-05 accuracy: 0.6028572
{'twolayer_model': [1.2201259, 0.20882118, 0.043990254, 0.020095719, 0.012381132, 0.0086213015, 0.0064401836, 0.005037516, 0.004075702, 0.00338196, 0.10457201, 0.010712866, 0.006078189, 0.00416657, 0.003313202, 0.002776878, 0.0023901602, 0.0020942613, 0.0018591954, 0.0016673655, 0.0015076505, 0.0013725037, 0.0012566119, 0.0011561556, 0.0010682738, 0.0009907649, 0.0009219202, 0.00086039817, 0.0008051169, 0.00075520406, 0.00070993276, 0.0006687119, 0.0006310379, 0.00059649046, 0.0005647168, 0.00053540705, 0.00050830416, 0.00048318092, 0.0004598376, 0.0004381033, 0.00041782376, 0.00039887225, 0.00038112496, 0.00036448205, 0.0003488516, 0.00033414733, 0.0003202966, 0.00030723488, 0.00029489616, 0.00028323216, 0.00027218988, 0.00026172798, 0.0002518034, 0.00024237856, 0.0002334212, 0.00022490122, 0.0002167928, 0.00020906758, 0.00020170001, 0.00019467286, 0.00018795967, 0.00018154706, 0.00017541449, 0.00016954831, 0.00016392977, 0.00015854886, 0.00015339222, 0.00014844704, 0.00014370194, 0.0001391452, 0.00013477019, 0.00013056606, 0.00012652468, 0.00012263881, 0.00011889988, 0.00011530111, 0.00011183613, 0.00010850005, 0.00010528047, 0.00010218027, 9.918862e-05, 9.6303265e-05, 9.351806e-05, 9.083137e-05, 8.8234796e-05, 8.572736e-05, 8.3304425e-05, 8.0961996e-05, 7.869899e-05, 7.6508884e-05, 7.43908e-05, 7.234286e-05, 7.036036e-05, 6.843902e-05, 6.657993e-05, 6.477794e-05, 6.303421e-05, 6.134246e-05, 5.97043e-05, 5.81134e-05], 'lstm_model': [2.2314558, 2.074388, 1.8756168, 1.779309, 1.6315267, 1.6335473, 1.769307, 1.6216978, 1.378975, 1.1879495, 1.5043044, 0.8519071, 0.6905381, 0.42448756, 0.30934837, 0.22012769, 0.15793785, 0.12166262, 0.08683302, 0.42266443, 0.09790098, 0.065336995, 0.061213985, 0.054526243, 0.035697214, 0.02806506, 0.033442557, 0.024981145, 0.017801072, 0.014223284, 0.117340095, 0.02483851, 0.016854338, 0.012935677, 0.010466164, 0.36620116, 0.06052302, 0.03211989, 0.026790826, 0.01767402, 0.017017722, 0.011653772, 0.0095214015, 0.008021467, 0.006808714, 0.005987435, 0.0053252825, 0.004662635, 0.0042701955, 0.003771211, 0.0038129997, 0.0029473726, 0.0027214945, 0.020064466, 0.5277905, 0.06861478, 0.0359411, 0.022102255, 0.015414611, 0.013346134, 0.025203383, 0.015390252, 0.010419906, 0.0081144245, 0.006573905, 0.0069093597, 0.005152011, 0.004370372, 0.0042141224, 0.0033617578, 0.0029634708, 0.0026478777, 0.0023864382, 0.005155765, 2.0193584, 0.41064394, 0.12632954, 0.37511963, 0.12454685, 0.05313957, 0.03299833, 0.023342682, 0.017759904, 0.014231347, 0.011761153, 0.011191907, 0.008910594, 0.0075140544, 0.006882985, 0.005586159, 0.004841167, 0.0042422144, 0.0037471056, 0.003306729, 0.0029372189, 0.0026194262, 0.0023444716, 0.0021194601, 0.0019284866, 0.0018363809], 'vanilla_model': [2.3984313, 2.577574, 2.3634393, 2.4121182, 2.6482272, 2.6344402, 2.633505, 2.6330457, 2.6326797, 2.6323402, 2.632285, 2.6318233, 2.6315193, 2.6312437, 2.6306286, 2.5015159, 2.4379663, 2.4427183, 2.4858584, 2.4817944, 2.480939, 2.4785173, 2.4769828, 2.4755726, 2.4736779, 2.470658, 2.5003192, 2.4168384, 2.388576, 2.3392596, 2.4494672, 2.452137, 2.450896, 2.4516225, 2.452963, 2.4515545, 2.4515553, 2.4519677, 2.4514482, 2.4525332, 2.45274, 2.4521613, 2.4521406, 2.4512548, 2.4511566, 2.4514132, 2.4513903, 2.4515793, 2.4512897, 2.4506774, 2.450919, 2.6190534, 2.6180398, 2.6178892, 2.6178184, 2.6178045, 2.617756, 2.6178257, 2.6173403, 2.6174238, 2.617701, 2.6175432, 2.617414, 2.617711, 2.6175375, 2.617981, 2.6184661, 2.6180599, 2.6171565, 2.6161146, 2.6160781, 2.6160715, 2.615577, 2.6159775, 2.6158993, 2.5713031, 2.6023936, 2.6010816, 2.601338, 2.6014233, 2.6010027, 2.6011255, 2.6012175, 2.6019068, 2.601873, 2.6018558, 2.6020327, 2.6015637, 2.6016371, 2.6012168, 2.6011698, 2.6005278, 2.6000764, 2.5992615, 2.5974617, 2.6145532, 2.6276724, 2.60024, 2.597789, 2.5977826]}
{'twolayer_model': [0.41714287, 0.5285714, 0.54571426, 0.54714286, 0.55, 0.5485714, 0.54571426, 0.5442857, 0.54571426, 0.5542857, 0.5328571, 0.58428574, 0.5857143, 0.5814286, 0.5914286, 0.59, 0.59, 0.59, 0.59, 0.5928571, 0.5957143, 0.5928571, 0.5914286, 0.5914286, 0.5914286, 0.5942857, 0.5942857, 0.5928571, 0.5942857, 0.5942857, 0.5928571, 0.5914286, 0.5928571, 0.5928571, 0.5928571, 0.5928571, 0.5928571, 0.5914286, 0.5914286, 0.5928571, 0.5942857, 0.5942857, 0.5942857, 0.5942857, 0.5928571, 0.5942857, 0.5957143, 0.5957143, 0.5942857, 0.5971429, 0.5985714, 0.6, 0.6028572, 0.6028572, 0.6028572, 0.6042857, 0.6042857, 0.6042857, 0.60714287, 0.60714287, 0.60571426, 0.60571426, 0.60571426, 0.60571426, 0.60571426, 0.60571426, 0.60571426, 0.60571426, 0.60571426, 0.60571426, 0.60714287, 0.60714287, 0.60714287, 0.60714287, 0.60714287, 0.60714287, 0.60714287, 0.60571426, 0.60571426, 0.60571426, 0.60571426, 0.60571426, 0.60571426, 0.60571426, 0.60714287, 0.60571426, 0.60571426, 0.60571426, 0.60571426, 0.6042857, 0.6028572, 0.60142857, 0.60142857, 0.60142857, 0.60142857, 0.60142857, 0.60142857, 0.60142857, 0.60142857, 0.60142857], 'lstm_model': [0.16428572, 0.14428571, 0.17857143, 0.17714286, 0.25, 0.23571429, 0.24428572, 0.25714287, 0.27714285, 0.35714287, 0.30285713, 0.39142856, 0.43142858, 0.50714284, 0.5114286, 0.51857144, 0.50857145, 0.50714284, 0.49, 0.4457143, 0.49714285, 0.51, 0.50714284, 0.47428572, 0.49857143, 0.49714285, 0.51285714, 0.50714284, 0.49857143, 0.49571428, 0.47857141, 0.49142858, 0.50285715, 0.50142854, 0.50285715, 0.49, 0.52, 0.51714283, 0.52, 0.52428573, 0.5157143, 0.5114286, 0.51857144, 0.51857144, 0.51714283, 0.51857144, 0.52, 0.51285714, 0.51285714, 0.51714283, 0.5157143, 0.51428574, 0.51285714, 0.5157143, 0.45285714, 0.49714285, 0.5, 0.49571428, 0.49571428, 0.49571428, 0.49857143, 0.49, 0.48857144, 0.49285713, 0.49571428, 0.5, 0.49714285, 0.49857143, 0.49857143, 0.49, 0.48857144, 0.49285713, 0.49142858, 0.48857144, 0.30285713, 0.43285716, 0.4757143, 0.42, 0.49142858, 0.50142854, 0.49857143, 0.5, 0.5, 0.49714285, 0.50142854, 0.50142854, 0.5042857, 0.49857143, 0.50142854, 0.5042857, 0.5057143, 0.5042857, 0.50285715, 0.5042857, 0.5057143, 0.5042857, 0.50714284, 0.50714284, 0.50714284, 0.5057143], 'vanilla_model': [0.117142856, 0.07714286, 0.074285716, 0.071428575, 0.071428575, 0.07, 0.07, 0.071428575, 0.071428575, 0.071428575, 0.071428575, 0.071428575, 0.071428575, 0.071428575, 0.071428575, 0.08285714, 0.07, 0.07571428, 0.08142857, 0.08, 0.08, 0.08, 0.07857143, 0.07857143, 0.08, 0.08, 0.08142857, 0.08, 0.08285714, 0.084285714, 0.08142857, 0.08142857, 0.08142857, 0.08142857, 0.08, 0.08, 0.08, 0.08, 0.08, 0.08, 0.08, 0.08142857, 0.08142857, 0.08142857, 0.08, 0.08142857, 0.08142857, 0.08285714, 0.08285714, 0.08285714, 0.08285714, 0.10142857, 0.09857143, 0.09857143, 0.09857143, 0.09857143, 0.09857143, 0.09857143, 0.09857143, 0.09714286, 0.09714286, 0.1, 0.1, 0.1, 0.1, 0.1, 0.1, 0.1, 0.09428571, 0.09714286, 0.09714286, 0.09714286, 0.09714286, 0.11285714, 0.09142857, 0.087142855, 0.105714284, 0.095714286, 0.095714286, 0.074285716, 0.07857143, 0.08, 0.08, 0.08142857, 0.08, 0.07714286, 0.07714286, 0.074285716, 0.07571428, 0.08142857, 0.08142857, 0.08285714, 0.09, 0.084285714, 0.084285714, 0.07857143, 0.08142857, 0.08571429, 0.058571428, 0.058571428]}
