2018-11-10 23:18:20.102520: I tensorflow/core/platform/cpu_feature_guard.cc:140] Your CPU supports instructions that this TensorFlow binary was not compiled to use: AVX2 FMA
2018-11-10 23:18:22.004450: I tensorflow/core/common_runtime/gpu/gpu_device.cc:1356] Found device 0 with properties: 
name: Tesla P100-PCIE-16GB major: 6 minor: 0 memoryClockRate(GHz): 1.3285
pciBusID: 0000:81:00.0
totalMemory: 15.90GiB freeMemory: 15.61GiB
2018-11-10 23:18:22.004529: I tensorflow/core/common_runtime/gpu/gpu_device.cc:1435] Adding visible gpu devices: 0
2018-11-10 23:18:22.427576: I tensorflow/core/common_runtime/gpu/gpu_device.cc:923] Device interconnect StreamExecutor with strength 1 edge matrix:
2018-11-10 23:18:22.427644: I tensorflow/core/common_runtime/gpu/gpu_device.cc:929]      0 
2018-11-10 23:18:22.427657: I tensorflow/core/common_runtime/gpu/gpu_device.cc:942] 0:   N 
2018-11-10 23:18:22.428036: I tensorflow/core/common_runtime/gpu/gpu_device.cc:1053] Created TensorFlow device (/job:localhost/replica:0/task:0/device:GPU:0 with 15135 MB memory) -> physical GPU (device: 0, name: Tesla P100-PCIE-16GB, pci bus id: 0000:81:00.0, compute capability: 6.0)
2018-11-10 23:22:58.965842: I tensorflow/core/common_runtime/gpu/gpu_device.cc:1435] Adding visible gpu devices: 0
2018-11-10 23:22:58.966760: I tensorflow/core/common_runtime/gpu/gpu_device.cc:923] Device interconnect StreamExecutor with strength 1 edge matrix:
2018-11-10 23:22:58.966784: I tensorflow/core/common_runtime/gpu/gpu_device.cc:929]      0 
2018-11-10 23:22:58.966797: I tensorflow/core/common_runtime/gpu/gpu_device.cc:942] 0:   N 
2018-11-10 23:22:58.967030: I tensorflow/core/common_runtime/gpu/gpu_device.cc:1053] Created TensorFlow device (/job:localhost/replica:0/task:0/device:GPU:0 with 15135 MB memory) -> physical GPU (device: 0, name: Tesla P100-PCIE-16GB, pci bus id: 0000:81:00.0, compute capability: 6.0)
2018-11-10 23:27:37.024453: I tensorflow/core/common_runtime/gpu/gpu_device.cc:1435] Adding visible gpu devices: 0
2018-11-10 23:27:37.025394: I tensorflow/core/common_runtime/gpu/gpu_device.cc:923] Device interconnect StreamExecutor with strength 1 edge matrix:
2018-11-10 23:27:37.025412: I tensorflow/core/common_runtime/gpu/gpu_device.cc:929]      0 
2018-11-10 23:27:37.025419: I tensorflow/core/common_runtime/gpu/gpu_device.cc:942] 0:   N 
2018-11-10 23:27:37.025630: I tensorflow/core/common_runtime/gpu/gpu_device.cc:1053] Created TensorFlow device (/job:localhost/replica:0/task:0/device:GPU:0 with 15135 MB memory) -> physical GPU (device: 0, name: Tesla P100-PCIE-16GB, pci bus id: 0000:81:00.0, compute capability: 6.0)
2018-11-10 23:32:08.315867: I tensorflow/core/common_runtime/gpu/gpu_device.cc:1435] Adding visible gpu devices: 0
2018-11-10 23:32:08.316959: I tensorflow/core/common_runtime/gpu/gpu_device.cc:923] Device interconnect StreamExecutor with strength 1 edge matrix:
2018-11-10 23:32:08.316994: I tensorflow/core/common_runtime/gpu/gpu_device.cc:929]      0 
2018-11-10 23:32:08.317011: I tensorflow/core/common_runtime/gpu/gpu_device.cc:942] 0:   N 
2018-11-10 23:32:08.317336: I tensorflow/core/common_runtime/gpu/gpu_device.cc:1053] Created TensorFlow device (/job:localhost/replica:0/task:0/device:GPU:0 with 15135 MB memory) -> physical GPU (device: 0, name: Tesla P100-PCIE-16GB, pci bus id: 0000:81:00.0, compute capability: 6.0)
2018-11-10 23:36:38.260264: I tensorflow/core/common_runtime/gpu/gpu_device.cc:1435] Adding visible gpu devices: 0
2018-11-10 23:36:38.261153: I tensorflow/core/common_runtime/gpu/gpu_device.cc:923] Device interconnect StreamExecutor with strength 1 edge matrix:
2018-11-10 23:36:38.261170: I tensorflow/core/common_runtime/gpu/gpu_device.cc:929]      0 
2018-11-10 23:36:38.261176: I tensorflow/core/common_runtime/gpu/gpu_device.cc:942] 0:   N 
2018-11-10 23:36:38.261361: I tensorflow/core/common_runtime/gpu/gpu_device.cc:1053] Created TensorFlow device (/job:localhost/replica:0/task:0/device:GPU:0 with 15135 MB memory) -> physical GPU (device: 0, name: Tesla P100-PCIE-16GB, pci bus id: 0000:81:00.0, compute capability: 6.0)
2018-11-10 23:41:07.915280: I tensorflow/core/common_runtime/gpu/gpu_device.cc:1435] Adding visible gpu devices: 0
2018-11-10 23:41:07.916085: I tensorflow/core/common_runtime/gpu/gpu_device.cc:923] Device interconnect StreamExecutor with strength 1 edge matrix:
2018-11-10 23:41:07.916102: I tensorflow/core/common_runtime/gpu/gpu_device.cc:929]      0 
2018-11-10 23:41:07.916108: I tensorflow/core/common_runtime/gpu/gpu_device.cc:942] 0:   N 
2018-11-10 23:41:07.916338: I tensorflow/core/common_runtime/gpu/gpu_device.cc:1053] Created TensorFlow device (/job:localhost/replica:0/task:0/device:GPU:0 with 15135 MB memory) -> physical GPU (device: 0, name: Tesla P100-PCIE-16GB, pci bus id: 0000:81:00.0, compute capability: 6.0)
/usr/lib/python3.5/importlib/_bootstrap.py:222: RuntimeWarning: numpy.dtype size changed, may indicate binary incompatibility. Expected 96, got 88
  return f(*args, **kwds)
/usr/lib/python3.5/importlib/_bootstrap.py:222: RuntimeWarning: numpy.dtype size changed, may indicate binary incompatibility. Expected 96, got 88
  return f(*args, **kwds)
/usr/lib/python3.5/importlib/_bootstrap.py:222: RuntimeWarning: numpy.dtype size changed, may indicate binary incompatibility. Expected 96, got 88
  return f(*args, **kwds)
/usr/lib/python3.5/importlib/_bootstrap.py:222: RuntimeWarning: numpy.dtype size changed, may indicate binary incompatibility. Expected 96, got 88
  return f(*args, **kwds)
/usr/lib/python3.5/importlib/_bootstrap.py:222: RuntimeWarning: numpy.dtype size changed, may indicate binary incompatibility. Expected 96, got 88
  return f(*args, **kwds)
/usr/lib/python3.5/importlib/_bootstrap.py:222: RuntimeWarning: numpy.dtype size changed, may indicate binary incompatibility. Expected 96, got 88
  return f(*args, **kwds)
/usr/lib/python3.5/importlib/_bootstrap.py:222: RuntimeWarning: numpy.dtype size changed, may indicate binary incompatibility. Expected 96, got 88
  return f(*args, **kwds)
Total words: 38658
epoch: 0, entropy: 2.63413 accuracy: 0.1
epoch: 10, entropy: 0.016051 accuracy: 0.86
epoch: 20, entropy: 0.00332094 accuracy: 0.8657143
epoch: 30, entropy: 0.00115506 accuracy: 0.8657143
epoch: 40, entropy: 0.000686963 accuracy: 0.86142856
epoch: 50, entropy: 0.000389347 accuracy: 0.86
epoch: 60, entropy: 0.000309233 accuracy: 0.86142856
epoch: 70, entropy: 0.000209666 accuracy: 0.86142856
epoch: 80, entropy: 0.00015106 accuracy: 0.86142856
epoch: 90, entropy: 0.000108664 accuracy: 0.86142856
epoch: 0, entropy: 2.66755 accuracy: 0.071428575
epoch: 10, entropy: 0.57933 accuracy: 0.7557143
epoch: 20, entropy: 2.10756 accuracy: 0.63714284
epoch: 30, entropy: 0.365784 accuracy: 0.77
epoch: 40, entropy: 0.237561 accuracy: 0.72571427
epoch: 50, entropy: 0.341336 accuracy: 0.7985714
epoch: 60, entropy: 0.23184 accuracy: 0.7757143
epoch: 70, entropy: 0.27426 accuracy: 0.7885714
epoch: 80, entropy: 0.305591 accuracy: 0.7714286
epoch: 90, entropy: 0.292017 accuracy: 0.79714286
epoch: 0, entropy: 2.67635 accuracy: 0.071428575
epoch: 10, entropy: 0.839422 accuracy: 0.92285717
epoch: 20, entropy: 0.796679 accuracy: 0.92285717
epoch: 30, entropy: 0.817237 accuracy: 0.91714287
epoch: 40, entropy: 0.824779 accuracy: 0.9257143
epoch: 50, entropy: 0.753236 accuracy: 0.9142857
epoch: 60, entropy: 0.724125 accuracy: 0.93142855
epoch: 70, entropy: 1.00901 accuracy: 0.92
epoch: 80, entropy: 0.709649 accuracy: 0.9342857
epoch: 90, entropy: 1.02957 accuracy: 0.9142857
epoch: 0, entropy: 2.70132 accuracy: 0.071428575
epoch: 10, entropy: 1.87094 accuracy: 0.81142855
epoch: 20, entropy: 1.70477 accuracy: 0.91571426
epoch: 30, entropy: 1.61544 accuracy: 0.92285717
epoch: 40, entropy: 1.55033 accuracy: 0.92714286
epoch: 50, entropy: 1.41537 accuracy: 0.9257143
epoch: 60, entropy: 1.50049 accuracy: 0.9285714
epoch: 70, entropy: 1.41788 accuracy: 0.93142855
epoch: 80, entropy: 1.53872 accuracy: 0.92285717
epoch: 90, entropy: 1.61902 accuracy: 0.9242857
epoch: 0, entropy: 2.6863 accuracy: 0.071428575
epoch: 10, entropy: 2.70438 accuracy: 0.071428575
epoch: 20, entropy: 2.68486 accuracy: 0.07714286
epoch: 30, entropy: 2.67996 accuracy: 0.16714285
epoch: 40, entropy: 2.62177 accuracy: 0.25285715
epoch: 50, entropy: 2.62611 accuracy: 0.26285714
epoch: 60, entropy: 2.57629 accuracy: 0.3342857
epoch: 70, entropy: 2.5492 accuracy: 0.39285713
epoch: 80, entropy: 2.49588 accuracy: 0.3857143
epoch: 90, entropy: 2.52717 accuracy: 0.41142857
epoch: 0, entropy: nan accuracy: 0.0
epoch: 10, entropy: nan accuracy: 0.0
epoch: 20, entropy: nan accuracy: 0.0
epoch: 30, entropy: nan accuracy: 0.0
epoch: 40, entropy: nan accuracy: 0.0
epoch: 50, entropy: nan accuracy: 0.0
epoch: 60, entropy: nan accuracy: 0.0
epoch: 70, entropy: nan accuracy: 0.0
epoch: 80, entropy: nan accuracy: 0.0
epoch: 90, entropy: nan accuracy: 0.0
{0.0: [2.6341329, 2.1270385, 1.2224278, 0.75772125, 0.3641509, 0.19322595, 0.16179098, 0.03831824, 0.16090067, 0.042916633, 0.016051013, 0.029184513, 0.029853307, 0.018708525, 0.008832265, 0.12973836, 0.08183917, 0.007045392, 0.00452556, 0.004228327, 0.0033209387, 0.0027321405, 0.0021776739, 0.0020000748, 0.0018895881, 0.0016536925, 0.0014947238, 0.0014568329, 0.0013116153, 0.001308285, 0.0011550558, 0.0010264064, 0.001083496, 0.00096978433, 0.00093667035, 0.00087395695, 0.0008329889, 0.0008491984, 0.0007259203, 0.0007559034, 0.0006869632, 0.0006058621, 0.0005989366, 0.0006017438, 0.00061319245, 0.0005058127, 0.0004906401, 0.00052369887, 0.00045205327, 0.0004105562, 0.00038934711, 0.00040581287, 0.0003687507, 0.0003872349, 0.00033733575, 0.00034907224, 0.0003497075, 0.0002969167, 0.00030748866, 0.00028898823, 0.0003092332, 0.0002887164, 0.00024768614, 0.00027940655, 0.0002587291, 0.0002446296, 0.00023822962, 0.00023926931, 0.00022694701, 0.00023306842, 0.00020966641, 0.00021814235, 0.00019534375, 0.0001911061, 0.00018604271, 0.00017999997, 0.00016897041, 0.00016797223, 0.00016442736, 0.00016108493, 0.00015105994, 0.00014704317, 0.00014437365, 0.00013885676, 0.00012615681, 0.0001355474, 0.00012662333, 0.000122043384, 0.00012283445, 0.00011004245, 0.00010866401, 0.00011625906, 0.000109269444, 0.000102818216, 0.000100343095, 0.00010842127, 9.727851e-05, 9.672776e-05, 8.735616e-05, 9.120269e-05], 0.2: [2.6675463, 2.6320097, 2.1874058, 1.9746565, 1.2167165, 1.2056323, 1.2202516, 0.69502854, 0.650591, 0.41251743, 0.5793303, 0.45720342, 0.45848867, 0.4703557, 0.5832279, 0.38686597, 0.3862732, 0.2887551, 0.34908482, 0.50221986, 2.1075554, 0.5311212, 0.400584, 0.37670082, 0.3067478, 0.40748394, 0.33465663, 0.3745738, 0.38921624, 0.37694934, 0.36578357, 0.3242718, 0.45048487, 0.27488947, 0.30949667, 0.30127886, 0.39746085, 0.32094535, 0.29528525, 0.29098713, 0.23756115, 0.28990543, 0.41650784, 0.49456608, 0.41001445, 0.34891677, 0.31719223, 0.3194973, 0.3298993, 0.2587879, 0.3413357, 0.2427159, 0.2836447, 0.25516778, 0.32810676, 0.301409, 0.3471314, 0.3171301, 0.2910609, 0.279424, 0.23183985, 0.34712994, 0.20191593, 0.2957933, 0.37249154, 0.19703189, 0.32757404, 0.4263162, 0.21325698, 0.30656543, 0.2742597, 0.29064828, 0.311835, 0.32268763, 0.29594272, 0.19868024, 0.42671615, 0.33503658, 0.3992078, 0.31527266, 0.3055908, 0.26382697, 0.35353196, 0.3704757, 0.3586106, 0.32990736, 0.30632567, 0.34281182, 0.30433023, 0.2769765, 0.2920174, 0.23956023, 0.2812586, 0.41650665, 0.19815075, 0.3046704, 0.33728814, 0.2045156, 0.36674446, 0.29538426], 0.8: [2.6863034, 2.7056308, 2.7097769, 2.6937037, 2.6966262, 2.6941934, 2.6983318, 2.6901517, 2.7025332, 2.6916118, 2.7043793, 2.6970375, 2.6984773, 2.7080817, 2.6958168, 2.702549, 2.6741343, 2.695465, 2.6950397, 2.7026598, 2.6848578, 2.7001178, 2.6838067, 2.7038207, 2.6933284, 2.6846619, 2.6739702, 2.6627219, 2.6454415, 2.6947784, 2.6799588, 2.6459064, 2.6408095, 2.6902735, 2.5928023, 2.6347384, 2.6285453, 2.595766, 2.6133342, 2.604961, 2.6217666, 2.6963894, 2.6377196, 2.5378296, 2.5888016, 2.5190105, 2.6168728, 2.489466, 2.4993029, 2.5550349, 2.6261058, 2.5195818, 2.5269575, 2.6074495, 2.505071, 2.5154982, 2.4831252, 2.5529752, 2.4519908, 2.5344253, 2.5762877, 2.6939802, 2.549767, 2.446731, 2.516935, 2.489673, 2.535977, 2.5038621, 2.4408216, 2.449533, 2.5492039, 2.3525305, 2.509243, 2.5593965, 2.390084, 2.4878361, 2.4461493, 2.4776886, 2.3680243, 2.4801812, 2.4958785, 2.5449688, 2.4719973, 2.44208, 2.4611926, 2.497632, 2.4732313, 2.3761513, 2.4633944, 2.3793728, 2.5271723, 2.378253, 2.4644718, 2.4607096, 2.411645, 2.5271533, 2.3448906, 2.550589, 2.4453816, 2.446795], 1.0: [nan, nan, nan, nan, nan, nan, nan, nan, nan, nan, nan, nan, nan, nan, nan, nan, nan, nan, nan, nan, nan, nan, nan, nan, nan, nan, nan, nan, nan, nan, nan, nan, nan, nan, nan, nan, nan, nan, nan, nan, nan, nan, nan, nan, nan, nan, nan, nan, nan, nan, nan, nan, nan, nan, nan, nan, nan, nan, nan, nan, nan, nan, nan, nan, nan, nan, nan, nan, nan, nan, nan, nan, nan, nan, nan, nan, nan, nan, nan, nan, nan, nan, nan, nan, nan, nan, nan, nan, nan, nan, nan, nan, nan, nan, nan, nan, nan, nan, nan, nan], 0.4: [2.6763458, 2.666037, 2.3126385, 1.8551779, 1.7462075, 1.3113668, 1.2245154, 1.099386, 1.1209164, 0.8985601, 0.83942217, 0.8742223, 0.81174093, 0.92291373, 0.89025337, 0.9318336, 0.83120376, 1.0231514, 0.9758863, 0.8885103, 0.7966795, 0.93769175, 0.7812184, 0.8891429, 0.87754583, 0.9385263, 0.88231766, 0.82766813, 0.9611008, 0.746172, 0.81723696, 0.6922965, 0.88050544, 0.7712451, 0.88970065, 0.7907477, 0.7698794, 0.77342284, 0.8803419, 0.68494886, 0.82477933, 0.70804286, 0.8402777, 0.8751446, 0.7599382, 0.8464957, 0.8955736, 0.73625517, 0.73101884, 0.86339855, 0.7532355, 0.90155506, 0.6551645, 0.8673547, 0.8421138, 0.875677, 0.7767203, 0.72542787, 0.8844299, 0.74058014, 0.7241254, 0.8301945, 0.87989676, 0.6932055, 0.6341561, 0.89605284, 0.7757869, 0.7870017, 0.67891043, 0.70077336, 1.0090129, 0.7801648, 0.8749387, 0.82678294, 0.7531761, 0.86815554, 0.81229925, 0.7109828, 0.9768781, 0.7343122, 0.7096493, 0.70301664, 0.6450553, 0.8183725, 0.7305325, 0.6971868, 0.86072975, 0.7401489, 0.776191, 0.7213329, 1.0295748, 0.8414226, 0.717624, 0.7285107, 0.8267103, 0.77362716, 0.77556026, 0.7993214, 0.9993695, 0.70811784], 0.6: [2.7013192, 2.6900842, 2.6941848, 2.6695642, 2.5240252, 2.5609424, 2.4467797, 2.2305453, 2.0903792, 2.0658052, 1.8709381, 2.0750742, 1.6488807, 1.7733073, 1.7369678, 1.7593338, 1.6150168, 1.7907168, 1.5427845, 1.7219279, 1.704775, 1.6253663, 1.5646875, 1.8334539, 1.4712377, 1.6838168, 1.5201231, 1.4342731, 1.55167, 1.6662532, 1.6154373, 1.7298623, 1.6939019, 1.8075535, 1.4264009, 1.8172555, 1.7074194, 1.4061174, 1.5779908, 1.6843394, 1.5503252, 1.4729595, 1.6601214, 1.6122582, 1.5473127, 1.6283269, 1.5472862, 1.552336, 1.4378257, 1.4694767, 1.4153733, 1.3518482, 1.2809544, 1.4377766, 1.6548355, 1.4529405, 1.8836379, 1.5502821, 1.5481465, 1.6782048, 1.5004878, 1.6296678, 1.6948004, 1.5617932, 1.6289017, 1.5745839, 1.4493955, 1.6673468, 1.608598, 1.4105622, 1.4178817, 1.3944345, 1.5592854, 1.4114143, 1.5100725, 1.3961343, 1.4837841, 1.7440214, 1.629421, 1.8114595, 1.5387177, 1.5344822, 1.5685778, 1.436039, 1.3420007, 1.5085437, 1.5166429, 1.5775678, 1.4588499, 1.2759329, 1.6190245, 1.6584673, 1.5583329, 1.7370439, 1.5302073, 1.5662799, 1.4843452, 1.5582031, 1.5787519, 1.6113813]}
{0.0: [0.1, 0.29142857, 0.56857145, 0.7, 0.8214286, 0.81857145, 0.81714284, 0.8357143, 0.84, 0.85, 0.86, 0.84, 0.86142856, 0.85714287, 0.8542857, 0.79714286, 0.87142855, 0.85571426, 0.85714287, 0.8542857, 0.8657143, 0.8657143, 0.86285716, 0.86285716, 0.86285716, 0.86285716, 0.8657143, 0.86714286, 0.86714286, 0.86714286, 0.8657143, 0.8642857, 0.86285716, 0.86285716, 0.86285716, 0.86285716, 0.86285716, 0.86285716, 0.86142856, 0.86142856, 0.86142856, 0.86142856, 0.86142856, 0.86142856, 0.86, 0.86, 0.86, 0.86, 0.86, 0.86, 0.86, 0.86, 0.86, 0.86, 0.86, 0.86, 0.86142856, 0.86142856, 0.86142856, 0.86142856, 0.86142856, 0.86142856, 0.86142856, 0.86142856, 0.86142856, 0.86142856, 0.86142856, 0.86142856, 0.86142856, 0.86142856, 0.86142856, 0.86142856, 0.86, 0.86, 0.8585714, 0.86, 0.86142856, 0.86142856, 0.86142856, 0.86142856, 0.86142856, 0.86142856, 0.86142856, 0.86142856, 0.86142856, 0.86142856, 0.86142856, 0.86142856, 0.86142856, 0.86142856, 0.86142856, 0.86142856, 0.86142856, 0.86285716, 0.86285716, 0.86285716, 0.86285716, 0.86142856, 0.86142856, 0.86142856], 0.2: [0.071428575, 0.12714286, 0.17571428, 0.55, 0.6942857, 0.7, 0.72571427, 0.73571426, 0.6628571, 0.7542857, 0.7557143, 0.74857146, 0.75, 0.76857144, 0.73, 0.78, 0.76, 0.7714286, 0.79285717, 0.7614286, 0.63714284, 0.7128571, 0.77, 0.7557143, 0.7714286, 0.76714283, 0.76, 0.77, 0.7871429, 0.7614286, 0.77, 0.76285714, 0.73285717, 0.75285715, 0.7757143, 0.76714283, 0.7785714, 0.7657143, 0.7657143, 0.7885714, 0.72571427, 0.76428574, 0.41285715, 0.73714286, 0.7771429, 0.7785714, 0.78571427, 0.79142857, 0.80285716, 0.8, 0.7985714, 0.79285717, 0.79571426, 0.79285717, 0.7757143, 0.7871429, 0.77428573, 0.7885714, 0.7885714, 0.79142857, 0.7757143, 0.79285717, 0.7785714, 0.79714286, 0.7842857, 0.7814286, 0.75857145, 0.78, 0.7871429, 0.7542857, 0.7885714, 0.77, 0.7757143, 0.7757143, 0.7714286, 0.7385714, 0.6357143, 0.73, 0.76, 0.7728571, 0.7714286, 0.7814286, 0.7828571, 0.7714286, 0.7871429, 0.7785714, 0.7771429, 0.7785714, 0.79285717, 0.7757143, 0.79714286, 0.78571427, 0.78571427, 0.7785714, 0.7757143, 0.7828571, 0.78, 0.79285717, 0.7714286, 0.73714286], 0.8: [0.071428575, 0.071428575, 0.07285714, 0.07285714, 0.071428575, 0.071428575, 0.07285714, 0.068571426, 0.07285714, 0.07285714, 0.071428575, 0.06714286, 0.071428575, 0.071428575, 0.071428575, 0.068571426, 0.071428575, 0.08, 0.06714286, 0.07714286, 0.07714286, 0.07714286, 0.07571428, 0.07714286, 0.08285714, 0.087142855, 0.111428574, 0.117142856, 0.13285714, 0.17857143, 0.16714285, 0.20857143, 0.20714286, 0.22142857, 0.20285714, 0.19285715, 0.23285714, 0.23, 0.22285715, 0.22571428, 0.25285715, 0.26285714, 0.22285715, 0.26142856, 0.27285713, 0.21571429, 0.29714286, 0.26142856, 0.2857143, 0.3042857, 0.26285714, 0.28, 0.33, 0.3014286, 0.30285713, 0.33285713, 0.29, 0.31714284, 0.32428572, 0.33, 0.3342857, 0.34714285, 0.32857144, 0.30714285, 0.35285714, 0.35285714, 0.33714285, 0.35285714, 0.34571427, 0.37285715, 0.39285713, 0.38, 0.34285715, 0.38, 0.37142858, 0.35428572, 0.3642857, 0.41, 0.37142858, 0.39285713, 0.3857143, 0.36, 0.3942857, 0.4, 0.37857142, 0.37571427, 0.39857143, 0.37714285, 0.40571427, 0.40285715, 0.41142857, 0.42285714, 0.38857144, 0.39857143, 0.3642857, 0.3857143, 0.34857142, 0.3642857, 0.38142857, 0.39142856], 1.0: [0.0, 0.0, 0.0, 0.0, 0.0, 0.0, 0.0, 0.0, 0.0, 0.0, 0.0, 0.0, 0.0, 0.0, 0.0, 0.0, 0.0, 0.0, 0.0, 0.0, 0.0, 0.0, 0.0, 0.0, 0.0, 0.0, 0.0, 0.0, 0.0, 0.0, 0.0, 0.0, 0.0, 0.0, 0.0, 0.0, 0.0, 0.0, 0.0, 0.0, 0.0, 0.0, 0.0, 0.0, 0.0, 0.0, 0.0, 0.0, 0.0, 0.0, 0.0, 0.0, 0.0, 0.0, 0.0, 0.0, 0.0, 0.0, 0.0, 0.0, 0.0, 0.0, 0.0, 0.0, 0.0, 0.0, 0.0, 0.0, 0.0, 0.0, 0.0, 0.0, 0.0, 0.0, 0.0, 0.0, 0.0, 0.0, 0.0, 0.0, 0.0, 0.0, 0.0, 0.0, 0.0, 0.0, 0.0, 0.0, 0.0, 0.0, 0.0, 0.0, 0.0, 0.0, 0.0, 0.0, 0.0, 0.0, 0.0, 0.0], 0.4: [0.071428575, 0.1, 0.30714285, 0.51857144, 0.6742857, 0.7757143, 0.85714287, 0.8857143, 0.89, 0.9057143, 0.92285717, 0.92285717, 0.9185714, 0.93, 0.92285717, 0.9085714, 0.9128571, 0.9085714, 0.9128571, 0.91571426, 0.92285717, 0.92, 0.92, 0.92714286, 0.9185714, 0.9342857, 0.92714286, 0.9285714, 0.92142856, 0.91571426, 0.91714287, 0.9185714, 0.9142857, 0.92, 0.9242857, 0.9257143, 0.9257143, 0.92, 0.91714287, 0.9285714, 0.9257143, 0.94, 0.92714286, 0.92285717, 0.92714286, 0.9257143, 0.9357143, 0.93285716, 0.9285714, 0.91714287, 0.9142857, 0.92, 0.9185714, 0.9185714, 0.92142856, 0.91714287, 0.92, 0.9257143, 0.93, 0.9285714, 0.93142855, 0.92714286, 0.94142854, 0.93142855, 0.93, 0.9457143, 0.94, 0.93857145, 0.9242857, 0.93, 0.92, 0.9257143, 0.9242857, 0.92, 0.91714287, 0.92142856, 0.93, 0.9185714, 0.9085714, 0.9242857, 0.9342857, 0.9257143, 0.9357143, 0.93, 0.9257143, 0.93285716, 0.9342857, 0.9342857, 0.93714285, 0.91714287, 0.9142857, 0.91714287, 0.91714287, 0.92142856, 0.9285714, 0.93142855, 0.93, 0.9285714, 0.92714286, 0.93857145], 0.6: [0.071428575, 0.071428575, 0.071428575, 0.07, 0.17571428, 0.24142857, 0.34571427, 0.43857142, 0.6028572, 0.67285717, 0.81142855, 0.85, 0.82285714, 0.8642857, 0.9014286, 0.85571426, 0.89857143, 0.9057143, 0.92, 0.87142855, 0.91571426, 0.92, 0.91571426, 0.92, 0.9014286, 0.9242857, 0.92, 0.9257143, 0.91714287, 0.9142857, 0.92285717, 0.9357143, 0.93142855, 0.92, 0.9257143, 0.9257143, 0.91714287, 0.9085714, 0.92285717, 0.9128571, 0.92714286, 0.93, 0.9285714, 0.9128571, 0.9142857, 0.9128571, 0.9242857, 0.91, 0.9114286, 0.91571426, 0.9257143, 0.9285714, 0.9242857, 0.92714286, 0.92714286, 0.92, 0.8371429, 0.92142856, 0.9242857, 0.91, 0.9285714, 0.93142855, 0.9285714, 0.93285716, 0.9285714, 0.9257143, 0.92285717, 0.93, 0.9285714, 0.9285714, 0.93142855, 0.93714285, 0.93714285, 0.9342857, 0.9342857, 0.93142855, 0.93142855, 0.9257143, 0.92714286, 0.92142856, 0.92285717, 0.88857144, 0.9071429, 0.9185714, 0.9128571, 0.92, 0.9071429, 0.9257143, 0.9128571, 0.9128571, 0.9242857, 0.9, 0.9057143, 0.9028571, 0.9028571, 0.88714284, 0.9042857, 0.9057143, 0.9071429, 0.9071429]}
