2018-11-11 15:47:26.541182: I tensorflow/core/platform/cpu_feature_guard.cc:140] Your CPU supports instructions that this TensorFlow binary was not compiled to use: AVX2 FMA
2018-11-11 15:47:28.734712: I tensorflow/core/common_runtime/gpu/gpu_device.cc:1356] Found device 0 with properties: 
name: Tesla P100-PCIE-16GB major: 6 minor: 0 memoryClockRate(GHz): 1.3285
pciBusID: 0000:81:00.0
totalMemory: 15.90GiB freeMemory: 15.61GiB
2018-11-11 15:47:28.734778: I tensorflow/core/common_runtime/gpu/gpu_device.cc:1435] Adding visible gpu devices: 0
2018-11-11 15:47:29.108854: I tensorflow/core/common_runtime/gpu/gpu_device.cc:923] Device interconnect StreamExecutor with strength 1 edge matrix:
2018-11-11 15:47:29.108908: I tensorflow/core/common_runtime/gpu/gpu_device.cc:929]      0 
2018-11-11 15:47:29.108917: I tensorflow/core/common_runtime/gpu/gpu_device.cc:942] 0:   N 
2018-11-11 15:47:29.109332: I tensorflow/core/common_runtime/gpu/gpu_device.cc:1053] Created TensorFlow device (/job:localhost/replica:0/task:0/device:GPU:0 with 15135 MB memory) -> physical GPU (device: 0, name: Tesla P100-PCIE-16GB, pci bus id: 0000:81:00.0, compute capability: 6.0)
2018-11-11 15:54:40.508513: I tensorflow/core/common_runtime/gpu/gpu_device.cc:1435] Adding visible gpu devices: 0
2018-11-11 15:54:40.508580: I tensorflow/core/common_runtime/gpu/gpu_device.cc:923] Device interconnect StreamExecutor with strength 1 edge matrix:
2018-11-11 15:54:40.508588: I tensorflow/core/common_runtime/gpu/gpu_device.cc:929]      0 
2018-11-11 15:54:40.508593: I tensorflow/core/common_runtime/gpu/gpu_device.cc:942] 0:   N 
2018-11-11 15:54:40.508762: I tensorflow/core/common_runtime/gpu/gpu_device.cc:1053] Created TensorFlow device (/job:localhost/replica:0/task:0/device:GPU:0 with 15135 MB memory) -> physical GPU (device: 0, name: Tesla P100-PCIE-16GB, pci bus id: 0000:81:00.0, compute capability: 6.0)
2018-11-11 15:56:03.215652: I tensorflow/core/common_runtime/gpu/gpu_device.cc:1435] Adding visible gpu devices: 0
2018-11-11 15:56:03.215715: I tensorflow/core/common_runtime/gpu/gpu_device.cc:923] Device interconnect StreamExecutor with strength 1 edge matrix:
2018-11-11 15:56:03.215723: I tensorflow/core/common_runtime/gpu/gpu_device.cc:929]      0 
2018-11-11 15:56:03.215728: I tensorflow/core/common_runtime/gpu/gpu_device.cc:942] 0:   N 
2018-11-11 15:56:03.215891: I tensorflow/core/common_runtime/gpu/gpu_device.cc:1053] Created TensorFlow device (/job:localhost/replica:0/task:0/device:GPU:0 with 15135 MB memory) -> physical GPU (device: 0, name: Tesla P100-PCIE-16GB, pci bus id: 0000:81:00.0, compute capability: 6.0)
2018-11-11 15:59:50.617179: I tensorflow/core/common_runtime/gpu/gpu_device.cc:1435] Adding visible gpu devices: 0
2018-11-11 15:59:50.617251: I tensorflow/core/common_runtime/gpu/gpu_device.cc:923] Device interconnect StreamExecutor with strength 1 edge matrix:
2018-11-11 15:59:50.617260: I tensorflow/core/common_runtime/gpu/gpu_device.cc:929]      0 
2018-11-11 15:59:50.617265: I tensorflow/core/common_runtime/gpu/gpu_device.cc:942] 0:   N 
2018-11-11 15:59:50.617426: I tensorflow/core/common_runtime/gpu/gpu_device.cc:1053] Created TensorFlow device (/job:localhost/replica:0/task:0/device:GPU:0 with 15135 MB memory) -> physical GPU (device: 0, name: Tesla P100-PCIE-16GB, pci bus id: 0000:81:00.0, compute capability: 6.0)
2018-11-11 16:03:44.054389: I tensorflow/core/common_runtime/gpu/gpu_device.cc:1435] Adding visible gpu devices: 0
2018-11-11 16:03:44.054455: I tensorflow/core/common_runtime/gpu/gpu_device.cc:923] Device interconnect StreamExecutor with strength 1 edge matrix:
2018-11-11 16:03:44.054463: I tensorflow/core/common_runtime/gpu/gpu_device.cc:929]      0 
2018-11-11 16:03:44.054468: I tensorflow/core/common_runtime/gpu/gpu_device.cc:942] 0:   N 
2018-11-11 16:03:44.054618: I tensorflow/core/common_runtime/gpu/gpu_device.cc:1053] Created TensorFlow device (/job:localhost/replica:0/task:0/device:GPU:0 with 15135 MB memory) -> physical GPU (device: 0, name: Tesla P100-PCIE-16GB, pci bus id: 0000:81:00.0, compute capability: 6.0)
/usr/lib/python3.5/importlib/_bootstrap.py:222: RuntimeWarning: numpy.dtype size changed, may indicate binary incompatibility. Expected 96, got 88
  return f(*args, **kwds)
/usr/lib/python3.5/importlib/_bootstrap.py:222: RuntimeWarning: numpy.dtype size changed, may indicate binary incompatibility. Expected 96, got 88
  return f(*args, **kwds)
/usr/lib/python3.5/importlib/_bootstrap.py:222: RuntimeWarning: numpy.dtype size changed, may indicate binary incompatibility. Expected 96, got 88
  return f(*args, **kwds)
/usr/lib/python3.5/importlib/_bootstrap.py:222: RuntimeWarning: numpy.dtype size changed, may indicate binary incompatibility. Expected 96, got 88
  return f(*args, **kwds)
/usr/lib/python3.5/importlib/_bootstrap.py:222: RuntimeWarning: numpy.dtype size changed, may indicate binary incompatibility. Expected 96, got 88
  return f(*args, **kwds)
/usr/lib/python3.5/importlib/_bootstrap.py:222: RuntimeWarning: numpy.dtype size changed, may indicate binary incompatibility. Expected 96, got 88
  return f(*args, **kwds)
/usr/lib/python3.5/importlib/_bootstrap.py:222: RuntimeWarning: numpy.dtype size changed, may indicate binary incompatibility. Expected 96, got 88
  return f(*args, **kwds)
twolayer_model
epoch: 0, entropy: 2.64813 accuracy: 0.071428575
epoch: 10, entropy: 1.26765 accuracy: 0.4642857
epoch: 20, entropy: 0.972684 accuracy: 0.51714283
epoch: 30, entropy: 0.99464 accuracy: 0.5285714
epoch: 40, entropy: 0.900899 accuracy: 0.51
epoch: 50, entropy: 0.594583 accuracy: 0.52428573
epoch: 60, entropy: 0.640888 accuracy: 0.5057143
epoch: 70, entropy: 0.601818 accuracy: 0.50285715
epoch: 80, entropy: 0.478501 accuracy: 0.4942857
epoch: 90, entropy: 0.502885 accuracy: 0.5
vanilla_model
epoch: 0, entropy: 2.66658 accuracy: 0.071428575
epoch: 10, entropy: 2.6495 accuracy: 0.071428575
epoch: 20, entropy: 2.66578 accuracy: 0.074285716
epoch: 30, entropy: 2.65542 accuracy: 0.09428571
epoch: 40, entropy: 2.69939 accuracy: 0.07285714
epoch: 50, entropy: 2.60698 accuracy: 0.08142857
epoch: 60, entropy: 2.61773 accuracy: 0.092857145
epoch: 70, entropy: 2.62308 accuracy: 0.09857143
epoch: 80, entropy: 2.6153 accuracy: 0.087142855
epoch: 90, entropy: 2.57487 accuracy: 0.07285714
lstm_model
epoch: 0, entropy: 2.64118 accuracy: 0.071428575
epoch: 10, entropy: 2.64129 accuracy: 0.071428575
epoch: 20, entropy: 2.64736 accuracy: 0.071428575
epoch: 30, entropy: 2.64182 accuracy: 0.071428575
epoch: 40, entropy: 2.64112 accuracy: 0.071428575
epoch: 50, entropy: 2.64122 accuracy: 0.071428575
epoch: 60, entropy: 2.64371 accuracy: 0.071428575
epoch: 70, entropy: 2.64323 accuracy: 0.071428575
epoch: 80, entropy: 2.64295 accuracy: 0.071428575
epoch: 90, entropy: 2.64019 accuracy: 0.071428575
gru_model
epoch: 0, entropy: 2.65492 accuracy: 0.071428575
epoch: 10, entropy: 1.22731 accuracy: 0.47857141
epoch: 20, entropy: 1.18888 accuracy: 0.4757143
epoch: 30, entropy: 0.846533 accuracy: 0.49714285
epoch: 40, entropy: 0.731771 accuracy: 0.47857141
epoch: 50, entropy: 0.733116 accuracy: 0.47857141
epoch: 60, entropy: 0.671838 accuracy: 0.47142857
epoch: 70, entropy: 0.704003 accuracy: 0.49285713
epoch: 80, entropy: 0.689134 accuracy: 0.47714287
epoch: 90, entropy: 0.687406 accuracy: 0.47428572
grad_clipping With GRU
epoch: 0, entropy: 2.67638 accuracy: 0.071428575
epoch: 10, entropy: 2.2682 accuracy: 0.16285715
epoch: 20, entropy: 2.2056 accuracy: 0.2557143
epoch: 30, entropy: 2.05565 accuracy: 0.25142857
epoch: 40, entropy: 2.03231 accuracy: 0.30571428
epoch: 50, entropy: 1.95611 accuracy: 0.3157143
epoch: 60, entropy: 1.77509 accuracy: 0.34285715
epoch: 70, entropy: 1.68767 accuracy: 0.34571427
epoch: 80, entropy: 1.70088 accuracy: 0.3642857
epoch: 90, entropy: 1.66388 accuracy: 0.37857142
{'lstm_model': [2.641179, 2.6361847, 2.6502883, 2.6388612, 2.6506567, 2.649897, 2.6406846, 2.64293, 2.6339903, 2.644443, 2.6412907, 2.6462529, 2.6443295, 2.6440368, 2.63723, 2.6423516, 2.6361518, 2.638172, 2.6399207, 2.640775, 2.6473603, 2.6447153, 2.6412416, 2.6409674, 2.6413555, 2.6437035, 2.6405663, 2.6439943, 2.6415467, 2.6383066, 2.6418211, 2.6358495, 2.6437883, 2.6407013, 2.6439078, 2.6408076, 2.6411753, 2.642444, 2.6455827, 2.6369913, 2.641118, 2.6445706, 2.6394677, 2.6425488, 2.6445696, 2.6423416, 2.6457238, 2.6419625, 2.640291, 2.6418493, 2.6412182, 2.640013, 2.640697, 2.6441877, 2.6425483, 2.6420228, 2.6396427, 2.6441362, 2.6438851, 2.6424708, 2.6437123, 2.6407185, 2.640871, 2.640976, 2.643541, 2.6389718, 2.639657, 2.6426668, 2.6436806, 2.6386838, 2.6432345, 2.6384847, 2.6403396, 2.6426115, 2.645026, 2.6421313, 2.63943, 2.641694, 2.638812, 2.641119, 2.6429458, 2.6436152, 2.6442258, 2.642155, 2.6432865, 2.6407006, 2.641765, 2.6400847, 2.640642, 2.6437137, 2.640191, 2.6431656, 2.6413145, 2.6439862, 2.6422315, 2.6396728, 2.6422691, 2.641447, 2.639985, 2.6423242], 'twolayer_model': [2.648134, 2.480751, 2.3051968, 1.9517143, 1.9212348, 1.7299633, 1.6539783, 1.4700477, 1.577245, 1.5238302, 1.2676529, 1.4318126, 1.246896, 1.2095697, 1.1318324, 1.2053659, 1.1056924, 1.1818709, 1.0074532, 1.3088479, 0.9726843, 1.149942, 0.94181955, 0.9730264, 0.9101024, 0.91429985, 0.8852989, 0.94836915, 0.88327056, 0.81988657, 0.99463964, 0.9763636, 0.74215215, 0.8677908, 0.77768683, 0.8368271, 0.7074871, 0.8079723, 0.7788452, 0.9070035, 0.90089875, 0.79635084, 0.78884035, 0.59544855, 0.8022834, 0.77496946, 0.87877095, 0.6691669, 0.52179843, 0.5572076, 0.59458256, 0.66005844, 0.73172075, 0.6673559, 0.6605288, 0.6765585, 0.6541638, 0.57460284, 0.6065479, 0.477372, 0.64088756, 0.7263379, 0.7237294, 0.60134614, 0.7303382, 0.624437, 0.61759114, 0.39000043, 0.36997017, 0.48281646, 0.60181844, 0.7680794, 0.9827206, 0.6605911, 0.5782072, 0.49167228, 0.7255773, 0.4829507, 0.5489256, 0.49604404, 0.47850072, 0.46280247, 0.7268832, 0.6334958, 0.62363726, 0.50201535, 0.48855364, 0.42143425, 0.33961034, 0.36605078, 0.50288516, 0.63817483, 0.4917854, 0.50052464, 0.62286353, 0.5482156, 0.46542463, 0.45372754, 0.3725737, 0.5861469], 'gru_model': [2.654915, 2.6285768, 2.242355, 1.8768821, 1.6746857, 1.735567, 1.6144544, 1.5523556, 1.6239569, 1.2560031, 1.227313, 1.3388383, 1.2498192, 1.2972908, 1.3036611, 1.0487229, 1.1930571, 1.1463352, 1.0815258, 1.0884135, 1.1888834, 1.1573416, 1.0516367, 1.11699, 1.0164626, 0.85989994, 0.9966911, 0.9837083, 1.1374439, 1.0151404, 0.8465327, 1.0852714, 0.9925189, 0.91944146, 0.8806727, 0.9209204, 0.84969944, 0.789998, 0.6355915, 0.9286823, 0.73177105, 0.81346464, 0.7411995, 0.816445, 0.87906003, 0.89121544, 0.8883958, 0.67110825, 0.6793341, 0.7784943, 0.7331157, 0.74037945, 0.93202263, 0.7313069, 0.7312298, 0.7841428, 0.74530643, 0.67424047, 0.8227997, 0.7021514, 0.6718381, 0.68184733, 0.5968996, 0.7419925, 0.7980108, 0.8072206, 0.8554157, 0.7366667, 0.79105884, 0.55644053, 0.7040031, 0.61507076, 0.6196625, 0.5273202, 0.7246892, 0.72237086, 0.6617473, 0.61399406, 0.61661047, 0.7947577, 0.68913376, 0.6672456, 0.56223285, 0.7092925, 0.8857452, 0.74048615, 0.5040746, 0.6805061, 0.69173545, 0.750762, 0.68740594, 0.65093124, 0.6710052, 0.57148856, 0.6573621, 0.58617485, 0.6235234, 0.72405225, 0.57332325, 0.78067654], 'grad_clipping With GRU': [2.6763823, 2.6624298, 2.6520095, 2.6422033, 2.6394258, 2.6377969, 2.6296701, 2.5572195, 2.37838, 2.3576932, 2.268198, 2.2932756, 2.216978, 2.1731424, 2.1188047, 2.1374364, 2.1078796, 2.1756053, 2.2906184, 2.100534, 2.2056038, 2.150434, 2.0320616, 2.289332, 2.0583808, 2.0002747, 1.9713628, 1.9628959, 2.020769, 2.129796, 2.055646, 2.0192952, 1.8920825, 1.9763744, 2.005313, 1.8726661, 1.8979044, 1.9115987, 1.9630833, 1.8633637, 2.0323098, 1.926249, 1.9607574, 1.8698716, 1.7184997, 1.8920299, 1.7775763, 1.9829429, 1.6176264, 1.7671287, 1.9561129, 1.8572955, 1.7085764, 1.9261522, 1.8426503, 1.8099134, 1.6235659, 1.789915, 1.7890093, 1.7681898, 1.7750895, 1.8130987, 1.7128043, 1.6565821, 1.7282847, 1.9155369, 1.5404503, 1.7913874, 1.7493379, 1.6423216, 1.6876699, 1.6271949, 1.7412012, 1.8996687, 1.6184778, 1.8390247, 1.726409, 1.505293, 1.834411, 1.8088294, 1.7008765, 1.7306308, 1.5904696, 1.8858979, 1.7568473, 1.7203287, 1.591547, 1.7158982, 1.5987068, 1.5837214, 1.6638829, 1.66622, 1.673182, 1.4977642, 1.8137751, 1.656953, 1.6346483, 1.5005333, 1.6660793, 1.9036463], 'vanilla_model': [2.666576, 2.6746402, 2.649337, 2.623145, 2.6339355, 2.6433015, 2.6413515, 2.6421003, 2.6421824, 2.646751, 2.6494973, 2.6716723, 2.6768916, 2.6315155, 2.6740515, 2.6390982, 2.635701, 2.6441846, 2.6317778, 2.6418521, 2.665777, 2.6631784, 2.6861963, 2.6566103, 2.6523566, 2.6277575, 2.67102, 2.6553636, 2.6489935, 2.6200006, 2.655424, 2.6205926, 2.6069078, 2.6689944, 2.6539998, 2.6345434, 2.6198044, 2.661315, 2.6548324, 2.6727202, 2.699391, 2.6758647, 2.615774, 2.58428, 2.692301, 2.6448567, 2.6440187, 2.6207495, 2.6548073, 2.641323, 2.6069803, 2.5873222, 2.6127443, 2.6036663, 2.6283484, 2.6658275, 2.6300628, 2.6364899, 2.6248906, 2.6203997, 2.6177275, 2.6177793, 2.622177, 2.6171424, 2.7920737, 2.6680157, 2.6461935, 2.6122959, 2.6085517, 2.6159482, 2.6230776, 2.6335833, 2.6237154, 2.632353, 2.6333888, 2.6763167, 2.587725, 2.6414466, 2.6388783, 2.6085975, 2.615296, 2.5733016, 2.6045218, 2.5982466, 2.6112843, 2.5554478, 2.6170564, 2.6863723, 2.6085625, 2.605904, 2.5748703, 2.6070175, 2.6423454, 2.648584, 2.6178226, 2.6179285, 2.6129847, 2.641504, 2.6511972, 2.6467142]}
{'lstm_model': [0.071428575, 0.071428575, 0.071428575, 0.071428575, 0.071428575, 0.071428575, 0.071428575, 0.071428575, 0.071428575, 0.071428575, 0.071428575, 0.071428575, 0.071428575, 0.071428575, 0.071428575, 0.071428575, 0.071428575, 0.071428575, 0.071428575, 0.071428575, 0.071428575, 0.071428575, 0.071428575, 0.071428575, 0.071428575, 0.071428575, 0.071428575, 0.071428575, 0.071428575, 0.071428575, 0.071428575, 0.071428575, 0.071428575, 0.071428575, 0.071428575, 0.071428575, 0.071428575, 0.071428575, 0.071428575, 0.071428575, 0.071428575, 0.071428575, 0.071428575, 0.071428575, 0.071428575, 0.071428575, 0.071428575, 0.071428575, 0.071428575, 0.071428575, 0.071428575, 0.071428575, 0.071428575, 0.071428575, 0.071428575, 0.071428575, 0.071428575, 0.071428575, 0.071428575, 0.071428575, 0.071428575, 0.071428575, 0.071428575, 0.071428575, 0.071428575, 0.071428575, 0.071428575, 0.071428575, 0.071428575, 0.071428575, 0.071428575, 0.071428575, 0.071428575, 0.071428575, 0.071428575, 0.071428575, 0.071428575, 0.071428575, 0.071428575, 0.071428575, 0.071428575, 0.071428575, 0.071428575, 0.071428575, 0.071428575, 0.071428575, 0.071428575, 0.071428575, 0.071428575, 0.071428575, 0.071428575, 0.071428575, 0.071428575, 0.071428575, 0.071428575, 0.071428575, 0.071428575, 0.071428575, 0.071428575, 0.071428575], 'twolayer_model': [0.071428575, 0.14714286, 0.23285714, 0.28714284, 0.34285715, 0.35142857, 0.41714287, 0.4542857, 0.45285714, 0.46285716, 0.4642857, 0.48142856, 0.50142854, 0.5, 0.5042857, 0.5114286, 0.4842857, 0.5114286, 0.51, 0.5042857, 0.51714283, 0.52428573, 0.5214286, 0.5157143, 0.51714283, 0.5157143, 0.5157143, 0.5057143, 0.5271429, 0.53, 0.5285714, 0.51714283, 0.5257143, 0.5214286, 0.51857144, 0.5314286, 0.52, 0.5, 0.5285714, 0.52, 0.51, 0.50714284, 0.51428574, 0.5042857, 0.50285715, 0.51, 0.5114286, 0.5057143, 0.50857145, 0.5114286, 0.52428573, 0.5057143, 0.52, 0.51428574, 0.49714285, 0.49571428, 0.49857143, 0.51857144, 0.5257143, 0.5, 0.5057143, 0.51428574, 0.51285714, 0.50714284, 0.49285713, 0.49142858, 0.5114286, 0.51428574, 0.4942857, 0.49142858, 0.50285715, 0.50142854, 0.5042857, 0.49571428, 0.51428574, 0.50714284, 0.48857144, 0.5042857, 0.49571428, 0.48857144, 0.4942857, 0.49, 0.48285714, 0.47714287, 0.49285713, 0.5042857, 0.49857143, 0.49857143, 0.48285714, 0.49571428, 0.5, 0.4857143, 0.47285715, 0.47857141, 0.5042857, 0.49571428, 0.48, 0.48285714, 0.49142858, 0.4942857], 'gru_model': [0.071428575, 0.09857143, 0.2642857, 0.32714286, 0.37428573, 0.42142856, 0.44285715, 0.44428572, 0.47142857, 0.45714286, 0.47857141, 0.48, 0.46714285, 0.47, 0.48714286, 0.49285713, 0.49142858, 0.4842857, 0.46714285, 0.48714286, 0.4757143, 0.48714286, 0.48142856, 0.48714286, 0.5042857, 0.5042857, 0.48857144, 0.48285714, 0.49142858, 0.49714285, 0.49714285, 0.5042857, 0.4857143, 0.47714287, 0.47285715, 0.4857143, 0.47, 0.50142854, 0.48714286, 0.47857141, 0.47857141, 0.4857143, 0.48857144, 0.46142858, 0.47285715, 0.47, 0.47, 0.46714285, 0.48142856, 0.47714287, 0.47857141, 0.4642857, 0.48142856, 0.4942857, 0.48285714, 0.47714287, 0.47142857, 0.46714285, 0.46571428, 0.48142856, 0.47142857, 0.45, 0.47428572, 0.47142857, 0.46, 0.4642857, 0.45857143, 0.4642857, 0.47, 0.47428572, 0.49285713, 0.46142858, 0.4557143, 0.47142857, 0.47714287, 0.4642857, 0.46571428, 0.47, 0.4542857, 0.45714286, 0.47714287, 0.47142857, 0.46857142, 0.46142858, 0.46142858, 0.48, 0.4857143, 0.4642857, 0.46571428, 0.46285716, 0.47428572, 0.48142856, 0.47285715, 0.47857141, 0.46142858, 0.4642857, 0.47142857, 0.4557143, 0.47, 0.47857141], 'grad_clipping With GRU': [0.071428575, 0.071428575, 0.071428575, 0.071428575, 0.07714286, 0.11571429, 0.11285714, 0.11857143, 0.12142857, 0.15857142, 0.16285715, 0.18714286, 0.21142857, 0.21428572, 0.22, 0.23857144, 0.24714285, 0.25142857, 0.25142857, 0.24714285, 0.2557143, 0.25142857, 0.25428572, 0.25285715, 0.25857142, 0.26142856, 0.2657143, 0.25857142, 0.26, 0.2557143, 0.25142857, 0.26142856, 0.26142856, 0.26857144, 0.25857142, 0.26857144, 0.27714285, 0.28857142, 0.2742857, 0.28285715, 0.30571428, 0.28428572, 0.29285714, 0.31, 0.32285714, 0.32142857, 0.31714284, 0.32, 0.32428572, 0.31285715, 0.3157143, 0.32, 0.32428572, 0.33285713, 0.32, 0.32142857, 0.31714284, 0.33285713, 0.32714286, 0.32857144, 0.34285715, 0.34285715, 0.33142856, 0.34714285, 0.33571428, 0.35, 0.34428573, 0.34857142, 0.35, 0.35857144, 0.34571427, 0.34142858, 0.3557143, 0.36142856, 0.3642857, 0.35285714, 0.35285714, 0.37, 0.37428573, 0.35285714, 0.3642857, 0.35714287, 0.38285714, 0.37285715, 0.37571427, 0.37285715, 0.36285713, 0.37142858, 0.36714286, 0.38428572, 0.37857142, 0.38285714, 0.3857143, 0.37857142, 0.38142857, 0.37714285, 0.38142857, 0.40285715, 0.3942857, 0.39857143], 'vanilla_model': [0.071428575, 0.071428575, 0.071428575, 0.071428575, 0.071428575, 0.071428575, 0.071428575, 0.071428575, 0.071428575, 0.071428575, 0.071428575, 0.065714285, 0.055714287, 0.084285714, 0.06285714, 0.06, 0.08571429, 0.07857143, 0.074285716, 0.09142857, 0.074285716, 0.08, 0.09428571, 0.09, 0.07714286, 0.09142857, 0.071428575, 0.06285714, 0.09142857, 0.07571428, 0.09428571, 0.09428571, 0.09428571, 0.07714286, 0.09142857, 0.09857143, 0.08857143, 0.09714286, 0.07, 0.06428572, 0.07285714, 0.08, 0.095714286, 0.09, 0.068571426, 0.07571428, 0.07285714, 0.08285714, 0.07857143, 0.08142857, 0.08142857, 0.07714286, 0.087142855, 0.08857143, 0.09, 0.087142855, 0.084285714, 0.08857143, 0.09857143, 0.09, 0.092857145, 0.092857145, 0.08571429, 0.092857145, 0.058571428, 0.095714286, 0.08, 0.095714286, 0.09428571, 0.10142857, 0.09857143, 0.09428571, 0.09714286, 0.09714286, 0.09428571, 0.084285714, 0.09428571, 0.09428571, 0.09857143, 0.10714286, 0.087142855, 0.09428571, 0.10714286, 0.10428572, 0.09428571, 0.09, 0.10142857, 0.10714286, 0.08857143, 0.092857145, 0.07285714, 0.09428571, 0.09714286, 0.092857145, 0.08571429, 0.09428571, 0.09, 0.095714286, 0.09, 0.08571429]}
