/usr/lib/python3.5/importlib/_bootstrap.py:222: RuntimeWarning: numpy.dtype size changed, may indicate binary incompatibility. Expected 96, got 88
  return f(*args, **kwds)
/usr/lib/python3.5/importlib/_bootstrap.py:222: RuntimeWarning: numpy.dtype size changed, may indicate binary incompatibility. Expected 96, got 88
  return f(*args, **kwds)
/usr/lib/python3.5/importlib/_bootstrap.py:222: RuntimeWarning: numpy.dtype size changed, may indicate binary incompatibility. Expected 96, got 88
  return f(*args, **kwds)
/usr/lib/python3.5/importlib/_bootstrap.py:222: RuntimeWarning: numpy.dtype size changed, may indicate binary incompatibility. Expected 96, got 88
  return f(*args, **kwds)
/usr/lib/python3.5/importlib/_bootstrap.py:222: RuntimeWarning: numpy.dtype size changed, may indicate binary incompatibility. Expected 96, got 88
  return f(*args, **kwds)
/usr/lib/python3.5/importlib/_bootstrap.py:222: RuntimeWarning: numpy.dtype size changed, may indicate binary incompatibility. Expected 96, got 88
  return f(*args, **kwds)
/usr/lib/python3.5/importlib/_bootstrap.py:222: RuntimeWarning: numpy.dtype size changed, may indicate binary incompatibility. Expected 96, got 88
  return f(*args, **kwds)
WARNING:tensorflow:From b6_word.py:105: VocabularyProcessor.__init__ (from tensorflow.contrib.learn.python.learn.preprocessing.text) is deprecated and will be removed in a future version.
Instructions for updating:
Please use tensorflow/transform or tf.data.
WARNING:tensorflow:From /usr/local/lib/python3.5/dist-packages/tensorflow/contrib/learn/python/learn/preprocessing/text.py:154: CategoricalVocabulary.__init__ (from tensorflow.contrib.learn.python.learn.preprocessing.categorical_vocabulary) is deprecated and will be removed in a future version.
Instructions for updating:
Please use tensorflow/transform or tf.data.
WARNING:tensorflow:From /usr/local/lib/python3.5/dist-packages/tensorflow/contrib/learn/python/learn/preprocessing/text.py:170: tokenizer (from tensorflow.contrib.learn.python.learn.preprocessing.text) is deprecated and will be removed in a future version.
Instructions for updating:
Please use tensorflow/transform or tf.data.
2018-11-11 11:43:28.416774: I tensorflow/core/platform/cpu_feature_guard.cc:140] Your CPU supports instructions that this TensorFlow binary was not compiled to use: AVX2 FMA
2018-11-11 11:43:30.549786: I tensorflow/core/common_runtime/gpu/gpu_device.cc:1356] Found device 0 with properties: 
name: Tesla P100-PCIE-16GB major: 6 minor: 0 memoryClockRate(GHz): 1.3285
pciBusID: 0000:81:00.0
totalMemory: 15.90GiB freeMemory: 15.61GiB
2018-11-11 11:43:30.549837: I tensorflow/core/common_runtime/gpu/gpu_device.cc:1435] Adding visible gpu devices: 0
2018-11-11 11:43:30.888132: I tensorflow/core/common_runtime/gpu/gpu_device.cc:923] Device interconnect StreamExecutor with strength 1 edge matrix:
2018-11-11 11:43:30.888189: I tensorflow/core/common_runtime/gpu/gpu_device.cc:929]      0 
2018-11-11 11:43:30.888198: I tensorflow/core/common_runtime/gpu/gpu_device.cc:942] 0:   N 
2018-11-11 11:43:30.888535: I tensorflow/core/common_runtime/gpu/gpu_device.cc:1053] Created TensorFlow device (/job:localhost/replica:0/task:0/device:GPU:0 with 15135 MB memory) -> physical GPU (device: 0, name: Tesla P100-PCIE-16GB, pci bus id: 0000:81:00.0, compute capability: 6.0)
2018-11-11 11:50:32.235726: I tensorflow/core/common_runtime/gpu/gpu_device.cc:1435] Adding visible gpu devices: 0
2018-11-11 11:50:32.236831: I tensorflow/core/common_runtime/gpu/gpu_device.cc:923] Device interconnect StreamExecutor with strength 1 edge matrix:
2018-11-11 11:50:32.236867: I tensorflow/core/common_runtime/gpu/gpu_device.cc:929]      0 
2018-11-11 11:50:32.236882: I tensorflow/core/common_runtime/gpu/gpu_device.cc:942] 0:   N 
2018-11-11 11:50:32.237133: I tensorflow/core/common_runtime/gpu/gpu_device.cc:1053] Created TensorFlow device (/job:localhost/replica:0/task:0/device:GPU:0 with 15135 MB memory) -> physical GPU (device: 0, name: Tesla P100-PCIE-16GB, pci bus id: 0000:81:00.0, compute capability: 6.0)
2018-11-11 11:52:00.684797: I tensorflow/core/common_runtime/gpu/gpu_device.cc:1435] Adding visible gpu devices: 0
2018-11-11 11:52:00.685731: I tensorflow/core/common_runtime/gpu/gpu_device.cc:923] Device interconnect StreamExecutor with strength 1 edge matrix:
2018-11-11 11:52:00.685750: I tensorflow/core/common_runtime/gpu/gpu_device.cc:929]      0 
2018-11-11 11:52:00.685756: I tensorflow/core/common_runtime/gpu/gpu_device.cc:942] 0:   N 
2018-11-11 11:52:00.685986: I tensorflow/core/common_runtime/gpu/gpu_device.cc:1053] Created TensorFlow device (/job:localhost/replica:0/task:0/device:GPU:0 with 15135 MB memory) -> physical GPU (device: 0, name: Tesla P100-PCIE-16GB, pci bus id: 0000:81:00.0, compute capability: 6.0)
2018-11-11 11:55:53.578901: I tensorflow/core/common_runtime/gpu/gpu_device.cc:1435] Adding visible gpu devices: 0
2018-11-11 11:55:53.579834: I tensorflow/core/common_runtime/gpu/gpu_device.cc:923] Device interconnect StreamExecutor with strength 1 edge matrix:
2018-11-11 11:55:53.579851: I tensorflow/core/common_runtime/gpu/gpu_device.cc:929]      0 
2018-11-11 11:55:53.579857: I tensorflow/core/common_runtime/gpu/gpu_device.cc:942] 0:   N 
2018-11-11 11:55:53.580067: I tensorflow/core/common_runtime/gpu/gpu_device.cc:1053] Created TensorFlow device (/job:localhost/replica:0/task:0/device:GPU:0 with 15135 MB memory) -> physical GPU (device: 0, name: Tesla P100-PCIE-16GB, pci bus id: 0000:81:00.0, compute capability: 6.0)
2018-11-11 11:59:56.780346: I tensorflow/core/common_runtime/gpu/gpu_device.cc:1435] Adding visible gpu devices: 0
2018-11-11 11:59:56.781355: I tensorflow/core/common_runtime/gpu/gpu_device.cc:923] Device interconnect StreamExecutor with strength 1 edge matrix:
2018-11-11 11:59:56.781372: I tensorflow/core/common_runtime/gpu/gpu_device.cc:929]      0 
2018-11-11 11:59:56.781378: I tensorflow/core/common_runtime/gpu/gpu_device.cc:942] 0:   N 
2018-11-11 11:59:56.781603: I tensorflow/core/common_runtime/gpu/gpu_device.cc:1053] Created TensorFlow device (/job:localhost/replica:0/task:0/device:GPU:0 with 15135 MB memory) -> physical GPU (device: 0, name: Tesla P100-PCIE-16GB, pci bus id: 0000:81:00.0, compute capability: 6.0)
Total words: 38658
twolayer_model
epoch: 0, entropy: 2.65115 accuracy: 0.071428575
epoch: 10, entropy: 0.00737642 accuracy: 0.8857143
epoch: 20, entropy: 0.00195234 accuracy: 0.88857144
epoch: 30, entropy: 0.000915741 accuracy: 0.8857143
epoch: 40, entropy: 0.000475923 accuracy: 0.8842857
epoch: 50, entropy: 0.000283632 accuracy: 0.8814286
epoch: 60, entropy: 0.00020062 accuracy: 0.8842857
epoch: 70, entropy: 0.000140849 accuracy: 0.8842857
epoch: 80, entropy: 0.000108997 accuracy: 0.8857143
epoch: 90, entropy: 8.21171e-05 accuracy: 0.88714284
vanilla_model
epoch: 0, entropy: 2.66796 accuracy: 0.07285714
epoch: 10, entropy: 2.66181 accuracy: 0.071428575
epoch: 20, entropy: 2.62434 accuracy: 0.071428575
epoch: 30, entropy: 2.64779 accuracy: 0.087142855
epoch: 40, entropy: 2.63478 accuracy: 0.07
epoch: 50, entropy: 2.61842 accuracy: 0.06
epoch: 60, entropy: 2.67339 accuracy: 0.07571428
epoch: 70, entropy: 2.68303 accuracy: 0.07285714
epoch: 80, entropy: 2.64192 accuracy: 0.07571428
epoch: 90, entropy: 2.61447 accuracy: 0.08
lstm_model
epoch: 0, entropy: 2.64356 accuracy: 0.071428575
epoch: 10, entropy: 1.56956 accuracy: 0.32285714
epoch: 20, entropy: 0.027449 accuracy: 0.7542857
epoch: 30, entropy: 0.000441385 accuracy: 0.7814286
epoch: 40, entropy: 6.44223e-05 accuracy: 0.7757143
epoch: 50, entropy: 1.74958e-05 accuracy: 0.7714286
epoch: 60, entropy: 2.29064e-05 accuracy: 0.77
epoch: 70, entropy: 9.1005e-06 accuracy: 0.7728571
epoch: 80, entropy: 5.21436e-06 accuracy: 0.7714286
epoch: 90, entropy: 9.83096e-06 accuracy: 0.7728571
gru_model
epoch: 0, entropy: 2.10262 accuracy: 0.14285715
epoch: 10, entropy: 0.0534229 accuracy: 0.8257143
epoch: 20, entropy: 0.00349131 accuracy: 0.81285715
epoch: 30, entropy: 0.0397475 accuracy: 0.7828571
epoch: 40, entropy: 0.001451 accuracy: 0.8442857
epoch: 50, entropy: 0.000588375 accuracy: 0.8457143
epoch: 60, entropy: 0.00032755 accuracy: 0.8442857
epoch: 70, entropy: 0.000249653 accuracy: 0.8428571
epoch: 80, entropy: 0.000192628 accuracy: 0.8428571
epoch: 90, entropy: 0.000132494 accuracy: 0.84
grad_clipping With GRU
epoch: 0, entropy: 2.68843 accuracy: 0.07285714
epoch: 10, entropy: 1.44818 accuracy: 0.2642857
epoch: 20, entropy: 0.862238 accuracy: 0.40571427
epoch: 30, entropy: 0.346777 accuracy: 0.40714285
epoch: 40, entropy: 0.39036 accuracy: 0.37285715
epoch: 50, entropy: 0.087911 accuracy: 0.43142858
epoch: 60, entropy: 0.0860448 accuracy: 0.4157143
epoch: 70, entropy: 0.0908394 accuracy: 0.44142857
epoch: 80, entropy: 0.0662075 accuracy: 0.4342857
epoch: 90, entropy: 0.0406676 accuracy: 0.45
{'twolayer_model': [2.651149, 1.7680559, 1.2174925, 0.74073124, 0.3076225, 0.14980549, 0.06295885, 0.08448596, 0.028688394, 0.052364986, 0.0073764184, 0.0076940013, 0.0049925195, 0.0039660376, 0.0035588967, 0.0029478208, 0.0026221026, 0.0022748327, 0.0020389622, 0.002620554, 0.0019523362, 0.0017534336, 0.0014895705, 0.0013754005, 0.0012858491, 0.0010654558, 0.0010862007, 0.0009916432, 0.0009996188, 0.001076616, 0.0009157406, 0.00078133435, 0.0007280182, 0.00068990997, 0.0006361353, 0.0006849882, 0.003800505, 0.0026749594, 0.0007698353, 0.0009658007, 0.00047592295, 0.00051397266, 0.0008122466, 0.00045162335, 0.0003922837, 0.0003827069, 0.00035748538, 0.00033849775, 0.00031594367, 0.00030618743, 0.00028363185, 0.00028159766, 0.00025541737, 0.0002656584, 0.00025122956, 0.00023905365, 0.00022348866, 0.00023234659, 0.00020200756, 0.00021070056, 0.00020062034, 0.0003750219, 0.00018676334, 0.00018516139, 0.00017579642, 0.00016775605, 0.0001611012, 0.00016062998, 0.00014049312, 0.00014348232, 0.0001408488, 0.00014067786, 0.00013076217, 0.00013496369, 0.0001285951, 0.000117233714, 0.000114236085, 0.00011361219, 0.000115029965, 0.000107637825, 0.000108996814, 0.000100655845, 0.00012609054, 9.6475786e-05, 0.00012072685, 9.192969e-05, 9.0394926e-05, 0.0004272328, 9.006691e-05, 8.4495405e-05, 8.211707e-05, 7.842852e-05, 7.18161e-05, 7.110078e-05, 7.2313356e-05, 7.617421e-05, 6.79261e-05, 6.519674e-05, 6.249803e-05, 9.840942e-05], 'lstm_model': [2.6435604, 2.6556716, 2.6426668, 2.6423864, 2.6374063, 2.5595505, 2.3767424, 2.626448, 2.0752916, 1.6432333, 1.5695597, 1.1416495, 0.90533787, 0.3335047, 0.14343186, 0.06139383, 0.08312639, 0.020233793, 0.0041580824, 0.0014616472, 0.027449038, 0.0014268118, 0.0013360207, 0.02029989, 0.0020718067, 0.003983676, 0.0030817075, 0.001638304, 0.025134813, 0.0057122363, 0.0004413852, 0.0010676815, 0.00059738645, 0.00028186542, 0.00020634076, 0.00018738219, 0.0002013659, 8.407691e-05, 0.00010767385, 0.00015004439, 6.442228e-05, 7.305221e-05, 4.151831e-05, 5.048296e-05, 5.158015e-05, 4.1104096e-05, 9.591617e-05, 4.5176486e-05, 2.9518644e-05, 2.6924376e-05, 1.7495768e-05, 2.1154812e-05, 2.3984823e-05, 2.5609845e-05, 3.4907007e-05, 3.0074629e-05, 1.5981832e-05, 2.8364102e-05, 1.9426408e-05, 1.4656944e-05, 2.2906446e-05, 1.753492e-05, 1.3386445e-05, 4.2093634e-05, 1.3647821e-05, 1.7228429e-05, 6.882263e-06, 1.7309841e-05, 3.4042954e-05, 9.05301e-06, 9.100503e-06, 1.9730083e-05, 1.1621013e-05, 1.1194841e-05, 4.7337376e-06, 3.2912462e-06, 8.837543e-06, 6.099114e-06, 1.2228984e-05, 7.374805e-06, 5.214358e-06, 9.135443e-06, 6.084022e-06, 4.5885636e-06, 7.8561e-06, 4.243975e-06, 9.125949e-06, 4.3221335e-06, 5.3724757e-06, 1.0461028e-05, 9.830965e-06, 5.9951544e-06, 3.3471206e-06, 1.3999772e-05, 4.3398936e-06, 1.13759625e-05, 6.3526e-06, 2.7790372e-06, 4.587532e-06, 7.5976623e-06], 'vanilla_model': [2.6679597, 2.6416426, 2.6507185, 2.6439848, 2.6516283, 2.6599376, 2.6480198, 2.638568, 2.633615, 2.6661048, 2.66181, 2.644223, 2.6665423, 2.6805234, 2.6775637, 2.6546202, 2.6647785, 2.6552649, 2.6476636, 2.6505547, 2.6243424, 2.6579356, 2.6500158, 2.6540272, 2.6458197, 2.6702557, 2.6425369, 2.6336713, 2.6264381, 2.6497257, 2.647794, 2.648026, 2.6495361, 2.624397, 2.630501, 2.645386, 2.6683874, 2.6565359, 2.6767838, 2.6690068, 2.634784, 2.663084, 2.6479082, 2.669238, 2.6518111, 2.6665375, 2.638792, 2.681325, 2.6410987, 2.643111, 2.6184225, 2.6334362, 2.6564624, 2.6548438, 2.6845446, 2.6271195, 2.6364279, 2.6582792, 2.630388, 2.6744633, 2.6733878, 2.6379094, 2.6791148, 2.6588216, 2.63545, 2.6189008, 2.6466465, 2.670796, 2.6508121, 2.665996, 2.6830277, 2.6529644, 2.620389, 2.611268, 2.6483388, 2.6708922, 2.6367364, 2.6479392, 2.608766, 2.630519, 2.6419208, 2.648421, 2.6317904, 2.6281514, 2.629443, 2.6053116, 2.6795106, 2.6732144, 2.6158845, 2.6629605, 2.6144729, 2.6500711, 2.6450734, 2.6762567, 2.6606245, 2.6419513, 2.645687, 2.610907, 2.6201353, 2.6374135], 'gru_model': [2.1026158, 1.8701469, 1.2715832, 0.9012268, 0.6970458, 0.40405262, 0.7140112, 0.24906838, 0.08592026, 0.06960568, 0.053422928, 0.0151316915, 0.014430648, 0.00865474, 0.007111019, 0.006839294, 0.0050963396, 0.00486629, 0.004340826, 0.0037308745, 0.0034913088, 0.0031116765, 0.0030558652, 0.0037388173, 0.0032430766, 0.0028196545, 0.002382389, 0.0017589717, 0.0016833829, 0.011868043, 0.039747454, 0.048410095, 0.03256013, 0.0037302012, 0.0036445952, 0.0060672276, 0.029688638, 0.0025347508, 0.0019179841, 0.0015239129, 0.001450998, 0.0011459397, 0.0010437963, 0.0011389842, 0.0008271105, 0.0008609012, 0.0008107588, 0.0007023251, 0.0008272219, 0.00066135416, 0.0005883755, 0.00057498494, 0.0005473523, 0.0005899775, 0.00054754067, 0.0005283255, 0.0005242918, 0.00045224658, 0.0004239257, 0.00041717128, 0.00032755028, 0.00037579832, 0.00039613177, 0.00033521693, 0.0003714083, 0.0003098768, 0.0002753285, 0.00032483804, 0.00027177713, 0.00027755267, 0.0002496527, 0.0002858864, 0.00021815725, 0.00022892872, 0.000244142, 0.0002232365, 0.00022034865, 0.00018804759, 0.00020477732, 0.00022710879, 0.00019262824, 0.00020703909, 0.00018953372, 0.00018055108, 0.00016898313, 0.00015285551, 0.00017002257, 0.00015738067, 0.00015333018, 0.00015546905, 0.00013249432, 0.0001348044, 0.00012534218, 0.00011679152, 0.00013171442, 0.00010409867, 0.00013459267, 0.00013274084, 0.00011299627, 0.00010113122], 'grad_clipping With GRU': [2.6884327, 2.6492581, 2.6515503, 2.3460498, 2.1235611, 2.0678947, 1.980851, 1.8012218, 1.622729, 1.4765158, 1.4481847, 1.3592076, 1.2902725, 1.3303123, 1.2796422, 1.209378, 1.0940175, 1.1349082, 1.0630445, 0.9919567, 0.8622382, 0.8298634, 0.7552425, 0.71568775, 0.5925832, 0.58764803, 0.55787694, 0.51395583, 0.46943775, 0.44137186, 0.34677744, 0.29386973, 0.3061341, 0.2492803, 0.21624571, 0.22170751, 0.19475447, 0.2509013, 0.18872732, 0.14048187, 0.3903601, 0.27446732, 0.26920143, 0.21429856, 0.10747126, 0.10599606, 0.12526494, 0.15724921, 0.12894337, 0.080465645, 0.08791104, 0.07940964, 0.14826725, 0.075209945, 0.10270936, 0.07656148, 0.07211245, 0.06438541, 0.14927891, 0.07168953, 0.08604483, 0.062023688, 0.07251981, 0.15311526, 0.16241275, 0.06818336, 0.04588086, 0.17120901, 0.05175342, 0.038748395, 0.0908394, 0.16943051, 0.10318002, 0.03701973, 0.16381046, 0.043883864, 0.1339005, 0.07640294, 0.06148313, 0.030433448, 0.06620751, 0.0654483, 0.077941865, 0.061316367, 0.091547385, 0.18316919, 0.021785004, 0.032788128, 0.035439618, 0.018377598, 0.040667593, 0.017100135, 0.017231086, 0.01590098, 0.015665144, 0.016041828, 0.03202551, 0.03309417, 0.07768495, 0.015791148]}
{'twolayer_model': [0.071428575, 0.2857143, 0.64, 0.69714284, 0.8485714, 0.87285715, 0.85142857, 0.87, 0.87714285, 0.87714285, 0.8857143, 0.88, 0.8842857, 0.88714284, 0.88714284, 0.8857143, 0.89285713, 0.89, 0.8914286, 0.8957143, 0.88857144, 0.88857144, 0.8857143, 0.8742857, 0.8757143, 0.87714285, 0.88285714, 0.88, 0.8842857, 0.8857143, 0.8857143, 0.88714284, 0.8842857, 0.8842857, 0.88285714, 0.8814286, 0.8814286, 0.8814286, 0.8814286, 0.88285714, 0.8842857, 0.8842857, 0.8857143, 0.8857143, 0.8857143, 0.8857143, 0.8814286, 0.8814286, 0.8814286, 0.8814286, 0.8814286, 0.8814286, 0.8814286, 0.8814286, 0.88285714, 0.88285714, 0.88285714, 0.88285714, 0.8842857, 0.8842857, 0.8842857, 0.8842857, 0.8842857, 0.8842857, 0.8842857, 0.8842857, 0.8842857, 0.8842857, 0.8842857, 0.8842857, 0.8842857, 0.8842857, 0.8842857, 0.8842857, 0.8842857, 0.8842857, 0.8842857, 0.8857143, 0.8857143, 0.8857143, 0.8857143, 0.8857143, 0.8857143, 0.8857143, 0.8857143, 0.8857143, 0.8857143, 0.88714284, 0.88714284, 0.88714284, 0.88714284, 0.88714284, 0.88714284, 0.8857143, 0.8857143, 0.8857143, 0.8857143, 0.8857143, 0.8857143, 0.8857143], 'lstm_model': [0.071428575, 0.07, 0.071428575, 0.071428575, 0.07, 0.10428572, 0.13714285, 0.14428571, 0.21857142, 0.26285714, 0.32285714, 0.43142858, 0.50285715, 0.6557143, 0.74, 0.77, 0.75, 0.74714285, 0.74714285, 0.74714285, 0.7542857, 0.7557143, 0.76428574, 0.75, 0.7757143, 0.76714283, 0.76285714, 0.75714284, 0.7457143, 0.74857146, 0.7814286, 0.77, 0.7657143, 0.7728571, 0.7757143, 0.77, 0.7714286, 0.7714286, 0.7728571, 0.7771429, 0.7757143, 0.7757143, 0.7771429, 0.77428573, 0.7728571, 0.7728571, 0.7714286, 0.7714286, 0.7714286, 0.7714286, 0.7714286, 0.7714286, 0.7714286, 0.7714286, 0.77, 0.77, 0.76857144, 0.76857144, 0.76857144, 0.77, 0.77, 0.77, 0.77, 0.77, 0.7714286, 0.7714286, 0.7728571, 0.77428573, 0.77428573, 0.77428573, 0.7728571, 0.7714286, 0.7714286, 0.7714286, 0.77, 0.77, 0.77, 0.7714286, 0.7714286, 0.7714286, 0.7714286, 0.7714286, 0.7714286, 0.7728571, 0.7714286, 0.7714286, 0.7714286, 0.7714286, 0.7714286, 0.7728571, 0.7728571, 0.7728571, 0.7728571, 0.7728571, 0.7714286, 0.7714286, 0.7728571, 0.7728571, 0.7728571, 0.7728571], 'vanilla_model': [0.07285714, 0.071428575, 0.071428575, 0.071428575, 0.071428575, 0.061428573, 0.071428575, 0.057142857, 0.071428575, 0.07714286, 0.071428575, 0.071428575, 0.068571426, 0.08285714, 0.065714285, 0.08285714, 0.07571428, 0.087142855, 0.07857143, 0.074285716, 0.071428575, 0.07285714, 0.065714285, 0.07714286, 0.07, 0.07714286, 0.08, 0.07571428, 0.06428572, 0.074285716, 0.087142855, 0.07, 0.074285716, 0.06, 0.061428573, 0.057142857, 0.071428575, 0.071428575, 0.071428575, 0.071428575, 0.07, 0.071428575, 0.061428573, 0.071428575, 0.07714286, 0.068571426, 0.061428573, 0.07, 0.07714286, 0.071428575, 0.06, 0.07285714, 0.068571426, 0.07, 0.068571426, 0.074285716, 0.087142855, 0.06285714, 0.074285716, 0.08285714, 0.07571428, 0.074285716, 0.08571429, 0.071428575, 0.065714285, 0.071428575, 0.07, 0.06714286, 0.065714285, 0.06714286, 0.07285714, 0.087142855, 0.07285714, 0.06714286, 0.06428572, 0.07285714, 0.07, 0.065714285, 0.065714285, 0.068571426, 0.07571428, 0.07, 0.068571426, 0.074285716, 0.06714286, 0.084285714, 0.068571426, 0.068571426, 0.058571428, 0.068571426, 0.08, 0.07, 0.07285714, 0.06285714, 0.071428575, 0.06714286, 0.068571426, 0.08142857, 0.07, 0.071428575], 'gru_model': [0.14285715, 0.29142857, 0.37571427, 0.56714284, 0.68285716, 0.72571427, 0.68142855, 0.7714286, 0.79571426, 0.81, 0.8257143, 0.8214286, 0.8242857, 0.8142857, 0.8214286, 0.8214286, 0.81714284, 0.8142857, 0.80857146, 0.80857146, 0.81285715, 0.80857146, 0.81, 0.8057143, 0.80142856, 0.8, 0.80285716, 0.8042857, 0.80142856, 0.80142856, 0.7828571, 0.8528572, 0.8314286, 0.84, 0.8314286, 0.81714284, 0.84, 0.85, 0.8357143, 0.8428571, 0.8442857, 0.8442857, 0.8442857, 0.8442857, 0.8428571, 0.8428571, 0.8428571, 0.8428571, 0.8442857, 0.8442857, 0.8457143, 0.8457143, 0.8457143, 0.8457143, 0.8471429, 0.8471429, 0.8471429, 0.8471429, 0.8442857, 0.8442857, 0.8442857, 0.8442857, 0.8457143, 0.8457143, 0.8457143, 0.8457143, 0.8442857, 0.8428571, 0.8428571, 0.8428571, 0.8428571, 0.8428571, 0.8428571, 0.8428571, 0.8428571, 0.8428571, 0.8428571, 0.8428571, 0.8428571, 0.8428571, 0.8428571, 0.8414286, 0.8414286, 0.8414286, 0.8414286, 0.8414286, 0.8414286, 0.8414286, 0.84, 0.84, 0.84, 0.8414286, 0.8414286, 0.8414286, 0.84, 0.8385714, 0.8385714, 0.8385714, 0.8385714, 0.8371429], 'grad_clipping With GRU': [0.07285714, 0.07285714, 0.095714286, 0.12142857, 0.15857142, 0.15285714, 0.19571428, 0.2242857, 0.26714286, 0.2642857, 0.2642857, 0.26, 0.27285713, 0.31857142, 0.30857143, 0.32714286, 0.34285715, 0.37428573, 0.38714287, 0.40428573, 0.40571427, 0.40285715, 0.38857144, 0.38714287, 0.3857143, 0.39714286, 0.41, 0.39857143, 0.40428573, 0.41, 0.40714285, 0.40142858, 0.40285715, 0.4, 0.40428573, 0.39714286, 0.40571427, 0.39714286, 0.38714287, 0.3942857, 0.37285715, 0.39571428, 0.3942857, 0.4342857, 0.43142858, 0.43857142, 0.43142858, 0.42, 0.43, 0.41714287, 0.43142858, 0.44285715, 0.43142858, 0.43, 0.42857143, 0.43, 0.45285714, 0.4242857, 0.42714286, 0.41142857, 0.4157143, 0.41428572, 0.42714286, 0.41285715, 0.41714287, 0.4242857, 0.4242857, 0.42571428, 0.42571428, 0.43857142, 0.44142857, 0.37, 0.4242857, 0.45857143, 0.42285714, 0.44, 0.44714287, 0.42, 0.4485714, 0.4457143, 0.4342857, 0.43571427, 0.45714286, 0.4485714, 0.40857142, 0.4457143, 0.4457143, 0.44285715, 0.45, 0.4485714, 0.45, 0.45285714, 0.46142858, 0.45, 0.4542857, 0.45142856, 0.4542857, 0.46571428, 0.46142858, 0.44285715]}
